[2019-06-06 00:05:26] local.ERROR: SQLSTATE[42S02]: Base table or view not found: 1146 Table 'campus.migrations' doesn't exist (SQL: create table `migrations` (`id` int unsigned not null auto_increment primary key, `migration` varchar(191) not null, `batch` int not null) default character set utf8mb4 collate 'utf8mb4_unicode_ci') {"exception":"[object] (Illuminate\\Database\\QueryException(code: 42S02): SQLSTATE[42S02]: Base table or view not found: 1146 Table 'campus.migrations' doesn't exist (SQL: create table `migrations` (`id` int unsigned not null auto_increment primary key, `migration` varchar(191) not null, `batch` int not null) default character set utf8mb4 collate 'utf8mb4_unicode_ci') at F:\\Bitnamis\\wamps\\apache2\\htdocs\\LaravelProject\\tlccchoir\\vendor\\laravel\\framework\\src\\Illuminate\\Database\\Connection.php:664, PDOException(code: 42S02): SQLSTATE[42S02]: Base table or view not found: 1146 Table 'campus.migrations' doesn't exist at F:\\Bitnamis\\wamps\\apache2\\htdocs\\LaravelProject\\tlccchoir\\vendor\\laravel\\framework\\src\\Illuminate\\Database\\Connection.php:452)
[stacktrace]
#0 F:\\Bitnamis\\wamps\\apache2\\htdocs\\LaravelProject\\tlccchoir\\vendor\\laravel\\framework\\src\\Illuminate\\Database\\Connection.php(624): Illuminate\\Database\\Connection->runQueryCallback('create table `m...', Array, Object(Closure))
#1 F:\\Bitnamis\\wamps\\apache2\\htdocs\\LaravelProject\\tlccchoir\\vendor\\laravel\\framework\\src\\Illuminate\\Database\\Connection.php(459): Illuminate\\Database\\Connection->run('create table `m...', Array, Object(Closure))
#2 F:\\Bitnamis\\wamps\\apache2\\htdocs\\LaravelProject\\tlccchoir\\vendor\\laravel\\framework\\src\\Illuminate\\Database\\Schema\\Blueprint.php(97): Illuminate\\Database\\Connection->statement('create table `m...')
#3 F:\\Bitnamis\\wamps\\apache2\\htdocs\\LaravelProject\\tlccchoir\\vendor\\laravel\\framework\\src\\Illuminate\\Database\\Schema\\Builder.php(264): Illuminate\\Database\\Schema\\Blueprint->build(Object(Illuminate\\Database\\MySqlConnection), Object(Illuminate\\Database\\Schema\\Grammars\\MySqlGrammar))
#4 F:\\Bitnamis\\wamps\\apache2\\htdocs\\LaravelProject\\tlccchoir\\vendor\\laravel\\framework\\src\\Illuminate\\Database\\Schema\\Builder.php(165): Illuminate\\Database\\Schema\\Builder->build(Object(Illuminate\\Database\\Schema\\Blueprint))
#5 F:\\Bitnamis\\wamps\\apache2\\htdocs\\LaravelProject\\tlccchoir\\vendor\\laravel\\framework\\src\\Illuminate\\Database\\Migrations\\DatabaseMigrationRepository.php(157): Illuminate\\Database\\Schema\\Builder->create('migrations', Object(Closure))
#6 F:\\Bitnamis\\wamps\\apache2\\htdocs\\LaravelProject\\tlccchoir\\vendor\\laravel\\framework\\src\\Illuminate\\Database\\Console\\Migrations\\InstallCommand.php(54): Illuminate\\Database\\Migrations\\DatabaseMigrationRepository->createRepository()
#7 [internal function]: Illuminate\\Database\\Console\\Migrations\\InstallCommand->handle()
#8 F:\\Bitnamis\\wamps\\apache2\\htdocs\\LaravelProject\\tlccchoir\\vendor\\laravel\\framework\\src\\Illuminate\\Container\\BoundMethod.php(29): call_user_func_array(Array, Array)
#9 F:\\Bitnamis\\wamps\\apache2\\htdocs\\LaravelProject\\tlccchoir\\vendor\\laravel\\framework\\src\\Illuminate\\Container\\BoundMethod.php(87): Illuminate\\Container\\BoundMethod::Illuminate\\Container\\{closure}()
#10 F:\\Bitnamis\\wamps\\apache2\\htdocs\\LaravelProject\\tlccchoir\\vendor\\laravel\\framework\\src\\Illuminate\\Container\\BoundMethod.php(31): Illuminate\\Container\\BoundMethod::callBoundMethod(Object(Illuminate\\Foundation\\Application), Array, Object(Closure))
#11 F:\\Bitnamis\\wamps\\apache2\\htdocs\\LaravelProject\\tlccchoir\\vendor\\laravel\\framework\\src\\Illuminate\\Container\\Container.php(572): Illuminate\\Container\\BoundMethod::call(Object(Illuminate\\Foundation\\Application), Array, Array, NULL)
#12 F:\\Bitnamis\\wamps\\apache2\\htdocs\\LaravelProject\\tlccchoir\\vendor\\laravel\\framework\\src\\Illuminate\\Console\\Command.php(183): Illuminate\\Container\\Container->call(Array)
#13 F:\\Bitnamis\\wamps\\apache2\\htdocs\\LaravelProject\\tlccchoir\\vendor\\symfony\\console\\Command\\Command.php(255): Illuminate\\Console\\Command->execute(Object(Symfony\\Component\\Console\\Input\\ArrayInput), Object(Illuminate\\Console\\OutputStyle))
#14 F:\\Bitnamis\\wamps\\apache2\\htdocs\\LaravelProject\\tlccchoir\\vendor\\laravel\\framework\\src\\Illuminate\\Console\\Command.php(170): Symfony\\Component\\Console\\Command\\Command->run(Object(Symfony\\Component\\Console\\Input\\ArrayInput), Object(Illuminate\\Console\\OutputStyle))
#15 F:\\Bitnamis\\wamps\\apache2\\htdocs\\LaravelProject\\tlccchoir\\vendor\\laravel\\framework\\src\\Illuminate\\Console\\Command.php(198): Illuminate\\Console\\Command->run(Object(Symfony\\Component\\Console\\Input\\ArrayInput), Object(Illuminate\\Console\\OutputStyle))
#16 F:\\Bitnamis\\wamps\\apache2\\htdocs\\LaravelProject\\tlccchoir\\vendor\\laravel\\framework\\src\\Illuminate\\Database\\Console\\Migrations\\MigrateCommand.php(93): Illuminate\\Console\\Command->call('migrate:install', Array)
#17 F:\\Bitnamis\\wamps\\apache2\\htdocs\\LaravelProject\\tlccchoir\\vendor\\laravel\\framework\\src\\Illuminate\\Database\\Console\\Migrations\\MigrateCommand.php(63): Illuminate\\Database\\Console\\Migrations\\MigrateCommand->prepareDatabase()
#18 [internal function]: Illuminate\\Database\\Console\\Migrations\\MigrateCommand->handle()
#19 F:\\Bitnamis\\wamps\\apache2\\htdocs\\LaravelProject\\tlccchoir\\vendor\\laravel\\framework\\src\\Illuminate\\Container\\BoundMethod.php(29): call_user_func_array(Array, Array)
#20 F:\\Bitnamis\\wamps\\apache2\\htdocs\\LaravelProject\\tlccchoir\\vendor\\laravel\\framework\\src\\Illuminate\\Container\\BoundMethod.php(87): Illuminate\\Container\\BoundMethod::Illuminate\\Container\\{closure}()
#21 F:\\Bitnamis\\wamps\\apache2\\htdocs\\LaravelProject\\tlccchoir\\vendor\\laravel\\framework\\src\\Illuminate\\Container\\BoundMethod.php(31): Illuminate\\Container\\BoundMethod::callBoundMethod(Object(Illuminate\\Foundation\\Application), Array, Object(Closure))
#22 F:\\Bitnamis\\wamps\\apache2\\htdocs\\LaravelProject\\tlccchoir\\vendor\\laravel\\framework\\src\\Illuminate\\Container\\Container.php(572): Illuminate\\Container\\BoundMethod::call(Object(Illuminate\\Foundation\\Application), Array, Array, NULL)
#23 F:\\Bitnamis\\wamps\\apache2\\htdocs\\LaravelProject\\tlccchoir\\vendor\\laravel\\framework\\src\\Illuminate\\Console\\Command.php(183): Illuminate\\Container\\Container->call(Array)
#24 F:\\Bitnamis\\wamps\\apache2\\htdocs\\LaravelProject\\tlccchoir\\vendor\\symfony\\console\\Command\\Command.php(255): Illuminate\\Console\\Command->execute(Object(Symfony\\Component\\Console\\Input\\ArgvInput), Object(Illuminate\\Console\\OutputStyle))
#25 F:\\Bitnamis\\wamps\\apache2\\htdocs\\LaravelProject\\tlccchoir\\vendor\\laravel\\framework\\src\\Illuminate\\Console\\Command.php(170): Symfony\\Component\\Console\\Command\\Command->run(Object(Symfony\\Component\\Console\\Input\\ArgvInput), Object(Illuminate\\Console\\OutputStyle))
#26 F:\\Bitnamis\\wamps\\apache2\\htdocs\\LaravelProject\\tlccchoir\\vendor\\symfony\\console\\Application.php(901): Illuminate\\Console\\Command->run(Object(Symfony\\Component\\Console\\Input\\ArgvInput), Object(Symfony\\Component\\Console\\Output\\ConsoleOutput))
#27 F:\\Bitnamis\\wamps\\apache2\\htdocs\\LaravelProject\\tlccchoir\\vendor\\symfony\\console\\Application.php(262): Symfony\\Component\\Console\\Application->doRunCommand(Object(Illuminate\\Database\\Console\\Migrations\\MigrateCommand), Object(Symfony\\Component\\Console\\Input\\ArgvInput), Object(Symfony\\Component\\Console\\Output\\ConsoleOutput))
#28 F:\\Bitnamis\\wamps\\apache2\\htdocs\\LaravelProject\\tlccchoir\\vendor\\symfony\\console\\Application.php(145): Symfony\\Component\\Console\\Application->doRun(Object(Symfony\\Component\\Console\\Input\\ArgvInput), Object(Symfony\\Component\\Console\\Output\\ConsoleOutput))
#29 F:\\Bitnamis\\wamps\\apache2\\htdocs\\LaravelProject\\tlccchoir\\vendor\\laravel\\framework\\src\\Illuminate\\Console\\Application.php(89): Symfony\\Component\\Console\\Application->run(Object(Symfony\\Component\\Console\\Input\\ArgvInput), Object(Symfony\\Component\\Console\\Output\\ConsoleOutput))
#30 F:\\Bitnamis\\wamps\\apache2\\htdocs\\LaravelProject\\tlccchoir\\vendor\\laravel\\framework\\src\\Illuminate\\Foundation\\Console\\Kernel.php(122): Illuminate\\Console\\Application->run(Object(Symfony\\Component\\Console\\Input\\ArgvInput), Object(Symfony\\Component\\Console\\Output\\ConsoleOutput))
#31 F:\\Bitnamis\\wamps\\apache2\\htdocs\\LaravelProject\\tlccchoir\\artisan(37): Illuminate\\Foundation\\Console\\Kernel->handle(Object(Symfony\\Component\\Console\\Input\\ArgvInput), Object(Symfony\\Component\\Console\\Output\\ConsoleOutput))
#32 {main}
"} 
[2019-06-06 00:20:15] local.ERROR: SQLSTATE[HY000]: General error: 1215 Cannot add foreign key constraint (SQL: alter table `podcasts` add constraint `podcasts_user_id_foreign` foreign key (`user_id`) references `users` (`id`) on delete cascade) {"exception":"[object] (Illuminate\\Database\\QueryException(code: HY000): SQLSTATE[HY000]: General error: 1215 Cannot add foreign key constraint (SQL: alter table `podcasts` add constraint `podcasts_user_id_foreign` foreign key (`user_id`) references `users` (`id`) on delete cascade) at F:\\Bitnamis\\wamps\\apache2\\htdocs\\LaravelProject\\tlccchoir\\vendor\\laravel\\framework\\src\\Illuminate\\Database\\Connection.php:664, PDOException(code: HY000): SQLSTATE[HY000]: General error: 1215 Cannot add foreign key constraint at F:\\Bitnamis\\wamps\\apache2\\htdocs\\LaravelProject\\tlccchoir\\vendor\\laravel\\framework\\src\\Illuminate\\Database\\Connection.php:458)
[stacktrace]
#0 F:\\Bitnamis\\wamps\\apache2\\htdocs\\LaravelProject\\tlccchoir\\vendor\\laravel\\framework\\src\\Illuminate\\Database\\Connection.php(624): Illuminate\\Database\\Connection->runQueryCallback('alter table `po...', Array, Object(Closure))
#1 F:\\Bitnamis\\wamps\\apache2\\htdocs\\LaravelProject\\tlccchoir\\vendor\\laravel\\framework\\src\\Illuminate\\Database\\Connection.php(459): Illuminate\\Database\\Connection->run('alter table `po...', Array, Object(Closure))
#2 F:\\Bitnamis\\wamps\\apache2\\htdocs\\LaravelProject\\tlccchoir\\vendor\\laravel\\framework\\src\\Illuminate\\Database\\Schema\\Blueprint.php(97): Illuminate\\Database\\Connection->statement('alter table `po...')
#3 F:\\Bitnamis\\wamps\\apache2\\htdocs\\LaravelProject\\tlccchoir\\vendor\\laravel\\framework\\src\\Illuminate\\Database\\Schema\\Builder.php(264): Illuminate\\Database\\Schema\\Blueprint->build(Object(Illuminate\\Database\\MySqlConnection), Object(Illuminate\\Database\\Schema\\Grammars\\MySqlGrammar))
#4 F:\\Bitnamis\\wamps\\apache2\\htdocs\\LaravelProject\\tlccchoir\\vendor\\laravel\\framework\\src\\Illuminate\\Database\\Schema\\Builder.php(165): Illuminate\\Database\\Schema\\Builder->build(Object(Illuminate\\Database\\Schema\\Blueprint))
#5 F:\\Bitnamis\\wamps\\apache2\\htdocs\\LaravelProject\\tlccchoir\\vendor\\laravel\\framework\\src\\Illuminate\\Support\\Facades\\Facade.php(237): Illuminate\\Database\\Schema\\Builder->create('podcasts', Object(Closure))
#6 F:\\Bitnamis\\wamps\\apache2\\htdocs\\LaravelProject\\tlccchoir\\database\\migrations\\2017_01_08_055955_create_podcasts_table.php(28): Illuminate\\Support\\Facades\\Facade::__callStatic('create', Array)
#7 F:\\Bitnamis\\wamps\\apache2\\htdocs\\LaravelProject\\tlccchoir\\vendor\\laravel\\framework\\src\\Illuminate\\Database\\Migrations\\Migrator.php(360): CreatePodcastsTable->up()
#8 F:\\Bitnamis\\wamps\\apache2\\htdocs\\LaravelProject\\tlccchoir\\vendor\\laravel\\framework\\src\\Illuminate\\Database\\Migrations\\Migrator.php(367): Illuminate\\Database\\Migrations\\Migrator->Illuminate\\Database\\Migrations\\{closure}()
#9 F:\\Bitnamis\\wamps\\apache2\\htdocs\\LaravelProject\\tlccchoir\\vendor\\laravel\\framework\\src\\Illuminate\\Database\\Migrations\\Migrator.php(178): Illuminate\\Database\\Migrations\\Migrator->runMigration(Object(CreatePodcastsTable), 'up')
#10 F:\\Bitnamis\\wamps\\apache2\\htdocs\\LaravelProject\\tlccchoir\\vendor\\laravel\\framework\\src\\Illuminate\\Database\\Migrations\\Migrator.php(147): Illuminate\\Database\\Migrations\\Migrator->runUp('F:\\\\Bitnamis\\\\wam...', 1, false)
#11 F:\\Bitnamis\\wamps\\apache2\\htdocs\\LaravelProject\\tlccchoir\\vendor\\laravel\\framework\\src\\Illuminate\\Database\\Migrations\\Migrator.php(96): Illuminate\\Database\\Migrations\\Migrator->runPending(Array, Array)
#12 F:\\Bitnamis\\wamps\\apache2\\htdocs\\LaravelProject\\tlccchoir\\vendor\\laravel\\framework\\src\\Illuminate\\Database\\Console\\Migrations\\MigrateCommand.php(71): Illuminate\\Database\\Migrations\\Migrator->run(Array, Array)
#13 [internal function]: Illuminate\\Database\\Console\\Migrations\\MigrateCommand->handle()
#14 F:\\Bitnamis\\wamps\\apache2\\htdocs\\LaravelProject\\tlccchoir\\vendor\\laravel\\framework\\src\\Illuminate\\Container\\BoundMethod.php(29): call_user_func_array(Array, Array)
#15 F:\\Bitnamis\\wamps\\apache2\\htdocs\\LaravelProject\\tlccchoir\\vendor\\laravel\\framework\\src\\Illuminate\\Container\\BoundMethod.php(87): Illuminate\\Container\\BoundMethod::Illuminate\\Container\\{closure}()
#16 F:\\Bitnamis\\wamps\\apache2\\htdocs\\LaravelProject\\tlccchoir\\vendor\\laravel\\framework\\src\\Illuminate\\Container\\BoundMethod.php(31): Illuminate\\Container\\BoundMethod::callBoundMethod(Object(Illuminate\\Foundation\\Application), Array, Object(Closure))
#17 F:\\Bitnamis\\wamps\\apache2\\htdocs\\LaravelProject\\tlccchoir\\vendor\\laravel\\framework\\src\\Illuminate\\Container\\Container.php(572): Illuminate\\Container\\BoundMethod::call(Object(Illuminate\\Foundation\\Application), Array, Array, NULL)
#18 F:\\Bitnamis\\wamps\\apache2\\htdocs\\LaravelProject\\tlccchoir\\vendor\\laravel\\framework\\src\\Illuminate\\Console\\Command.php(183): Illuminate\\Container\\Container->call(Array)
#19 F:\\Bitnamis\\wamps\\apache2\\htdocs\\LaravelProject\\tlccchoir\\vendor\\symfony\\console\\Command\\Command.php(255): Illuminate\\Console\\Command->execute(Object(Symfony\\Component\\Console\\Input\\ArgvInput), Object(Illuminate\\Console\\OutputStyle))
#20 F:\\Bitnamis\\wamps\\apache2\\htdocs\\LaravelProject\\tlccchoir\\vendor\\laravel\\framework\\src\\Illuminate\\Console\\Command.php(170): Symfony\\Component\\Console\\Command\\Command->run(Object(Symfony\\Component\\Console\\Input\\ArgvInput), Object(Illuminate\\Console\\OutputStyle))
#21 F:\\Bitnamis\\wamps\\apache2\\htdocs\\LaravelProject\\tlccchoir\\vendor\\symfony\\console\\Application.php(901): Illuminate\\Console\\Command->run(Object(Symfony\\Component\\Console\\Input\\ArgvInput), Object(Symfony\\Component\\Console\\Output\\ConsoleOutput))
#22 F:\\Bitnamis\\wamps\\apache2\\htdocs\\LaravelProject\\tlccchoir\\vendor\\symfony\\console\\Application.php(262): Symfony\\Component\\Console\\Application->doRunCommand(Object(Illuminate\\Database\\Console\\Migrations\\MigrateCommand), Object(Symfony\\Component\\Console\\Input\\ArgvInput), Object(Symfony\\Component\\Console\\Output\\ConsoleOutput))
#23 F:\\Bitnamis\\wamps\\apache2\\htdocs\\LaravelProject\\tlccchoir\\vendor\\symfony\\console\\Application.php(145): Symfony\\Component\\Console\\Application->doRun(Object(Symfony\\Component\\Console\\Input\\ArgvInput), Object(Symfony\\Component\\Console\\Output\\ConsoleOutput))
#24 F:\\Bitnamis\\wamps\\apache2\\htdocs\\LaravelProject\\tlccchoir\\vendor\\laravel\\framework\\src\\Illuminate\\Console\\Application.php(89): Symfony\\Component\\Console\\Application->run(Object(Symfony\\Component\\Console\\Input\\ArgvInput), Object(Symfony\\Component\\Console\\Output\\ConsoleOutput))
#25 F:\\Bitnamis\\wamps\\apache2\\htdocs\\LaravelProject\\tlccchoir\\vendor\\laravel\\framework\\src\\Illuminate\\Foundation\\Console\\Kernel.php(122): Illuminate\\Console\\Application->run(Object(Symfony\\Component\\Console\\Input\\ArgvInput), Object(Symfony\\Component\\Console\\Output\\ConsoleOutput))
#26 F:\\Bitnamis\\wamps\\apache2\\htdocs\\LaravelProject\\tlccchoir\\artisan(37): Illuminate\\Foundation\\Console\\Kernel->handle(Object(Symfony\\Component\\Console\\Input\\ArgvInput), Object(Symfony\\Component\\Console\\Output\\ConsoleOutput))
#27 {main}
"} 
[2019-06-06 00:22:16] local.ERROR: SQLSTATE[42000]: Syntax error or access violation: 1064 You have an error in your SQL syntax; check the manual that corresponds to your MySQL server version for the right syntax to use near ') default character set utf8mb4 collate 'utf8mb4_unicode_ci'' at line 1 (SQL: create table `podcasts` () default character set utf8mb4 collate 'utf8mb4_unicode_ci') {"exception":"[object] (Illuminate\\Database\\QueryException(code: 42000): SQLSTATE[42000]: Syntax error or access violation: 1064 You have an error in your SQL syntax; check the manual that corresponds to your MySQL server version for the right syntax to use near ') default character set utf8mb4 collate 'utf8mb4_unicode_ci'' at line 1 (SQL: create table `podcasts` () default character set utf8mb4 collate 'utf8mb4_unicode_ci') at F:\\Bitnamis\\wamps\\apache2\\htdocs\\LaravelProject\\tlccchoir\\vendor\\laravel\\framework\\src\\Illuminate\\Database\\Connection.php:664, PDOException(code: 42000): SQLSTATE[42000]: Syntax error or access violation: 1064 You have an error in your SQL syntax; check the manual that corresponds to your MySQL server version for the right syntax to use near ') default character set utf8mb4 collate 'utf8mb4_unicode_ci'' at line 1 at F:\\Bitnamis\\wamps\\apache2\\htdocs\\LaravelProject\\tlccchoir\\vendor\\laravel\\framework\\src\\Illuminate\\Database\\Connection.php:452)
[stacktrace]
#0 F:\\Bitnamis\\wamps\\apache2\\htdocs\\LaravelProject\\tlccchoir\\vendor\\laravel\\framework\\src\\Illuminate\\Database\\Connection.php(624): Illuminate\\Database\\Connection->runQueryCallback('create table `p...', Array, Object(Closure))
#1 F:\\Bitnamis\\wamps\\apache2\\htdocs\\LaravelProject\\tlccchoir\\vendor\\laravel\\framework\\src\\Illuminate\\Database\\Connection.php(459): Illuminate\\Database\\Connection->run('create table `p...', Array, Object(Closure))
#2 F:\\Bitnamis\\wamps\\apache2\\htdocs\\LaravelProject\\tlccchoir\\vendor\\laravel\\framework\\src\\Illuminate\\Database\\Schema\\Blueprint.php(97): Illuminate\\Database\\Connection->statement('create table `p...')
#3 F:\\Bitnamis\\wamps\\apache2\\htdocs\\LaravelProject\\tlccchoir\\vendor\\laravel\\framework\\src\\Illuminate\\Database\\Schema\\Builder.php(264): Illuminate\\Database\\Schema\\Blueprint->build(Object(Illuminate\\Database\\MySqlConnection), Object(Illuminate\\Database\\Schema\\Grammars\\MySqlGrammar))
#4 F:\\Bitnamis\\wamps\\apache2\\htdocs\\LaravelProject\\tlccchoir\\vendor\\laravel\\framework\\src\\Illuminate\\Database\\Schema\\Builder.php(165): Illuminate\\Database\\Schema\\Builder->build(Object(Illuminate\\Database\\Schema\\Blueprint))
#5 F:\\Bitnamis\\wamps\\apache2\\htdocs\\LaravelProject\\tlccchoir\\vendor\\laravel\\framework\\src\\Illuminate\\Support\\Facades\\Facade.php(237): Illuminate\\Database\\Schema\\Builder->create('podcasts', Object(Closure))
#6 F:\\Bitnamis\\wamps\\apache2\\htdocs\\LaravelProject\\tlccchoir\\database\\migrations\\2017_01_08_055955_create_podcasts_table.php(28): Illuminate\\Support\\Facades\\Facade::__callStatic('create', Array)
#7 F:\\Bitnamis\\wamps\\apache2\\htdocs\\LaravelProject\\tlccchoir\\vendor\\laravel\\framework\\src\\Illuminate\\Database\\Migrations\\Migrator.php(360): CreatePodcastsTable->up()
#8 F:\\Bitnamis\\wamps\\apache2\\htdocs\\LaravelProject\\tlccchoir\\vendor\\laravel\\framework\\src\\Illuminate\\Database\\Migrations\\Migrator.php(367): Illuminate\\Database\\Migrations\\Migrator->Illuminate\\Database\\Migrations\\{closure}()
#9 F:\\Bitnamis\\wamps\\apache2\\htdocs\\LaravelProject\\tlccchoir\\vendor\\laravel\\framework\\src\\Illuminate\\Database\\Migrations\\Migrator.php(178): Illuminate\\Database\\Migrations\\Migrator->runMigration(Object(CreatePodcastsTable), 'up')
#10 F:\\Bitnamis\\wamps\\apache2\\htdocs\\LaravelProject\\tlccchoir\\vendor\\laravel\\framework\\src\\Illuminate\\Database\\Migrations\\Migrator.php(147): Illuminate\\Database\\Migrations\\Migrator->runUp('F:\\\\Bitnamis\\\\wam...', 1, false)
#11 F:\\Bitnamis\\wamps\\apache2\\htdocs\\LaravelProject\\tlccchoir\\vendor\\laravel\\framework\\src\\Illuminate\\Database\\Migrations\\Migrator.php(96): Illuminate\\Database\\Migrations\\Migrator->runPending(Array, Array)
#12 F:\\Bitnamis\\wamps\\apache2\\htdocs\\LaravelProject\\tlccchoir\\vendor\\laravel\\framework\\src\\Illuminate\\Database\\Console\\Migrations\\MigrateCommand.php(71): Illuminate\\Database\\Migrations\\Migrator->run(Array, Array)
#13 [internal function]: Illuminate\\Database\\Console\\Migrations\\MigrateCommand->handle()
#14 F:\\Bitnamis\\wamps\\apache2\\htdocs\\LaravelProject\\tlccchoir\\vendor\\laravel\\framework\\src\\Illuminate\\Container\\BoundMethod.php(29): call_user_func_array(Array, Array)
#15 F:\\Bitnamis\\wamps\\apache2\\htdocs\\LaravelProject\\tlccchoir\\vendor\\laravel\\framework\\src\\Illuminate\\Container\\BoundMethod.php(87): Illuminate\\Container\\BoundMethod::Illuminate\\Container\\{closure}()
#16 F:\\Bitnamis\\wamps\\apache2\\htdocs\\LaravelProject\\tlccchoir\\vendor\\laravel\\framework\\src\\Illuminate\\Container\\BoundMethod.php(31): Illuminate\\Container\\BoundMethod::callBoundMethod(Object(Illuminate\\Foundation\\Application), Array, Object(Closure))
#17 F:\\Bitnamis\\wamps\\apache2\\htdocs\\LaravelProject\\tlccchoir\\vendor\\laravel\\framework\\src\\Illuminate\\Container\\Container.php(572): Illuminate\\Container\\BoundMethod::call(Object(Illuminate\\Foundation\\Application), Array, Array, NULL)
#18 F:\\Bitnamis\\wamps\\apache2\\htdocs\\LaravelProject\\tlccchoir\\vendor\\laravel\\framework\\src\\Illuminate\\Console\\Command.php(183): Illuminate\\Container\\Container->call(Array)
#19 F:\\Bitnamis\\wamps\\apache2\\htdocs\\LaravelProject\\tlccchoir\\vendor\\symfony\\console\\Command\\Command.php(255): Illuminate\\Console\\Command->execute(Object(Symfony\\Component\\Console\\Input\\ArrayInput), Object(Illuminate\\Console\\OutputStyle))
#20 F:\\Bitnamis\\wamps\\apache2\\htdocs\\LaravelProject\\tlccchoir\\vendor\\laravel\\framework\\src\\Illuminate\\Console\\Command.php(170): Symfony\\Component\\Console\\Command\\Command->run(Object(Symfony\\Component\\Console\\Input\\ArrayInput), Object(Illuminate\\Console\\OutputStyle))
#21 F:\\Bitnamis\\wamps\\apache2\\htdocs\\LaravelProject\\tlccchoir\\vendor\\laravel\\framework\\src\\Illuminate\\Console\\Command.php(198): Illuminate\\Console\\Command->run(Object(Symfony\\Component\\Console\\Input\\ArrayInput), Object(Illuminate\\Console\\OutputStyle))
#22 F:\\Bitnamis\\wamps\\apache2\\htdocs\\LaravelProject\\tlccchoir\\vendor\\laravel\\framework\\src\\Illuminate\\Database\\Console\\Migrations\\FreshCommand.php(55): Illuminate\\Console\\Command->call('migrate', Array)
#23 [internal function]: Illuminate\\Database\\Console\\Migrations\\FreshCommand->handle()
#24 F:\\Bitnamis\\wamps\\apache2\\htdocs\\LaravelProject\\tlccchoir\\vendor\\laravel\\framework\\src\\Illuminate\\Container\\BoundMethod.php(29): call_user_func_array(Array, Array)
#25 F:\\Bitnamis\\wamps\\apache2\\htdocs\\LaravelProject\\tlccchoir\\vendor\\laravel\\framework\\src\\Illuminate\\Container\\BoundMethod.php(87): Illuminate\\Container\\BoundMethod::Illuminate\\Container\\{closure}()
#26 F:\\Bitnamis\\wamps\\apache2\\htdocs\\LaravelProject\\tlccchoir\\vendor\\laravel\\framework\\src\\Illuminate\\Container\\BoundMethod.php(31): Illuminate\\Container\\BoundMethod::callBoundMethod(Object(Illuminate\\Foundation\\Application), Array, Object(Closure))
#27 F:\\Bitnamis\\wamps\\apache2\\htdocs\\LaravelProject\\tlccchoir\\vendor\\laravel\\framework\\src\\Illuminate\\Container\\Container.php(572): Illuminate\\Container\\BoundMethod::call(Object(Illuminate\\Foundation\\Application), Array, Array, NULL)
#28 F:\\Bitnamis\\wamps\\apache2\\htdocs\\LaravelProject\\tlccchoir\\vendor\\laravel\\framework\\src\\Illuminate\\Console\\Command.php(183): Illuminate\\Container\\Container->call(Array)
#29 F:\\Bitnamis\\wamps\\apache2\\htdocs\\LaravelProject\\tlccchoir\\vendor\\symfony\\console\\Command\\Command.php(255): Illuminate\\Console\\Command->execute(Object(Symfony\\Component\\Console\\Input\\ArgvInput), Object(Illuminate\\Console\\OutputStyle))
#30 F:\\Bitnamis\\wamps\\apache2\\htdocs\\LaravelProject\\tlccchoir\\vendor\\laravel\\framework\\src\\Illuminate\\Console\\Command.php(170): Symfony\\Component\\Console\\Command\\Command->run(Object(Symfony\\Component\\Console\\Input\\ArgvInput), Object(Illuminate\\Console\\OutputStyle))
#31 F:\\Bitnamis\\wamps\\apache2\\htdocs\\LaravelProject\\tlccchoir\\vendor\\symfony\\console\\Application.php(901): Illuminate\\Console\\Command->run(Object(Symfony\\Component\\Console\\Input\\ArgvInput), Object(Symfony\\Component\\Console\\Output\\ConsoleOutput))
#32 F:\\Bitnamis\\wamps\\apache2\\htdocs\\LaravelProject\\tlccchoir\\vendor\\symfony\\console\\Application.php(262): Symfony\\Component\\Console\\Application->doRunCommand(Object(Illuminate\\Database\\Console\\Migrations\\FreshCommand), Object(Symfony\\Component\\Console\\Input\\ArgvInput), Object(Symfony\\Component\\Console\\Output\\ConsoleOutput))
#33 F:\\Bitnamis\\wamps\\apache2\\htdocs\\LaravelProject\\tlccchoir\\vendor\\symfony\\console\\Application.php(145): Symfony\\Component\\Console\\Application->doRun(Object(Symfony\\Component\\Console\\Input\\ArgvInput), Object(Symfony\\Component\\Console\\Output\\ConsoleOutput))
#34 F:\\Bitnamis\\wamps\\apache2\\htdocs\\LaravelProject\\tlccchoir\\vendor\\laravel\\framework\\src\\Illuminate\\Console\\Application.php(89): Symfony\\Component\\Console\\Application->run(Object(Symfony\\Component\\Console\\Input\\ArgvInput), Object(Symfony\\Component\\Console\\Output\\ConsoleOutput))
#35 F:\\Bitnamis\\wamps\\apache2\\htdocs\\LaravelProject\\tlccchoir\\vendor\\laravel\\framework\\src\\Illuminate\\Foundation\\Console\\Kernel.php(122): Illuminate\\Console\\Application->run(Object(Symfony\\Component\\Console\\Input\\ArgvInput), Object(Symfony\\Component\\Console\\Output\\ConsoleOutput))
#36 F:\\Bitnamis\\wamps\\apache2\\htdocs\\LaravelProject\\tlccchoir\\artisan(37): Illuminate\\Foundation\\Console\\Kernel->handle(Object(Symfony\\Component\\Console\\Input\\ArgvInput), Object(Symfony\\Component\\Console\\Output\\ConsoleOutput))
#37 {main}
"} 
