[2019-05-21 11:19:08] local.ERROR: SQLSTATE[42S01]: Base table or view already exists: 1050 Table 'comments' already exists (SQL: create table `comments` (`id` int unsigned not null auto_increment primary key, `name` varchar(191) not null, `email` varchar(191) not null, `comment` text not null, `approved` tinyint(1) not null, `post_id` int unsigned not null, `created_at` timestamp null, `updated_at` timestamp null) default character set utf8mb4 collate 'utf8mb4_unicode_ci') {"exception":"[object] (Illuminate\\Database\\QueryException(code: 42S01): SQLSTATE[42S01]: Base table or view already exists: 1050 Table 'comments' already exists (SQL: create table `comments` (`id` int unsigned not null auto_increment primary key, `name` varchar(191) not null, `email` varchar(191) not null, `comment` text not null, `approved` tinyint(1) not null, `post_id` int unsigned not null, `created_at` timestamp null, `updated_at` timestamp null) default character set utf8mb4 collate 'utf8mb4_unicode_ci') at C:\\Bitnami\\wampp\\apache2\\htdocs\\laravelprojects\\tlccchoir\\vendor\\laravel\\framework\\src\\Illuminate\\Database\\Connection.php:664, PDOException(code: 42S01): SQLSTATE[42S01]: Base table or view already exists: 1050 Table 'comments' already exists at C:\\Bitnami\\wampp\\apache2\\htdocs\\laravelprojects\\tlccchoir\\vendor\\laravel\\framework\\src\\Illuminate\\Database\\Connection.php:458)
[stacktrace]
#0 C:\\Bitnami\\wampp\\apache2\\htdocs\\laravelprojects\\tlccchoir\\vendor\\laravel\\framework\\src\\Illuminate\\Database\\Connection.php(624): Illuminate\\Database\\Connection->runQueryCallback('create table `c...', Array, Object(Closure))
#1 C:\\Bitnami\\wampp\\apache2\\htdocs\\laravelprojects\\tlccchoir\\vendor\\laravel\\framework\\src\\Illuminate\\Database\\Connection.php(459): Illuminate\\Database\\Connection->run('create table `c...', Array, Object(Closure))
#2 C:\\Bitnami\\wampp\\apache2\\htdocs\\laravelprojects\\tlccchoir\\vendor\\laravel\\framework\\src\\Illuminate\\Database\\Schema\\Blueprint.php(97): Illuminate\\Database\\Connection->statement('create table `c...')
#3 C:\\Bitnami\\wampp\\apache2\\htdocs\\laravelprojects\\tlccchoir\\vendor\\laravel\\framework\\src\\Illuminate\\Database\\Schema\\Builder.php(264): Illuminate\\Database\\Schema\\Blueprint->build(Object(Illuminate\\Database\\MySqlConnection), Object(Illuminate\\Database\\Schema\\Grammars\\MySqlGrammar))
#4 C:\\Bitnami\\wampp\\apache2\\htdocs\\laravelprojects\\tlccchoir\\vendor\\laravel\\framework\\src\\Illuminate\\Database\\Schema\\Builder.php(165): Illuminate\\Database\\Schema\\Builder->build(Object(Illuminate\\Database\\Schema\\Blueprint))
#5 C:\\Bitnami\\wampp\\apache2\\htdocs\\laravelprojects\\tlccchoir\\vendor\\laravel\\framework\\src\\Illuminate\\Support\\Facades\\Facade.php(237): Illuminate\\Database\\Schema\\Builder->create('comments', Object(Closure))
#6 C:\\Bitnami\\wampp\\apache2\\htdocs\\laravelprojects\\tlccchoir\\database\\migrations\\2019_01_31_165704_create_comments_table.php(24): Illuminate\\Support\\Facades\\Facade::__callStatic('create', Array)
#7 C:\\Bitnami\\wampp\\apache2\\htdocs\\laravelprojects\\tlccchoir\\vendor\\laravel\\framework\\src\\Illuminate\\Database\\Migrations\\Migrator.php(360): CreateCommentsTable->up()
#8 C:\\Bitnami\\wampp\\apache2\\htdocs\\laravelprojects\\tlccchoir\\vendor\\laravel\\framework\\src\\Illuminate\\Database\\Migrations\\Migrator.php(367): Illuminate\\Database\\Migrations\\Migrator->Illuminate\\Database\\Migrations\\{closure}()
#9 C:\\Bitnami\\wampp\\apache2\\htdocs\\laravelprojects\\tlccchoir\\vendor\\laravel\\framework\\src\\Illuminate\\Database\\Migrations\\Migrator.php(178): Illuminate\\Database\\Migrations\\Migrator->runMigration(Object(CreateCommentsTable), 'up')
#10 C:\\Bitnami\\wampp\\apache2\\htdocs\\laravelprojects\\tlccchoir\\vendor\\laravel\\framework\\src\\Illuminate\\Database\\Migrations\\Migrator.php(147): Illuminate\\Database\\Migrations\\Migrator->runUp('C:\\\\Bitnami\\\\wamp...', 2, false)
#11 C:\\Bitnami\\wampp\\apache2\\htdocs\\laravelprojects\\tlccchoir\\vendor\\laravel\\framework\\src\\Illuminate\\Database\\Migrations\\Migrator.php(96): Illuminate\\Database\\Migrations\\Migrator->runPending(Array, Array)
#12 C:\\Bitnami\\wampp\\apache2\\htdocs\\laravelprojects\\tlccchoir\\vendor\\laravel\\framework\\src\\Illuminate\\Database\\Console\\Migrations\\MigrateCommand.php(71): Illuminate\\Database\\Migrations\\Migrator->run(Array, Array)
#13 [internal function]: Illuminate\\Database\\Console\\Migrations\\MigrateCommand->handle()
#14 C:\\Bitnami\\wampp\\apache2\\htdocs\\laravelprojects\\tlccchoir\\vendor\\laravel\\framework\\src\\Illuminate\\Container\\BoundMethod.php(29): call_user_func_array(Array, Array)
#15 C:\\Bitnami\\wampp\\apache2\\htdocs\\laravelprojects\\tlccchoir\\vendor\\laravel\\framework\\src\\Illuminate\\Container\\BoundMethod.php(87): Illuminate\\Container\\BoundMethod::Illuminate\\Container\\{closure}()
#16 C:\\Bitnami\\wampp\\apache2\\htdocs\\laravelprojects\\tlccchoir\\vendor\\laravel\\framework\\src\\Illuminate\\Container\\BoundMethod.php(31): Illuminate\\Container\\BoundMethod::callBoundMethod(Object(Illuminate\\Foundation\\Application), Array, Object(Closure))
#17 C:\\Bitnami\\wampp\\apache2\\htdocs\\laravelprojects\\tlccchoir\\vendor\\laravel\\framework\\src\\Illuminate\\Container\\Container.php(572): Illuminate\\Container\\BoundMethod::call(Object(Illuminate\\Foundation\\Application), Array, Array, NULL)
#18 C:\\Bitnami\\wampp\\apache2\\htdocs\\laravelprojects\\tlccchoir\\vendor\\laravel\\framework\\src\\Illuminate\\Console\\Command.php(183): Illuminate\\Container\\Container->call(Array)
#19 C:\\Bitnami\\wampp\\apache2\\htdocs\\laravelprojects\\tlccchoir\\vendor\\symfony\\console\\Command\\Command.php(255): Illuminate\\Console\\Command->execute(Object(Symfony\\Component\\Console\\Input\\ArgvInput), Object(Illuminate\\Console\\OutputStyle))
#20 C:\\Bitnami\\wampp\\apache2\\htdocs\\laravelprojects\\tlccchoir\\vendor\\laravel\\framework\\src\\Illuminate\\Console\\Command.php(170): Symfony\\Component\\Console\\Command\\Command->run(Object(Symfony\\Component\\Console\\Input\\ArgvInput), Object(Illuminate\\Console\\OutputStyle))
#21 C:\\Bitnami\\wampp\\apache2\\htdocs\\laravelprojects\\tlccchoir\\vendor\\symfony\\console\\Application.php(901): Illuminate\\Console\\Command->run(Object(Symfony\\Component\\Console\\Input\\ArgvInput), Object(Symfony\\Component\\Console\\Output\\ConsoleOutput))
#22 C:\\Bitnami\\wampp\\apache2\\htdocs\\laravelprojects\\tlccchoir\\vendor\\symfony\\console\\Application.php(262): Symfony\\Component\\Console\\Application->doRunCommand(Object(Illuminate\\Database\\Console\\Migrations\\MigrateCommand), Object(Symfony\\Component\\Console\\Input\\ArgvInput), Object(Symfony\\Component\\Console\\Output\\ConsoleOutput))
#23 C:\\Bitnami\\wampp\\apache2\\htdocs\\laravelprojects\\tlccchoir\\vendor\\symfony\\console\\Application.php(145): Symfony\\Component\\Console\\Application->doRun(Object(Symfony\\Component\\Console\\Input\\ArgvInput), Object(Symfony\\Component\\Console\\Output\\ConsoleOutput))
#24 C:\\Bitnami\\wampp\\apache2\\htdocs\\laravelprojects\\tlccchoir\\vendor\\laravel\\framework\\src\\Illuminate\\Console\\Application.php(89): Symfony\\Component\\Console\\Application->run(Object(Symfony\\Component\\Console\\Input\\ArgvInput), Object(Symfony\\Component\\Console\\Output\\ConsoleOutput))
#25 C:\\Bitnami\\wampp\\apache2\\htdocs\\laravelprojects\\tlccchoir\\vendor\\laravel\\framework\\src\\Illuminate\\Foundation\\Console\\Kernel.php(122): Illuminate\\Console\\Application->run(Object(Symfony\\Component\\Console\\Input\\ArgvInput), Object(Symfony\\Component\\Console\\Output\\ConsoleOutput))
#26 C:\\Bitnami\\wampp\\apache2\\htdocs\\laravelprojects\\tlccchoir\\artisan(37): Illuminate\\Foundation\\Console\\Kernel->handle(Object(Symfony\\Component\\Console\\Input\\ArgvInput), Object(Symfony\\Component\\Console\\Output\\ConsoleOutput))
#27 {main}
"} 
[2019-05-21 11:19:56] local.ERROR: SQLSTATE[HY000]: General error: 1215 Cannot add foreign key constraint (SQL: alter table `podcasts` add constraint `podcasts_user_id_foreign` foreign key (`user_id`) references `users` (`id`) on delete cascade) {"exception":"[object] (Illuminate\\Database\\QueryException(code: HY000): SQLSTATE[HY000]: General error: 1215 Cannot add foreign key constraint (SQL: alter table `podcasts` add constraint `podcasts_user_id_foreign` foreign key (`user_id`) references `users` (`id`) on delete cascade) at C:\\Bitnami\\wampp\\apache2\\htdocs\\laravelprojects\\tlccchoir\\vendor\\laravel\\framework\\src\\Illuminate\\Database\\Connection.php:664, PDOException(code: HY000): SQLSTATE[HY000]: General error: 1215 Cannot add foreign key constraint at C:\\Bitnami\\wampp\\apache2\\htdocs\\laravelprojects\\tlccchoir\\vendor\\laravel\\framework\\src\\Illuminate\\Database\\Connection.php:458)
[stacktrace]
#0 C:\\Bitnami\\wampp\\apache2\\htdocs\\laravelprojects\\tlccchoir\\vendor\\laravel\\framework\\src\\Illuminate\\Database\\Connection.php(624): Illuminate\\Database\\Connection->runQueryCallback('alter table `po...', Array, Object(Closure))
#1 C:\\Bitnami\\wampp\\apache2\\htdocs\\laravelprojects\\tlccchoir\\vendor\\laravel\\framework\\src\\Illuminate\\Database\\Connection.php(459): Illuminate\\Database\\Connection->run('alter table `po...', Array, Object(Closure))
#2 C:\\Bitnami\\wampp\\apache2\\htdocs\\laravelprojects\\tlccchoir\\vendor\\laravel\\framework\\src\\Illuminate\\Database\\Schema\\Blueprint.php(97): Illuminate\\Database\\Connection->statement('alter table `po...')
#3 C:\\Bitnami\\wampp\\apache2\\htdocs\\laravelprojects\\tlccchoir\\vendor\\laravel\\framework\\src\\Illuminate\\Database\\Schema\\Builder.php(264): Illuminate\\Database\\Schema\\Blueprint->build(Object(Illuminate\\Database\\MySqlConnection), Object(Illuminate\\Database\\Schema\\Grammars\\MySqlGrammar))
#4 C:\\Bitnami\\wampp\\apache2\\htdocs\\laravelprojects\\tlccchoir\\vendor\\laravel\\framework\\src\\Illuminate\\Database\\Schema\\Builder.php(165): Illuminate\\Database\\Schema\\Builder->build(Object(Illuminate\\Database\\Schema\\Blueprint))
#5 C:\\Bitnami\\wampp\\apache2\\htdocs\\laravelprojects\\tlccchoir\\vendor\\laravel\\framework\\src\\Illuminate\\Support\\Facades\\Facade.php(237): Illuminate\\Database\\Schema\\Builder->create('podcasts', Object(Closure))
#6 C:\\Bitnami\\wampp\\apache2\\htdocs\\laravelprojects\\tlccchoir\\database\\migrations\\2017_01_08_055955_create_podcasts_table.php(28): Illuminate\\Support\\Facades\\Facade::__callStatic('create', Array)
#7 C:\\Bitnami\\wampp\\apache2\\htdocs\\laravelprojects\\tlccchoir\\vendor\\laravel\\framework\\src\\Illuminate\\Database\\Migrations\\Migrator.php(360): CreatePodcastsTable->up()
#8 C:\\Bitnami\\wampp\\apache2\\htdocs\\laravelprojects\\tlccchoir\\vendor\\laravel\\framework\\src\\Illuminate\\Database\\Migrations\\Migrator.php(367): Illuminate\\Database\\Migrations\\Migrator->Illuminate\\Database\\Migrations\\{closure}()
#9 C:\\Bitnami\\wampp\\apache2\\htdocs\\laravelprojects\\tlccchoir\\vendor\\laravel\\framework\\src\\Illuminate\\Database\\Migrations\\Migrator.php(178): Illuminate\\Database\\Migrations\\Migrator->runMigration(Object(CreatePodcastsTable), 'up')
#10 C:\\Bitnami\\wampp\\apache2\\htdocs\\laravelprojects\\tlccchoir\\vendor\\laravel\\framework\\src\\Illuminate\\Database\\Migrations\\Migrator.php(147): Illuminate\\Database\\Migrations\\Migrator->runUp('C:\\\\Bitnami\\\\wamp...', 1, false)
#11 C:\\Bitnami\\wampp\\apache2\\htdocs\\laravelprojects\\tlccchoir\\vendor\\laravel\\framework\\src\\Illuminate\\Database\\Migrations\\Migrator.php(96): Illuminate\\Database\\Migrations\\Migrator->runPending(Array, Array)
#12 C:\\Bitnami\\wampp\\apache2\\htdocs\\laravelprojects\\tlccchoir\\vendor\\laravel\\framework\\src\\Illuminate\\Database\\Console\\Migrations\\MigrateCommand.php(71): Illuminate\\Database\\Migrations\\Migrator->run(Array, Array)
#13 [internal function]: Illuminate\\Database\\Console\\Migrations\\MigrateCommand->handle()
#14 C:\\Bitnami\\wampp\\apache2\\htdocs\\laravelprojects\\tlccchoir\\vendor\\laravel\\framework\\src\\Illuminate\\Container\\BoundMethod.php(29): call_user_func_array(Array, Array)
#15 C:\\Bitnami\\wampp\\apache2\\htdocs\\laravelprojects\\tlccchoir\\vendor\\laravel\\framework\\src\\Illuminate\\Container\\BoundMethod.php(87): Illuminate\\Container\\BoundMethod::Illuminate\\Container\\{closure}()
#16 C:\\Bitnami\\wampp\\apache2\\htdocs\\laravelprojects\\tlccchoir\\vendor\\laravel\\framework\\src\\Illuminate\\Container\\BoundMethod.php(31): Illuminate\\Container\\BoundMethod::callBoundMethod(Object(Illuminate\\Foundation\\Application), Array, Object(Closure))
#17 C:\\Bitnami\\wampp\\apache2\\htdocs\\laravelprojects\\tlccchoir\\vendor\\laravel\\framework\\src\\Illuminate\\Container\\Container.php(572): Illuminate\\Container\\BoundMethod::call(Object(Illuminate\\Foundation\\Application), Array, Array, NULL)
#18 C:\\Bitnami\\wampp\\apache2\\htdocs\\laravelprojects\\tlccchoir\\vendor\\laravel\\framework\\src\\Illuminate\\Console\\Command.php(183): Illuminate\\Container\\Container->call(Array)
#19 C:\\Bitnami\\wampp\\apache2\\htdocs\\laravelprojects\\tlccchoir\\vendor\\symfony\\console\\Command\\Command.php(255): Illuminate\\Console\\Command->execute(Object(Symfony\\Component\\Console\\Input\\ArrayInput), Object(Illuminate\\Console\\OutputStyle))
#20 C:\\Bitnami\\wampp\\apache2\\htdocs\\laravelprojects\\tlccchoir\\vendor\\laravel\\framework\\src\\Illuminate\\Console\\Command.php(170): Symfony\\Component\\Console\\Command\\Command->run(Object(Symfony\\Component\\Console\\Input\\ArrayInput), Object(Illuminate\\Console\\OutputStyle))
#21 C:\\Bitnami\\wampp\\apache2\\htdocs\\laravelprojects\\tlccchoir\\vendor\\laravel\\framework\\src\\Illuminate\\Console\\Command.php(198): Illuminate\\Console\\Command->run(Object(Symfony\\Component\\Console\\Input\\ArrayInput), Object(Illuminate\\Console\\OutputStyle))
#22 C:\\Bitnami\\wampp\\apache2\\htdocs\\laravelprojects\\tlccchoir\\vendor\\laravel\\framework\\src\\Illuminate\\Database\\Console\\Migrations\\FreshCommand.php(55): Illuminate\\Console\\Command->call('migrate', Array)
#23 [internal function]: Illuminate\\Database\\Console\\Migrations\\FreshCommand->handle()
#24 C:\\Bitnami\\wampp\\apache2\\htdocs\\laravelprojects\\tlccchoir\\vendor\\laravel\\framework\\src\\Illuminate\\Container\\BoundMethod.php(29): call_user_func_array(Array, Array)
#25 C:\\Bitnami\\wampp\\apache2\\htdocs\\laravelprojects\\tlccchoir\\vendor\\laravel\\framework\\src\\Illuminate\\Container\\BoundMethod.php(87): Illuminate\\Container\\BoundMethod::Illuminate\\Container\\{closure}()
#26 C:\\Bitnami\\wampp\\apache2\\htdocs\\laravelprojects\\tlccchoir\\vendor\\laravel\\framework\\src\\Illuminate\\Container\\BoundMethod.php(31): Illuminate\\Container\\BoundMethod::callBoundMethod(Object(Illuminate\\Foundation\\Application), Array, Object(Closure))
#27 C:\\Bitnami\\wampp\\apache2\\htdocs\\laravelprojects\\tlccchoir\\vendor\\laravel\\framework\\src\\Illuminate\\Container\\Container.php(572): Illuminate\\Container\\BoundMethod::call(Object(Illuminate\\Foundation\\Application), Array, Array, NULL)
#28 C:\\Bitnami\\wampp\\apache2\\htdocs\\laravelprojects\\tlccchoir\\vendor\\laravel\\framework\\src\\Illuminate\\Console\\Command.php(183): Illuminate\\Container\\Container->call(Array)
#29 C:\\Bitnami\\wampp\\apache2\\htdocs\\laravelprojects\\tlccchoir\\vendor\\symfony\\console\\Command\\Command.php(255): Illuminate\\Console\\Command->execute(Object(Symfony\\Component\\Console\\Input\\ArgvInput), Object(Illuminate\\Console\\OutputStyle))
#30 C:\\Bitnami\\wampp\\apache2\\htdocs\\laravelprojects\\tlccchoir\\vendor\\laravel\\framework\\src\\Illuminate\\Console\\Command.php(170): Symfony\\Component\\Console\\Command\\Command->run(Object(Symfony\\Component\\Console\\Input\\ArgvInput), Object(Illuminate\\Console\\OutputStyle))
#31 C:\\Bitnami\\wampp\\apache2\\htdocs\\laravelprojects\\tlccchoir\\vendor\\symfony\\console\\Application.php(901): Illuminate\\Console\\Command->run(Object(Symfony\\Component\\Console\\Input\\ArgvInput), Object(Symfony\\Component\\Console\\Output\\ConsoleOutput))
#32 C:\\Bitnami\\wampp\\apache2\\htdocs\\laravelprojects\\tlccchoir\\vendor\\symfony\\console\\Application.php(262): Symfony\\Component\\Console\\Application->doRunCommand(Object(Illuminate\\Database\\Console\\Migrations\\FreshCommand), Object(Symfony\\Component\\Console\\Input\\ArgvInput), Object(Symfony\\Component\\Console\\Output\\ConsoleOutput))
#33 C:\\Bitnami\\wampp\\apache2\\htdocs\\laravelprojects\\tlccchoir\\vendor\\symfony\\console\\Application.php(145): Symfony\\Component\\Console\\Application->doRun(Object(Symfony\\Component\\Console\\Input\\ArgvInput), Object(Symfony\\Component\\Console\\Output\\ConsoleOutput))
#34 C:\\Bitnami\\wampp\\apache2\\htdocs\\laravelprojects\\tlccchoir\\vendor\\laravel\\framework\\src\\Illuminate\\Console\\Application.php(89): Symfony\\Component\\Console\\Application->run(Object(Symfony\\Component\\Console\\Input\\ArgvInput), Object(Symfony\\Component\\Console\\Output\\ConsoleOutput))
#35 C:\\Bitnami\\wampp\\apache2\\htdocs\\laravelprojects\\tlccchoir\\vendor\\laravel\\framework\\src\\Illuminate\\Foundation\\Console\\Kernel.php(122): Illuminate\\Console\\Application->run(Object(Symfony\\Component\\Console\\Input\\ArgvInput), Object(Symfony\\Component\\Console\\Output\\ConsoleOutput))
#36 C:\\Bitnami\\wampp\\apache2\\htdocs\\laravelprojects\\tlccchoir\\artisan(37): Illuminate\\Foundation\\Console\\Kernel->handle(Object(Symfony\\Component\\Console\\Input\\ArgvInput), Object(Symfony\\Component\\Console\\Output\\ConsoleOutput))
#37 {main}
"} 
[2019-05-21 11:22:06] local.ERROR: SQLSTATE[HY000]: General error: 1215 Cannot add foreign key constraint (SQL: alter table `podcasts` add constraint `podcasts_user_id_foreign` foreign key (`user_id`) references `users` (`id`) on delete cascade) {"exception":"[object] (Illuminate\\Database\\QueryException(code: HY000): SQLSTATE[HY000]: General error: 1215 Cannot add foreign key constraint (SQL: alter table `podcasts` add constraint `podcasts_user_id_foreign` foreign key (`user_id`) references `users` (`id`) on delete cascade) at C:\\Bitnami\\wampp\\apache2\\htdocs\\laravelprojects\\tlccchoir\\vendor\\laravel\\framework\\src\\Illuminate\\Database\\Connection.php:664, PDOException(code: HY000): SQLSTATE[HY000]: General error: 1215 Cannot add foreign key constraint at C:\\Bitnami\\wampp\\apache2\\htdocs\\laravelprojects\\tlccchoir\\vendor\\laravel\\framework\\src\\Illuminate\\Database\\Connection.php:458)
[stacktrace]
#0 C:\\Bitnami\\wampp\\apache2\\htdocs\\laravelprojects\\tlccchoir\\vendor\\laravel\\framework\\src\\Illuminate\\Database\\Connection.php(624): Illuminate\\Database\\Connection->runQueryCallback('alter table `po...', Array, Object(Closure))
#1 C:\\Bitnami\\wampp\\apache2\\htdocs\\laravelprojects\\tlccchoir\\vendor\\laravel\\framework\\src\\Illuminate\\Database\\Connection.php(459): Illuminate\\Database\\Connection->run('alter table `po...', Array, Object(Closure))
#2 C:\\Bitnami\\wampp\\apache2\\htdocs\\laravelprojects\\tlccchoir\\vendor\\laravel\\framework\\src\\Illuminate\\Database\\Schema\\Blueprint.php(97): Illuminate\\Database\\Connection->statement('alter table `po...')
#3 C:\\Bitnami\\wampp\\apache2\\htdocs\\laravelprojects\\tlccchoir\\vendor\\laravel\\framework\\src\\Illuminate\\Database\\Schema\\Builder.php(264): Illuminate\\Database\\Schema\\Blueprint->build(Object(Illuminate\\Database\\MySqlConnection), Object(Illuminate\\Database\\Schema\\Grammars\\MySqlGrammar))
#4 C:\\Bitnami\\wampp\\apache2\\htdocs\\laravelprojects\\tlccchoir\\vendor\\laravel\\framework\\src\\Illuminate\\Database\\Schema\\Builder.php(165): Illuminate\\Database\\Schema\\Builder->build(Object(Illuminate\\Database\\Schema\\Blueprint))
#5 C:\\Bitnami\\wampp\\apache2\\htdocs\\laravelprojects\\tlccchoir\\vendor\\laravel\\framework\\src\\Illuminate\\Support\\Facades\\Facade.php(237): Illuminate\\Database\\Schema\\Builder->create('podcasts', Object(Closure))
#6 C:\\Bitnami\\wampp\\apache2\\htdocs\\laravelprojects\\tlccchoir\\database\\migrations\\2017_01_08_055955_create_podcasts_table.php(28): Illuminate\\Support\\Facades\\Facade::__callStatic('create', Array)
#7 C:\\Bitnami\\wampp\\apache2\\htdocs\\laravelprojects\\tlccchoir\\vendor\\laravel\\framework\\src\\Illuminate\\Database\\Migrations\\Migrator.php(360): CreatePodcastsTable->up()
#8 C:\\Bitnami\\wampp\\apache2\\htdocs\\laravelprojects\\tlccchoir\\vendor\\laravel\\framework\\src\\Illuminate\\Database\\Migrations\\Migrator.php(367): Illuminate\\Database\\Migrations\\Migrator->Illuminate\\Database\\Migrations\\{closure}()
#9 C:\\Bitnami\\wampp\\apache2\\htdocs\\laravelprojects\\tlccchoir\\vendor\\laravel\\framework\\src\\Illuminate\\Database\\Migrations\\Migrator.php(178): Illuminate\\Database\\Migrations\\Migrator->runMigration(Object(CreatePodcastsTable), 'up')
#10 C:\\Bitnami\\wampp\\apache2\\htdocs\\laravelprojects\\tlccchoir\\vendor\\laravel\\framework\\src\\Illuminate\\Database\\Migrations\\Migrator.php(147): Illuminate\\Database\\Migrations\\Migrator->runUp('C:\\\\Bitnami\\\\wamp...', 1, false)
#11 C:\\Bitnami\\wampp\\apache2\\htdocs\\laravelprojects\\tlccchoir\\vendor\\laravel\\framework\\src\\Illuminate\\Database\\Migrations\\Migrator.php(96): Illuminate\\Database\\Migrations\\Migrator->runPending(Array, Array)
#12 C:\\Bitnami\\wampp\\apache2\\htdocs\\laravelprojects\\tlccchoir\\vendor\\laravel\\framework\\src\\Illuminate\\Database\\Console\\Migrations\\MigrateCommand.php(71): Illuminate\\Database\\Migrations\\Migrator->run(Array, Array)
#13 [internal function]: Illuminate\\Database\\Console\\Migrations\\MigrateCommand->handle()
#14 C:\\Bitnami\\wampp\\apache2\\htdocs\\laravelprojects\\tlccchoir\\vendor\\laravel\\framework\\src\\Illuminate\\Container\\BoundMethod.php(29): call_user_func_array(Array, Array)
#15 C:\\Bitnami\\wampp\\apache2\\htdocs\\laravelprojects\\tlccchoir\\vendor\\laravel\\framework\\src\\Illuminate\\Container\\BoundMethod.php(87): Illuminate\\Container\\BoundMethod::Illuminate\\Container\\{closure}()
#16 C:\\Bitnami\\wampp\\apache2\\htdocs\\laravelprojects\\tlccchoir\\vendor\\laravel\\framework\\src\\Illuminate\\Container\\BoundMethod.php(31): Illuminate\\Container\\BoundMethod::callBoundMethod(Object(Illuminate\\Foundation\\Application), Array, Object(Closure))
#17 C:\\Bitnami\\wampp\\apache2\\htdocs\\laravelprojects\\tlccchoir\\vendor\\laravel\\framework\\src\\Illuminate\\Container\\Container.php(572): Illuminate\\Container\\BoundMethod::call(Object(Illuminate\\Foundation\\Application), Array, Array, NULL)
#18 C:\\Bitnami\\wampp\\apache2\\htdocs\\laravelprojects\\tlccchoir\\vendor\\laravel\\framework\\src\\Illuminate\\Console\\Command.php(183): Illuminate\\Container\\Container->call(Array)
#19 C:\\Bitnami\\wampp\\apache2\\htdocs\\laravelprojects\\tlccchoir\\vendor\\symfony\\console\\Command\\Command.php(255): Illuminate\\Console\\Command->execute(Object(Symfony\\Component\\Console\\Input\\ArgvInput), Object(Illuminate\\Console\\OutputStyle))
#20 C:\\Bitnami\\wampp\\apache2\\htdocs\\laravelprojects\\tlccchoir\\vendor\\laravel\\framework\\src\\Illuminate\\Console\\Command.php(170): Symfony\\Component\\Console\\Command\\Command->run(Object(Symfony\\Component\\Console\\Input\\ArgvInput), Object(Illuminate\\Console\\OutputStyle))
#21 C:\\Bitnami\\wampp\\apache2\\htdocs\\laravelprojects\\tlccchoir\\vendor\\symfony\\console\\Application.php(901): Illuminate\\Console\\Command->run(Object(Symfony\\Component\\Console\\Input\\ArgvInput), Object(Symfony\\Component\\Console\\Output\\ConsoleOutput))
#22 C:\\Bitnami\\wampp\\apache2\\htdocs\\laravelprojects\\tlccchoir\\vendor\\symfony\\console\\Application.php(262): Symfony\\Component\\Console\\Application->doRunCommand(Object(Illuminate\\Database\\Console\\Migrations\\MigrateCommand), Object(Symfony\\Component\\Console\\Input\\ArgvInput), Object(Symfony\\Component\\Console\\Output\\ConsoleOutput))
#23 C:\\Bitnami\\wampp\\apache2\\htdocs\\laravelprojects\\tlccchoir\\vendor\\symfony\\console\\Application.php(145): Symfony\\Component\\Console\\Application->doRun(Object(Symfony\\Component\\Console\\Input\\ArgvInput), Object(Symfony\\Component\\Console\\Output\\ConsoleOutput))
#24 C:\\Bitnami\\wampp\\apache2\\htdocs\\laravelprojects\\tlccchoir\\vendor\\laravel\\framework\\src\\Illuminate\\Console\\Application.php(89): Symfony\\Component\\Console\\Application->run(Object(Symfony\\Component\\Console\\Input\\ArgvInput), Object(Symfony\\Component\\Console\\Output\\ConsoleOutput))
#25 C:\\Bitnami\\wampp\\apache2\\htdocs\\laravelprojects\\tlccchoir\\vendor\\laravel\\framework\\src\\Illuminate\\Foundation\\Console\\Kernel.php(122): Illuminate\\Console\\Application->run(Object(Symfony\\Component\\Console\\Input\\ArgvInput), Object(Symfony\\Component\\Console\\Output\\ConsoleOutput))
#26 C:\\Bitnami\\wampp\\apache2\\htdocs\\laravelprojects\\tlccchoir\\artisan(37): Illuminate\\Foundation\\Console\\Kernel->handle(Object(Symfony\\Component\\Console\\Input\\ArgvInput), Object(Symfony\\Component\\Console\\Output\\ConsoleOutput))
#27 {main}
"} 
[2019-05-21 11:23:50] local.ERROR: SQLSTATE[42000]: Syntax error or access violation: 1064 You have an error in your SQL syntax; check the manual that corresponds to your MySQL server version for the right syntax to use near ') default character set utf8mb4 collate 'utf8mb4_unicode_ci'' at line 1 (SQL: create table `podcasts` () default character set utf8mb4 collate 'utf8mb4_unicode_ci') {"exception":"[object] (Illuminate\\Database\\QueryException(code: 42000): SQLSTATE[42000]: Syntax error or access violation: 1064 You have an error in your SQL syntax; check the manual that corresponds to your MySQL server version for the right syntax to use near ') default character set utf8mb4 collate 'utf8mb4_unicode_ci'' at line 1 (SQL: create table `podcasts` () default character set utf8mb4 collate 'utf8mb4_unicode_ci') at C:\\Bitnami\\wampp\\apache2\\htdocs\\laravelprojects\\tlccchoir\\vendor\\laravel\\framework\\src\\Illuminate\\Database\\Connection.php:664, PDOException(code: 42000): SQLSTATE[42000]: Syntax error or access violation: 1064 You have an error in your SQL syntax; check the manual that corresponds to your MySQL server version for the right syntax to use near ') default character set utf8mb4 collate 'utf8mb4_unicode_ci'' at line 1 at C:\\Bitnami\\wampp\\apache2\\htdocs\\laravelprojects\\tlccchoir\\vendor\\laravel\\framework\\src\\Illuminate\\Database\\Connection.php:452)
[stacktrace]
#0 C:\\Bitnami\\wampp\\apache2\\htdocs\\laravelprojects\\tlccchoir\\vendor\\laravel\\framework\\src\\Illuminate\\Database\\Connection.php(624): Illuminate\\Database\\Connection->runQueryCallback('create table `p...', Array, Object(Closure))
#1 C:\\Bitnami\\wampp\\apache2\\htdocs\\laravelprojects\\tlccchoir\\vendor\\laravel\\framework\\src\\Illuminate\\Database\\Connection.php(459): Illuminate\\Database\\Connection->run('create table `p...', Array, Object(Closure))
#2 C:\\Bitnami\\wampp\\apache2\\htdocs\\laravelprojects\\tlccchoir\\vendor\\laravel\\framework\\src\\Illuminate\\Database\\Schema\\Blueprint.php(97): Illuminate\\Database\\Connection->statement('create table `p...')
#3 C:\\Bitnami\\wampp\\apache2\\htdocs\\laravelprojects\\tlccchoir\\vendor\\laravel\\framework\\src\\Illuminate\\Database\\Schema\\Builder.php(264): Illuminate\\Database\\Schema\\Blueprint->build(Object(Illuminate\\Database\\MySqlConnection), Object(Illuminate\\Database\\Schema\\Grammars\\MySqlGrammar))
#4 C:\\Bitnami\\wampp\\apache2\\htdocs\\laravelprojects\\tlccchoir\\vendor\\laravel\\framework\\src\\Illuminate\\Database\\Schema\\Builder.php(165): Illuminate\\Database\\Schema\\Builder->build(Object(Illuminate\\Database\\Schema\\Blueprint))
#5 C:\\Bitnami\\wampp\\apache2\\htdocs\\laravelprojects\\tlccchoir\\vendor\\laravel\\framework\\src\\Illuminate\\Support\\Facades\\Facade.php(237): Illuminate\\Database\\Schema\\Builder->create('podcasts', Object(Closure))
#6 C:\\Bitnami\\wampp\\apache2\\htdocs\\laravelprojects\\tlccchoir\\database\\migrations\\2017_01_08_055955_create_podcasts_table.php(28): Illuminate\\Support\\Facades\\Facade::__callStatic('create', Array)
#7 C:\\Bitnami\\wampp\\apache2\\htdocs\\laravelprojects\\tlccchoir\\vendor\\laravel\\framework\\src\\Illuminate\\Database\\Migrations\\Migrator.php(360): CreatePodcastsTable->up()
#8 C:\\Bitnami\\wampp\\apache2\\htdocs\\laravelprojects\\tlccchoir\\vendor\\laravel\\framework\\src\\Illuminate\\Database\\Migrations\\Migrator.php(367): Illuminate\\Database\\Migrations\\Migrator->Illuminate\\Database\\Migrations\\{closure}()
#9 C:\\Bitnami\\wampp\\apache2\\htdocs\\laravelprojects\\tlccchoir\\vendor\\laravel\\framework\\src\\Illuminate\\Database\\Migrations\\Migrator.php(178): Illuminate\\Database\\Migrations\\Migrator->runMigration(Object(CreatePodcastsTable), 'up')
#10 C:\\Bitnami\\wampp\\apache2\\htdocs\\laravelprojects\\tlccchoir\\vendor\\laravel\\framework\\src\\Illuminate\\Database\\Migrations\\Migrator.php(147): Illuminate\\Database\\Migrations\\Migrator->runUp('C:\\\\Bitnami\\\\wamp...', 1, false)
#11 C:\\Bitnami\\wampp\\apache2\\htdocs\\laravelprojects\\tlccchoir\\vendor\\laravel\\framework\\src\\Illuminate\\Database\\Migrations\\Migrator.php(96): Illuminate\\Database\\Migrations\\Migrator->runPending(Array, Array)
#12 C:\\Bitnami\\wampp\\apache2\\htdocs\\laravelprojects\\tlccchoir\\vendor\\laravel\\framework\\src\\Illuminate\\Database\\Console\\Migrations\\MigrateCommand.php(71): Illuminate\\Database\\Migrations\\Migrator->run(Array, Array)
#13 [internal function]: Illuminate\\Database\\Console\\Migrations\\MigrateCommand->handle()
#14 C:\\Bitnami\\wampp\\apache2\\htdocs\\laravelprojects\\tlccchoir\\vendor\\laravel\\framework\\src\\Illuminate\\Container\\BoundMethod.php(29): call_user_func_array(Array, Array)
#15 C:\\Bitnami\\wampp\\apache2\\htdocs\\laravelprojects\\tlccchoir\\vendor\\laravel\\framework\\src\\Illuminate\\Container\\BoundMethod.php(87): Illuminate\\Container\\BoundMethod::Illuminate\\Container\\{closure}()
#16 C:\\Bitnami\\wampp\\apache2\\htdocs\\laravelprojects\\tlccchoir\\vendor\\laravel\\framework\\src\\Illuminate\\Container\\BoundMethod.php(31): Illuminate\\Container\\BoundMethod::callBoundMethod(Object(Illuminate\\Foundation\\Application), Array, Object(Closure))
#17 C:\\Bitnami\\wampp\\apache2\\htdocs\\laravelprojects\\tlccchoir\\vendor\\laravel\\framework\\src\\Illuminate\\Container\\Container.php(572): Illuminate\\Container\\BoundMethod::call(Object(Illuminate\\Foundation\\Application), Array, Array, NULL)
#18 C:\\Bitnami\\wampp\\apache2\\htdocs\\laravelprojects\\tlccchoir\\vendor\\laravel\\framework\\src\\Illuminate\\Console\\Command.php(183): Illuminate\\Container\\Container->call(Array)
#19 C:\\Bitnami\\wampp\\apache2\\htdocs\\laravelprojects\\tlccchoir\\vendor\\symfony\\console\\Command\\Command.php(255): Illuminate\\Console\\Command->execute(Object(Symfony\\Component\\Console\\Input\\ArrayInput), Object(Illuminate\\Console\\OutputStyle))
#20 C:\\Bitnami\\wampp\\apache2\\htdocs\\laravelprojects\\tlccchoir\\vendor\\laravel\\framework\\src\\Illuminate\\Console\\Command.php(170): Symfony\\Component\\Console\\Command\\Command->run(Object(Symfony\\Component\\Console\\Input\\ArrayInput), Object(Illuminate\\Console\\OutputStyle))
#21 C:\\Bitnami\\wampp\\apache2\\htdocs\\laravelprojects\\tlccchoir\\vendor\\laravel\\framework\\src\\Illuminate\\Console\\Command.php(198): Illuminate\\Console\\Command->run(Object(Symfony\\Component\\Console\\Input\\ArrayInput), Object(Illuminate\\Console\\OutputStyle))
#22 C:\\Bitnami\\wampp\\apache2\\htdocs\\laravelprojects\\tlccchoir\\vendor\\laravel\\framework\\src\\Illuminate\\Database\\Console\\Migrations\\FreshCommand.php(55): Illuminate\\Console\\Command->call('migrate', Array)
#23 [internal function]: Illuminate\\Database\\Console\\Migrations\\FreshCommand->handle()
#24 C:\\Bitnami\\wampp\\apache2\\htdocs\\laravelprojects\\tlccchoir\\vendor\\laravel\\framework\\src\\Illuminate\\Container\\BoundMethod.php(29): call_user_func_array(Array, Array)
#25 C:\\Bitnami\\wampp\\apache2\\htdocs\\laravelprojects\\tlccchoir\\vendor\\laravel\\framework\\src\\Illuminate\\Container\\BoundMethod.php(87): Illuminate\\Container\\BoundMethod::Illuminate\\Container\\{closure}()
#26 C:\\Bitnami\\wampp\\apache2\\htdocs\\laravelprojects\\tlccchoir\\vendor\\laravel\\framework\\src\\Illuminate\\Container\\BoundMethod.php(31): Illuminate\\Container\\BoundMethod::callBoundMethod(Object(Illuminate\\Foundation\\Application), Array, Object(Closure))
#27 C:\\Bitnami\\wampp\\apache2\\htdocs\\laravelprojects\\tlccchoir\\vendor\\laravel\\framework\\src\\Illuminate\\Container\\Container.php(572): Illuminate\\Container\\BoundMethod::call(Object(Illuminate\\Foundation\\Application), Array, Array, NULL)
#28 C:\\Bitnami\\wampp\\apache2\\htdocs\\laravelprojects\\tlccchoir\\vendor\\laravel\\framework\\src\\Illuminate\\Console\\Command.php(183): Illuminate\\Container\\Container->call(Array)
#29 C:\\Bitnami\\wampp\\apache2\\htdocs\\laravelprojects\\tlccchoir\\vendor\\symfony\\console\\Command\\Command.php(255): Illuminate\\Console\\Command->execute(Object(Symfony\\Component\\Console\\Input\\ArgvInput), Object(Illuminate\\Console\\OutputStyle))
#30 C:\\Bitnami\\wampp\\apache2\\htdocs\\laravelprojects\\tlccchoir\\vendor\\laravel\\framework\\src\\Illuminate\\Console\\Command.php(170): Symfony\\Component\\Console\\Command\\Command->run(Object(Symfony\\Component\\Console\\Input\\ArgvInput), Object(Illuminate\\Console\\OutputStyle))
#31 C:\\Bitnami\\wampp\\apache2\\htdocs\\laravelprojects\\tlccchoir\\vendor\\symfony\\console\\Application.php(901): Illuminate\\Console\\Command->run(Object(Symfony\\Component\\Console\\Input\\ArgvInput), Object(Symfony\\Component\\Console\\Output\\ConsoleOutput))
#32 C:\\Bitnami\\wampp\\apache2\\htdocs\\laravelprojects\\tlccchoir\\vendor\\symfony\\console\\Application.php(262): Symfony\\Component\\Console\\Application->doRunCommand(Object(Illuminate\\Database\\Console\\Migrations\\FreshCommand), Object(Symfony\\Component\\Console\\Input\\ArgvInput), Object(Symfony\\Component\\Console\\Output\\ConsoleOutput))
#33 C:\\Bitnami\\wampp\\apache2\\htdocs\\laravelprojects\\tlccchoir\\vendor\\symfony\\console\\Application.php(145): Symfony\\Component\\Console\\Application->doRun(Object(Symfony\\Component\\Console\\Input\\ArgvInput), Object(Symfony\\Component\\Console\\Output\\ConsoleOutput))
#34 C:\\Bitnami\\wampp\\apache2\\htdocs\\laravelprojects\\tlccchoir\\vendor\\laravel\\framework\\src\\Illuminate\\Console\\Application.php(89): Symfony\\Component\\Console\\Application->run(Object(Symfony\\Component\\Console\\Input\\ArgvInput), Object(Symfony\\Component\\Console\\Output\\ConsoleOutput))
#35 C:\\Bitnami\\wampp\\apache2\\htdocs\\laravelprojects\\tlccchoir\\vendor\\laravel\\framework\\src\\Illuminate\\Foundation\\Console\\Kernel.php(122): Illuminate\\Console\\Application->run(Object(Symfony\\Component\\Console\\Input\\ArgvInput), Object(Symfony\\Component\\Console\\Output\\ConsoleOutput))
#36 C:\\Bitnami\\wampp\\apache2\\htdocs\\laravelprojects\\tlccchoir\\artisan(37): Illuminate\\Foundation\\Console\\Kernel->handle(Object(Symfony\\Component\\Console\\Input\\ArgvInput), Object(Symfony\\Component\\Console\\Output\\ConsoleOutput))
#37 {main}
"} 
[2019-05-21 11:27:01] local.ERROR: SQLSTATE[HY000]: General error: 1215 Cannot add foreign key constraint (SQL: alter table `podcasts` add constraint `podcasts_user_id_foreign` foreign key (`user_id`) references `users` (`id`) on delete cascade) {"exception":"[object] (Illuminate\\Database\\QueryException(code: HY000): SQLSTATE[HY000]: General error: 1215 Cannot add foreign key constraint (SQL: alter table `podcasts` add constraint `podcasts_user_id_foreign` foreign key (`user_id`) references `users` (`id`) on delete cascade) at C:\\Bitnami\\wampp\\apache2\\htdocs\\laravelprojects\\tlccchoir\\vendor\\laravel\\framework\\src\\Illuminate\\Database\\Connection.php:664, PDOException(code: HY000): SQLSTATE[HY000]: General error: 1215 Cannot add foreign key constraint at C:\\Bitnami\\wampp\\apache2\\htdocs\\laravelprojects\\tlccchoir\\vendor\\laravel\\framework\\src\\Illuminate\\Database\\Connection.php:458)
[stacktrace]
#0 C:\\Bitnami\\wampp\\apache2\\htdocs\\laravelprojects\\tlccchoir\\vendor\\laravel\\framework\\src\\Illuminate\\Database\\Connection.php(624): Illuminate\\Database\\Connection->runQueryCallback('alter table `po...', Array, Object(Closure))
#1 C:\\Bitnami\\wampp\\apache2\\htdocs\\laravelprojects\\tlccchoir\\vendor\\laravel\\framework\\src\\Illuminate\\Database\\Connection.php(459): Illuminate\\Database\\Connection->run('alter table `po...', Array, Object(Closure))
#2 C:\\Bitnami\\wampp\\apache2\\htdocs\\laravelprojects\\tlccchoir\\vendor\\laravel\\framework\\src\\Illuminate\\Database\\Schema\\Blueprint.php(97): Illuminate\\Database\\Connection->statement('alter table `po...')
#3 C:\\Bitnami\\wampp\\apache2\\htdocs\\laravelprojects\\tlccchoir\\vendor\\laravel\\framework\\src\\Illuminate\\Database\\Schema\\Builder.php(264): Illuminate\\Database\\Schema\\Blueprint->build(Object(Illuminate\\Database\\MySqlConnection), Object(Illuminate\\Database\\Schema\\Grammars\\MySqlGrammar))
#4 C:\\Bitnami\\wampp\\apache2\\htdocs\\laravelprojects\\tlccchoir\\vendor\\laravel\\framework\\src\\Illuminate\\Database\\Schema\\Builder.php(165): Illuminate\\Database\\Schema\\Builder->build(Object(Illuminate\\Database\\Schema\\Blueprint))
#5 C:\\Bitnami\\wampp\\apache2\\htdocs\\laravelprojects\\tlccchoir\\vendor\\laravel\\framework\\src\\Illuminate\\Support\\Facades\\Facade.php(237): Illuminate\\Database\\Schema\\Builder->create('podcasts', Object(Closure))
#6 C:\\Bitnami\\wampp\\apache2\\htdocs\\laravelprojects\\tlccchoir\\database\\migrations\\2017_01_08_055955_create_podcasts_table.php(28): Illuminate\\Support\\Facades\\Facade::__callStatic('create', Array)
#7 C:\\Bitnami\\wampp\\apache2\\htdocs\\laravelprojects\\tlccchoir\\vendor\\laravel\\framework\\src\\Illuminate\\Database\\Migrations\\Migrator.php(360): CreatePodcastsTable->up()
#8 C:\\Bitnami\\wampp\\apache2\\htdocs\\laravelprojects\\tlccchoir\\vendor\\laravel\\framework\\src\\Illuminate\\Database\\Migrations\\Migrator.php(367): Illuminate\\Database\\Migrations\\Migrator->Illuminate\\Database\\Migrations\\{closure}()
#9 C:\\Bitnami\\wampp\\apache2\\htdocs\\laravelprojects\\tlccchoir\\vendor\\laravel\\framework\\src\\Illuminate\\Database\\Migrations\\Migrator.php(178): Illuminate\\Database\\Migrations\\Migrator->runMigration(Object(CreatePodcastsTable), 'up')
#10 C:\\Bitnami\\wampp\\apache2\\htdocs\\laravelprojects\\tlccchoir\\vendor\\laravel\\framework\\src\\Illuminate\\Database\\Migrations\\Migrator.php(147): Illuminate\\Database\\Migrations\\Migrator->runUp('C:\\\\Bitnami\\\\wamp...', 1, false)
#11 C:\\Bitnami\\wampp\\apache2\\htdocs\\laravelprojects\\tlccchoir\\vendor\\laravel\\framework\\src\\Illuminate\\Database\\Migrations\\Migrator.php(96): Illuminate\\Database\\Migrations\\Migrator->runPending(Array, Array)
#12 C:\\Bitnami\\wampp\\apache2\\htdocs\\laravelprojects\\tlccchoir\\vendor\\laravel\\framework\\src\\Illuminate\\Database\\Console\\Migrations\\MigrateCommand.php(71): Illuminate\\Database\\Migrations\\Migrator->run(Array, Array)
#13 [internal function]: Illuminate\\Database\\Console\\Migrations\\MigrateCommand->handle()
#14 C:\\Bitnami\\wampp\\apache2\\htdocs\\laravelprojects\\tlccchoir\\vendor\\laravel\\framework\\src\\Illuminate\\Container\\BoundMethod.php(29): call_user_func_array(Array, Array)
#15 C:\\Bitnami\\wampp\\apache2\\htdocs\\laravelprojects\\tlccchoir\\vendor\\laravel\\framework\\src\\Illuminate\\Container\\BoundMethod.php(87): Illuminate\\Container\\BoundMethod::Illuminate\\Container\\{closure}()
#16 C:\\Bitnami\\wampp\\apache2\\htdocs\\laravelprojects\\tlccchoir\\vendor\\laravel\\framework\\src\\Illuminate\\Container\\BoundMethod.php(31): Illuminate\\Container\\BoundMethod::callBoundMethod(Object(Illuminate\\Foundation\\Application), Array, Object(Closure))
#17 C:\\Bitnami\\wampp\\apache2\\htdocs\\laravelprojects\\tlccchoir\\vendor\\laravel\\framework\\src\\Illuminate\\Container\\Container.php(572): Illuminate\\Container\\BoundMethod::call(Object(Illuminate\\Foundation\\Application), Array, Array, NULL)
#18 C:\\Bitnami\\wampp\\apache2\\htdocs\\laravelprojects\\tlccchoir\\vendor\\laravel\\framework\\src\\Illuminate\\Console\\Command.php(183): Illuminate\\Container\\Container->call(Array)
#19 C:\\Bitnami\\wampp\\apache2\\htdocs\\laravelprojects\\tlccchoir\\vendor\\symfony\\console\\Command\\Command.php(255): Illuminate\\Console\\Command->execute(Object(Symfony\\Component\\Console\\Input\\ArrayInput), Object(Illuminate\\Console\\OutputStyle))
#20 C:\\Bitnami\\wampp\\apache2\\htdocs\\laravelprojects\\tlccchoir\\vendor\\laravel\\framework\\src\\Illuminate\\Console\\Command.php(170): Symfony\\Component\\Console\\Command\\Command->run(Object(Symfony\\Component\\Console\\Input\\ArrayInput), Object(Illuminate\\Console\\OutputStyle))
#21 C:\\Bitnami\\wampp\\apache2\\htdocs\\laravelprojects\\tlccchoir\\vendor\\laravel\\framework\\src\\Illuminate\\Console\\Command.php(198): Illuminate\\Console\\Command->run(Object(Symfony\\Component\\Console\\Input\\ArrayInput), Object(Illuminate\\Console\\OutputStyle))
#22 C:\\Bitnami\\wampp\\apache2\\htdocs\\laravelprojects\\tlccchoir\\vendor\\laravel\\framework\\src\\Illuminate\\Database\\Console\\Migrations\\FreshCommand.php(55): Illuminate\\Console\\Command->call('migrate', Array)
#23 [internal function]: Illuminate\\Database\\Console\\Migrations\\FreshCommand->handle()
#24 C:\\Bitnami\\wampp\\apache2\\htdocs\\laravelprojects\\tlccchoir\\vendor\\laravel\\framework\\src\\Illuminate\\Container\\BoundMethod.php(29): call_user_func_array(Array, Array)
#25 C:\\Bitnami\\wampp\\apache2\\htdocs\\laravelprojects\\tlccchoir\\vendor\\laravel\\framework\\src\\Illuminate\\Container\\BoundMethod.php(87): Illuminate\\Container\\BoundMethod::Illuminate\\Container\\{closure}()
#26 C:\\Bitnami\\wampp\\apache2\\htdocs\\laravelprojects\\tlccchoir\\vendor\\laravel\\framework\\src\\Illuminate\\Container\\BoundMethod.php(31): Illuminate\\Container\\BoundMethod::callBoundMethod(Object(Illuminate\\Foundation\\Application), Array, Object(Closure))
#27 C:\\Bitnami\\wampp\\apache2\\htdocs\\laravelprojects\\tlccchoir\\vendor\\laravel\\framework\\src\\Illuminate\\Container\\Container.php(572): Illuminate\\Container\\BoundMethod::call(Object(Illuminate\\Foundation\\Application), Array, Array, NULL)
#28 C:\\Bitnami\\wampp\\apache2\\htdocs\\laravelprojects\\tlccchoir\\vendor\\laravel\\framework\\src\\Illuminate\\Console\\Command.php(183): Illuminate\\Container\\Container->call(Array)
#29 C:\\Bitnami\\wampp\\apache2\\htdocs\\laravelprojects\\tlccchoir\\vendor\\symfony\\console\\Command\\Command.php(255): Illuminate\\Console\\Command->execute(Object(Symfony\\Component\\Console\\Input\\ArgvInput), Object(Illuminate\\Console\\OutputStyle))
#30 C:\\Bitnami\\wampp\\apache2\\htdocs\\laravelprojects\\tlccchoir\\vendor\\laravel\\framework\\src\\Illuminate\\Console\\Command.php(170): Symfony\\Component\\Console\\Command\\Command->run(Object(Symfony\\Component\\Console\\Input\\ArgvInput), Object(Illuminate\\Console\\OutputStyle))
#31 C:\\Bitnami\\wampp\\apache2\\htdocs\\laravelprojects\\tlccchoir\\vendor\\symfony\\console\\Application.php(901): Illuminate\\Console\\Command->run(Object(Symfony\\Component\\Console\\Input\\ArgvInput), Object(Symfony\\Component\\Console\\Output\\ConsoleOutput))
#32 C:\\Bitnami\\wampp\\apache2\\htdocs\\laravelprojects\\tlccchoir\\vendor\\symfony\\console\\Application.php(262): Symfony\\Component\\Console\\Application->doRunCommand(Object(Illuminate\\Database\\Console\\Migrations\\FreshCommand), Object(Symfony\\Component\\Console\\Input\\ArgvInput), Object(Symfony\\Component\\Console\\Output\\ConsoleOutput))
#33 C:\\Bitnami\\wampp\\apache2\\htdocs\\laravelprojects\\tlccchoir\\vendor\\symfony\\console\\Application.php(145): Symfony\\Component\\Console\\Application->doRun(Object(Symfony\\Component\\Console\\Input\\ArgvInput), Object(Symfony\\Component\\Console\\Output\\ConsoleOutput))
#34 C:\\Bitnami\\wampp\\apache2\\htdocs\\laravelprojects\\tlccchoir\\vendor\\laravel\\framework\\src\\Illuminate\\Console\\Application.php(89): Symfony\\Component\\Console\\Application->run(Object(Symfony\\Component\\Console\\Input\\ArgvInput), Object(Symfony\\Component\\Console\\Output\\ConsoleOutput))
#35 C:\\Bitnami\\wampp\\apache2\\htdocs\\laravelprojects\\tlccchoir\\vendor\\laravel\\framework\\src\\Illuminate\\Foundation\\Console\\Kernel.php(122): Illuminate\\Console\\Application->run(Object(Symfony\\Component\\Console\\Input\\ArgvInput), Object(Symfony\\Component\\Console\\Output\\ConsoleOutput))
#36 C:\\Bitnami\\wampp\\apache2\\htdocs\\laravelprojects\\tlccchoir\\artisan(37): Illuminate\\Foundation\\Console\\Kernel->handle(Object(Symfony\\Component\\Console\\Input\\ArgvInput), Object(Symfony\\Component\\Console\\Output\\ConsoleOutput))
#37 {main}
"} 
