[2019-06-02 20:49:15] local.ERROR: Please provide a valid cache path. {"exception":"[object] (InvalidArgumentException(code: 0): Please provide a valid cache path. at F:\\Bitnamis\\wamps\\apache2\\htdocs\\LaravelProject\\tlccchoir\\vendor\\laravel\\framework\\src\\Illuminate\\View\\Compilers\\Compiler.php:36)
[stacktrace]
#0 F:\\Bitnamis\\wamps\\apache2\\htdocs\\LaravelProject\\tlccchoir\\vendor\\laravel\\framework\\src\\Illuminate\\View\\ViewServiceProvider.php(141): Illuminate\\View\\Compilers\\Compiler->__construct(Object(Illuminate\\Filesystem\\Filesystem), false)
#1 F:\\Bitnamis\\wamps\\apache2\\htdocs\\LaravelProject\\tlccchoir\\vendor\\laravel\\framework\\src\\Illuminate\\Container\\Container.php(776): Illuminate\\View\\ViewServiceProvider->Illuminate\\View\\{closure}(Object(Illuminate\\Foundation\\Application), Array)
#2 F:\\Bitnamis\\wamps\\apache2\\htdocs\\LaravelProject\\tlccchoir\\vendor\\laravel\\framework\\src\\Illuminate\\Container\\Container.php(658): Illuminate\\Container\\Container->build(Object(Closure))
#3 F:\\Bitnamis\\wamps\\apache2\\htdocs\\LaravelProject\\tlccchoir\\vendor\\laravel\\framework\\src\\Illuminate\\Container\\Container.php(609): Illuminate\\Container\\Container->resolve('blade.compiler', Array)
#4 F:\\Bitnamis\\wamps\\apache2\\htdocs\\LaravelProject\\tlccchoir\\vendor\\laravel\\framework\\src\\Illuminate\\Foundation\\Application.php(759): Illuminate\\Container\\Container->make('blade.compiler', Array)
#5 F:\\Bitnamis\\wamps\\apache2\\htdocs\\LaravelProject\\tlccchoir\\vendor\\laravel\\framework\\src\\Illuminate\\Container\\Container.php(1222): Illuminate\\Foundation\\Application->make('blade.compiler')
#6 F:\\Bitnamis\\wamps\\apache2\\htdocs\\LaravelProject\\tlccchoir\\vendor\\laravel\\framework\\src\\Illuminate\\View\\ViewServiceProvider.php(146): Illuminate\\Container\\Container->offsetGet('blade.compiler')
#7 [internal function]: Illuminate\\View\\ViewServiceProvider->Illuminate\\View\\{closure}()
#8 F:\\Bitnamis\\wamps\\apache2\\htdocs\\LaravelProject\\tlccchoir\\vendor\\laravel\\framework\\src\\Illuminate\\View\\Engines\\EngineResolver.php(55): call_user_func(Object(Closure))
#9 F:\\Bitnamis\\wamps\\apache2\\htdocs\\LaravelProject\\tlccchoir\\vendor\\laravel\\framework\\src\\Illuminate\\Support\\Facades\\Blade.php(34): Illuminate\\View\\Engines\\EngineResolver->resolve('blade')
#10 F:\\Bitnamis\\wamps\\apache2\\htdocs\\LaravelProject\\tlccchoir\\vendor\\laravel\\framework\\src\\Illuminate\\Support\\Facades\\Facade.php(144): Illuminate\\Support\\Facades\\Blade::getFacadeAccessor()
#11 F:\\Bitnamis\\wamps\\apache2\\htdocs\\LaravelProject\\tlccchoir\\vendor\\laravel\\framework\\src\\Illuminate\\Support\\Facades\\Facade.php(231): Illuminate\\Support\\Facades\\Facade::getFacadeRoot()
#12 F:\\Bitnamis\\wamps\\apache2\\htdocs\\LaravelProject\\tlccchoir\\vendor\\zizaco\\entrust\\src\\Entrust\\EntrustServiceProvider.php(67): Illuminate\\Support\\Facades\\Facade::__callStatic('directive', Array)
#13 F:\\Bitnamis\\wamps\\apache2\\htdocs\\LaravelProject\\tlccchoir\\vendor\\zizaco\\entrust\\src\\Entrust\\EntrustServiceProvider.php(38): Zizaco\\Entrust\\EntrustServiceProvider->bladeDirectives()
#14 [internal function]: Zizaco\\Entrust\\EntrustServiceProvider->boot()
#15 F:\\Bitnamis\\wamps\\apache2\\htdocs\\LaravelProject\\tlccchoir\\vendor\\laravel\\framework\\src\\Illuminate\\Container\\BoundMethod.php(29): call_user_func_array(Array, Array)
#16 F:\\Bitnamis\\wamps\\apache2\\htdocs\\LaravelProject\\tlccchoir\\vendor\\laravel\\framework\\src\\Illuminate\\Container\\BoundMethod.php(87): Illuminate\\Container\\BoundMethod::Illuminate\\Container\\{closure}()
#17 F:\\Bitnamis\\wamps\\apache2\\htdocs\\LaravelProject\\tlccchoir\\vendor\\laravel\\framework\\src\\Illuminate\\Container\\BoundMethod.php(31): Illuminate\\Container\\BoundMethod::callBoundMethod(Object(Illuminate\\Foundation\\Application), Array, Object(Closure))
#18 F:\\Bitnamis\\wamps\\apache2\\htdocs\\LaravelProject\\tlccchoir\\vendor\\laravel\\framework\\src\\Illuminate\\Container\\Container.php(572): Illuminate\\Container\\BoundMethod::call(Object(Illuminate\\Foundation\\Application), Array, Array, NULL)
#19 F:\\Bitnamis\\wamps\\apache2\\htdocs\\LaravelProject\\tlccchoir\\vendor\\laravel\\framework\\src\\Illuminate\\Foundation\\Application.php(819): Illuminate\\Container\\Container->call(Array)
#20 F:\\Bitnamis\\wamps\\apache2\\htdocs\\LaravelProject\\tlccchoir\\vendor\\laravel\\framework\\src\\Illuminate\\Foundation\\Application.php(802): Illuminate\\Foundation\\Application->bootProvider(Object(Zizaco\\Entrust\\EntrustServiceProvider))
#21 [internal function]: Illuminate\\Foundation\\Application->Illuminate\\Foundation\\{closure}(Object(Zizaco\\Entrust\\EntrustServiceProvider), 23)
#22 F:\\Bitnamis\\wamps\\apache2\\htdocs\\LaravelProject\\tlccchoir\\vendor\\laravel\\framework\\src\\Illuminate\\Foundation\\Application.php(803): array_walk(Array, Object(Closure))
#23 F:\\Bitnamis\\wamps\\apache2\\htdocs\\LaravelProject\\tlccchoir\\vendor\\laravel\\framework\\src\\Illuminate\\Foundation\\Bootstrap\\BootProviders.php(17): Illuminate\\Foundation\\Application->boot()
#24 F:\\Bitnamis\\wamps\\apache2\\htdocs\\LaravelProject\\tlccchoir\\vendor\\laravel\\framework\\src\\Illuminate\\Foundation\\Application.php(211): Illuminate\\Foundation\\Bootstrap\\BootProviders->bootstrap(Object(Illuminate\\Foundation\\Application))
#25 F:\\Bitnamis\\wamps\\apache2\\htdocs\\LaravelProject\\tlccchoir\\vendor\\laravel\\framework\\src\\Illuminate\\Foundation\\Console\\Kernel.php(297): Illuminate\\Foundation\\Application->bootstrapWith(Array)
#26 F:\\Bitnamis\\wamps\\apache2\\htdocs\\LaravelProject\\tlccchoir\\vendor\\laravel\\framework\\src\\Illuminate\\Foundation\\Console\\Kernel.php(120): Illuminate\\Foundation\\Console\\Kernel->bootstrap()
#27 F:\\Bitnamis\\wamps\\apache2\\htdocs\\LaravelProject\\tlccchoir\\artisan(37): Illuminate\\Foundation\\Console\\Kernel->handle(Object(Symfony\\Component\\Console\\Input\\ArgvInput), Object(Symfony\\Component\\Console\\Output\\ConsoleOutput))
#28 {main}
"} 
