[2019-01-26 20:24:25] local.ERROR: Method Illuminate\Routing\Route::names does not exist. {"exception":"[object] (BadMethodCallException(code: 0): Method Illuminate\\Routing\\Route::names does not exist. at C:\\Bitnami\\wampp\\apache2\\htdocs\\laravelprojects\\tlccchoir\\vendor\\laravel\\framework\\src\\Illuminate\\Support\\Traits\\Macroable.php:100)
[stacktrace]
#0 C:\\Bitnami\\wampp\\apache2\\htdocs\\laravelprojects\\tlccchoir\outes\\web.php(137): Illuminate\\Routing\\Route->__call('names', Array)
#1 C:\\Bitnami\\wampp\\apache2\\htdocs\\laravelprojects\\tlccchoir\\vendor\\laravel\\framework\\src\\Illuminate\\Routing\\Router.php(417): require('C:\\\\Bitnami\\\\wamp...')
#2 C:\\Bitnami\\wampp\\apache2\\htdocs\\laravelprojects\\tlccchoir\\vendor\\laravel\\framework\\src\\Illuminate\\Routing\\Router.php(373): Illuminate\\Routing\\Router->loadRoutes('C:\\\\Bitnami\\\\wamp...')
#3 C:\\Bitnami\\wampp\\apache2\\htdocs\\laravelprojects\\tlccchoir\\vendor\\laravel\\framework\\src\\Illuminate\\Routing\\RouteRegistrar.php(121): Illuminate\\Routing\\Router->group(Array, 'C:\\\\Bitnami\\\\wamp...')
#4 C:\\Bitnami\\wampp\\apache2\\htdocs\\laravelprojects\\tlccchoir\\app\\Providers\\RouteServiceProvider.php(56): Illuminate\\Routing\\RouteRegistrar->group('C:\\\\Bitnami\\\\wamp...')
#5 C:\\Bitnami\\wampp\\apache2\\htdocs\\laravelprojects\\tlccchoir\\app\\Providers\\RouteServiceProvider.php(40): App\\Providers\\RouteServiceProvider->mapWebRoutes()
#6 [internal function]: App\\Providers\\RouteServiceProvider->map()
#7 C:\\Bitnami\\wampp\\apache2\\htdocs\\laravelprojects\\tlccchoir\\vendor\\laravel\\framework\\src\\Illuminate\\Container\\BoundMethod.php(29): call_user_func_array(Array, Array)
#8 C:\\Bitnami\\wampp\\apache2\\htdocs\\laravelprojects\\tlccchoir\\vendor\\laravel\\framework\\src\\Illuminate\\Container\\BoundMethod.php(87): Illuminate\\Container\\BoundMethod::Illuminate\\Container\\{closure}()
#9 C:\\Bitnami\\wampp\\apache2\\htdocs\\laravelprojects\\tlccchoir\\vendor\\laravel\\framework\\src\\Illuminate\\Container\\BoundMethod.php(31): Illuminate\\Container\\BoundMethod::callBoundMethod(Object(Illuminate\\Foundation\\Application), Array, Object(Closure))
#10 C:\\Bitnami\\wampp\\apache2\\htdocs\\laravelprojects\\tlccchoir\\vendor\\laravel\\framework\\src\\Illuminate\\Container\\Container.php(572): Illuminate\\Container\\BoundMethod::call(Object(Illuminate\\Foundation\\Application), Array, Array, NULL)
#11 C:\\Bitnami\\wampp\\apache2\\htdocs\\laravelprojects\\tlccchoir\\vendor\\laravel\\framework\\src\\Illuminate\\Foundation\\Support\\Providers\\RouteServiceProvider.php(77): Illuminate\\Container\\Container->call(Array)
#12 C:\\Bitnami\\wampp\\apache2\\htdocs\\laravelprojects\\tlccchoir\\vendor\\laravel\\framework\\src\\Illuminate\\Foundation\\Support\\Providers\\RouteServiceProvider.php(36): Illuminate\\Foundation\\Support\\Providers\\RouteServiceProvider->loadRoutes()
#13 C:\\Bitnami\\wampp\\apache2\\htdocs\\laravelprojects\\tlccchoir\\app\\Providers\\RouteServiceProvider.php(28): Illuminate\\Foundation\\Support\\Providers\\RouteServiceProvider->boot()
#14 [internal function]: App\\Providers\\RouteServiceProvider->boot()
#15 C:\\Bitnami\\wampp\\apache2\\htdocs\\laravelprojects\\tlccchoir\\vendor\\laravel\\framework\\src\\Illuminate\\Container\\BoundMethod.php(29): call_user_func_array(Array, Array)
#16 C:\\Bitnami\\wampp\\apache2\\htdocs\\laravelprojects\\tlccchoir\\vendor\\laravel\\framework\\src\\Illuminate\\Container\\BoundMethod.php(87): Illuminate\\Container\\BoundMethod::Illuminate\\Container\\{closure}()
#17 C:\\Bitnami\\wampp\\apache2\\htdocs\\laravelprojects\\tlccchoir\\vendor\\laravel\\framework\\src\\Illuminate\\Container\\BoundMethod.php(31): Illuminate\\Container\\BoundMethod::callBoundMethod(Object(Illuminate\\Foundation\\Application), Array, Object(Closure))
#18 C:\\Bitnami\\wampp\\apache2\\htdocs\\laravelprojects\\tlccchoir\\vendor\\laravel\\framework\\src\\Illuminate\\Container\\Container.php(572): Illuminate\\Container\\BoundMethod::call(Object(Illuminate\\Foundation\\Application), Array, Array, NULL)
#19 C:\\Bitnami\\wampp\\apache2\\htdocs\\laravelprojects\\tlccchoir\\vendor\\laravel\\framework\\src\\Illuminate\\Foundation\\Application.php(795): Illuminate\\Container\\Container->call(Array)
#20 C:\\Bitnami\\wampp\\apache2\\htdocs\\laravelprojects\\tlccchoir\\vendor\\laravel\\framework\\src\\Illuminate\\Foundation\\Application.php(778): Illuminate\\Foundation\\Application->bootProvider(Object(App\\Providers\\RouteServiceProvider))
#21 [internal function]: Illuminate\\Foundation\\Application->Illuminate\\Foundation\\{closure}(Object(App\\Providers\\RouteServiceProvider), 28)
#22 C:\\Bitnami\\wampp\\apache2\\htdocs\\laravelprojects\\tlccchoir\\vendor\\laravel\\framework\\src\\Illuminate\\Foundation\\Application.php(779): array_walk(Array, Object(Closure))
#23 C:\\Bitnami\\wampp\\apache2\\htdocs\\laravelprojects\\tlccchoir\\vendor\\laravel\\framework\\src\\Illuminate\\Foundation\\Bootstrap\\BootProviders.php(17): Illuminate\\Foundation\\Application->boot()
#24 C:\\Bitnami\\wampp\\apache2\\htdocs\\laravelprojects\\tlccchoir\\vendor\\laravel\\framework\\src\\Illuminate\\Foundation\\Application.php(204): Illuminate\\Foundation\\Bootstrap\\BootProviders->bootstrap(Object(Illuminate\\Foundation\\Application))
#25 C:\\Bitnami\\wampp\\apache2\\htdocs\\laravelprojects\\tlccchoir\\vendor\\laravel\\framework\\src\\Illuminate\\Foundation\\Console\\Kernel.php(297): Illuminate\\Foundation\\Application->bootstrapWith(Array)
#26 C:\\Bitnami\\wampp\\apache2\\htdocs\\laravelprojects\\tlccchoir\\vendor\\laravel\\framework\\src\\Illuminate\\Foundation\\Console\\Kernel.php(120): Illuminate\\Foundation\\Console\\Kernel->bootstrap()
#27 C:\\Bitnami\\wampp\\apache2\\htdocs\\laravelprojects\\tlccchoir\\artisan(37): Illuminate\\Foundation\\Console\\Kernel->handle(Object(Symfony\\Component\\Console\\Input\\ArgvInput), Object(Symfony\\Component\\Console\\Output\\ConsoleOutput))
#28 {main}
"} 
[2019-01-26 21:14:22] local.ERROR: Method Illuminate\Routing\Route::names does not exist. {"exception":"[object] (BadMethodCallException(code: 0): Method Illuminate\\Routing\\Route::names does not exist. at C:\\Bitnami\\wampp\\apache2\\htdocs\\laravelprojects\\tlccchoir\\vendor\\laravel\\framework\\src\\Illuminate\\Support\\Traits\\Macroable.php:100)
[stacktrace]
#0 C:\\Bitnami\\wampp\\apache2\\htdocs\\laravelprojects\\tlccchoir\outes\\web.php(137): Illuminate\\Routing\\Route->__call('names', Array)
#1 C:\\Bitnami\\wampp\\apache2\\htdocs\\laravelprojects\\tlccchoir\\vendor\\laravel\\framework\\src\\Illuminate\\Routing\\Router.php(417): require('C:\\\\Bitnami\\\\wamp...')
#2 C:\\Bitnami\\wampp\\apache2\\htdocs\\laravelprojects\\tlccchoir\\vendor\\laravel\\framework\\src\\Illuminate\\Routing\\Router.php(373): Illuminate\\Routing\\Router->loadRoutes('C:\\\\Bitnami\\\\wamp...')
#3 C:\\Bitnami\\wampp\\apache2\\htdocs\\laravelprojects\\tlccchoir\\vendor\\laravel\\framework\\src\\Illuminate\\Routing\\RouteRegistrar.php(121): Illuminate\\Routing\\Router->group(Array, 'C:\\\\Bitnami\\\\wamp...')
#4 C:\\Bitnami\\wampp\\apache2\\htdocs\\laravelprojects\\tlccchoir\\app\\Providers\\RouteServiceProvider.php(56): Illuminate\\Routing\\RouteRegistrar->group('C:\\\\Bitnami\\\\wamp...')
#5 C:\\Bitnami\\wampp\\apache2\\htdocs\\laravelprojects\\tlccchoir\\app\\Providers\\RouteServiceProvider.php(40): App\\Providers\\RouteServiceProvider->mapWebRoutes()
#6 [internal function]: App\\Providers\\RouteServiceProvider->map()
#7 C:\\Bitnami\\wampp\\apache2\\htdocs\\laravelprojects\\tlccchoir\\vendor\\laravel\\framework\\src\\Illuminate\\Container\\BoundMethod.php(29): call_user_func_array(Array, Array)
#8 C:\\Bitnami\\wampp\\apache2\\htdocs\\laravelprojects\\tlccchoir\\vendor\\laravel\\framework\\src\\Illuminate\\Container\\BoundMethod.php(87): Illuminate\\Container\\BoundMethod::Illuminate\\Container\\{closure}()
#9 C:\\Bitnami\\wampp\\apache2\\htdocs\\laravelprojects\\tlccchoir\\vendor\\laravel\\framework\\src\\Illuminate\\Container\\BoundMethod.php(31): Illuminate\\Container\\BoundMethod::callBoundMethod(Object(Illuminate\\Foundation\\Application), Array, Object(Closure))
#10 C:\\Bitnami\\wampp\\apache2\\htdocs\\laravelprojects\\tlccchoir\\vendor\\laravel\\framework\\src\\Illuminate\\Container\\Container.php(572): Illuminate\\Container\\BoundMethod::call(Object(Illuminate\\Foundation\\Application), Array, Array, NULL)
#11 C:\\Bitnami\\wampp\\apache2\\htdocs\\laravelprojects\\tlccchoir\\vendor\\laravel\\framework\\src\\Illuminate\\Foundation\\Support\\Providers\\RouteServiceProvider.php(77): Illuminate\\Container\\Container->call(Array)
#12 C:\\Bitnami\\wampp\\apache2\\htdocs\\laravelprojects\\tlccchoir\\vendor\\laravel\\framework\\src\\Illuminate\\Foundation\\Support\\Providers\\RouteServiceProvider.php(36): Illuminate\\Foundation\\Support\\Providers\\RouteServiceProvider->loadRoutes()
#13 C:\\Bitnami\\wampp\\apache2\\htdocs\\laravelprojects\\tlccchoir\\app\\Providers\\RouteServiceProvider.php(28): Illuminate\\Foundation\\Support\\Providers\\RouteServiceProvider->boot()
#14 [internal function]: App\\Providers\\RouteServiceProvider->boot()
#15 C:\\Bitnami\\wampp\\apache2\\htdocs\\laravelprojects\\tlccchoir\\vendor\\laravel\\framework\\src\\Illuminate\\Container\\BoundMethod.php(29): call_user_func_array(Array, Array)
#16 C:\\Bitnami\\wampp\\apache2\\htdocs\\laravelprojects\\tlccchoir\\vendor\\laravel\\framework\\src\\Illuminate\\Container\\BoundMethod.php(87): Illuminate\\Container\\BoundMethod::Illuminate\\Container\\{closure}()
#17 C:\\Bitnami\\wampp\\apache2\\htdocs\\laravelprojects\\tlccchoir\\vendor\\laravel\\framework\\src\\Illuminate\\Container\\BoundMethod.php(31): Illuminate\\Container\\BoundMethod::callBoundMethod(Object(Illuminate\\Foundation\\Application), Array, Object(Closure))
#18 C:\\Bitnami\\wampp\\apache2\\htdocs\\laravelprojects\\tlccchoir\\vendor\\laravel\\framework\\src\\Illuminate\\Container\\Container.php(572): Illuminate\\Container\\BoundMethod::call(Object(Illuminate\\Foundation\\Application), Array, Array, NULL)
#19 C:\\Bitnami\\wampp\\apache2\\htdocs\\laravelprojects\\tlccchoir\\vendor\\laravel\\framework\\src\\Illuminate\\Foundation\\Application.php(795): Illuminate\\Container\\Container->call(Array)
#20 C:\\Bitnami\\wampp\\apache2\\htdocs\\laravelprojects\\tlccchoir\\vendor\\laravel\\framework\\src\\Illuminate\\Foundation\\Application.php(778): Illuminate\\Foundation\\Application->bootProvider(Object(App\\Providers\\RouteServiceProvider))
#21 [internal function]: Illuminate\\Foundation\\Application->Illuminate\\Foundation\\{closure}(Object(App\\Providers\\RouteServiceProvider), 28)
#22 C:\\Bitnami\\wampp\\apache2\\htdocs\\laravelprojects\\tlccchoir\\vendor\\laravel\\framework\\src\\Illuminate\\Foundation\\Application.php(779): array_walk(Array, Object(Closure))
#23 C:\\Bitnami\\wampp\\apache2\\htdocs\\laravelprojects\\tlccchoir\\vendor\\laravel\\framework\\src\\Illuminate\\Foundation\\Bootstrap\\BootProviders.php(17): Illuminate\\Foundation\\Application->boot()
#24 C:\\Bitnami\\wampp\\apache2\\htdocs\\laravelprojects\\tlccchoir\\vendor\\laravel\\framework\\src\\Illuminate\\Foundation\\Application.php(204): Illuminate\\Foundation\\Bootstrap\\BootProviders->bootstrap(Object(Illuminate\\Foundation\\Application))
#25 C:\\Bitnami\\wampp\\apache2\\htdocs\\laravelprojects\\tlccchoir\\vendor\\laravel\\framework\\src\\Illuminate\\Foundation\\Console\\Kernel.php(297): Illuminate\\Foundation\\Application->bootstrapWith(Array)
#26 C:\\Bitnami\\wampp\\apache2\\htdocs\\laravelprojects\\tlccchoir\\vendor\\laravel\\framework\\src\\Illuminate\\Foundation\\Console\\Kernel.php(120): Illuminate\\Foundation\\Console\\Kernel->bootstrap()
#27 C:\\Bitnami\\wampp\\apache2\\htdocs\\laravelprojects\\tlccchoir\\artisan(37): Illuminate\\Foundation\\Console\\Kernel->handle(Object(Symfony\\Component\\Console\\Input\\ArgvInput), Object(Symfony\\Component\\Console\\Output\\ConsoleOutput))
#28 {main}
"} 
