[2019-06-18 13:35:30] local.ERROR: array_merge(): Argument #1 is not an array {"exception":"[object] (ErrorException(code: 0): array_merge(): Argument #1 is not an array at F:\\Bitnamis\\wamps\\apache2\\htdocs\\LaravelProject\\tlccchoir\\vendor\\jrm2k6\\cloudder\\src\\JD\\Cloudder\\CloudinaryWrapper.php:167)
[stacktrace]
#0 [internal function]: Illuminate\\Foundation\\Bootstrap\\HandleExceptions->handleError(2, 'array_merge(): ...', 'F:\\\\Bitnamis\\\\wam...', 167, Array)
#1 F:\\Bitnamis\\wamps\\apache2\\htdocs\\LaravelProject\\tlccchoir\\vendor\\jrm2k6\\cloudder\\src\\JD\\Cloudder\\CloudinaryWrapper.php(167): array_merge(NULL, Array)
#2 F:\\Bitnamis\\wamps\\apache2\\htdocs\\LaravelProject\\tlccchoir\\vendor\\laravel\\framework\\src\\Illuminate\\Support\\Facades\\Facade.php(237): JD\\Cloudder\\CloudinaryWrapper->uploadVideo('F:\\\\Bitnamis\\\\wam...', NULL, NULL)
#3 F:\\Bitnamis\\wamps\\apache2\\htdocs\\LaravelProject\\tlccchoir\\app\\Http\\Controllers\\MusicController.php(52): Illuminate\\Support\\Facades\\Facade::__callStatic('uploadVideo', Array)
#4 [internal function]: App\\Http\\Controllers\\MusicController->store(Object(Illuminate\\Http\\Request))
#5 F:\\Bitnamis\\wamps\\apache2\\htdocs\\LaravelProject\\tlccchoir\\vendor\\laravel\\framework\\src\\Illuminate\\Routing\\Controller.php(54): call_user_func_array(Array, Array)
#6 F:\\Bitnamis\\wamps\\apache2\\htdocs\\LaravelProject\\tlccchoir\\vendor\\laravel\\framework\\src\\Illuminate\\Routing\\ControllerDispatcher.php(45): Illuminate\\Routing\\Controller->callAction('store', Array)
#7 F:\\Bitnamis\\wamps\\apache2\\htdocs\\LaravelProject\\tlccchoir\\vendor\\laravel\\framework\\src\\Illuminate\\Routing\\Route.php(219): Illuminate\\Routing\\ControllerDispatcher->dispatch(Object(Illuminate\\Routing\\Route), Object(App\\Http\\Controllers\\MusicController), 'store')
#8 F:\\Bitnamis\\wamps\\apache2\\htdocs\\LaravelProject\\tlccchoir\\vendor\\laravel\\framework\\src\\Illuminate\\Routing\\Route.php(176): Illuminate\\Routing\\Route->runController()
#9 F:\\Bitnamis\\wamps\\apache2\\htdocs\\LaravelProject\\tlccchoir\\vendor\\laravel\\framework\\src\\Illuminate\\Routing\\Router.php(682): Illuminate\\Routing\\Route->run()
#10 F:\\Bitnamis\\wamps\\apache2\\htdocs\\LaravelProject\\tlccchoir\\vendor\\laravel\\framework\\src\\Illuminate\\Routing\\Pipeline.php(30): Illuminate\\Routing\\Router->Illuminate\\Routing\\{closure}(Object(Illuminate\\Http\\Request))
#11 F:\\Bitnamis\\wamps\\apache2\\htdocs\\LaravelProject\\tlccchoir\\vendor\\laravel\\framework\\src\\Illuminate\\Routing\\Middleware\\SubstituteBindings.php(41): Illuminate\\Routing\\Pipeline->Illuminate\\Routing\\{closure}(Object(Illuminate\\Http\\Request))
#12 F:\\Bitnamis\\wamps\\apache2\\htdocs\\LaravelProject\\tlccchoir\\vendor\\laravel\\framework\\src\\Illuminate\\Pipeline\\Pipeline.php(151): Illuminate\\Routing\\Middleware\\SubstituteBindings->handle(Object(Illuminate\\Http\\Request), Object(Closure))
#13 F:\\Bitnamis\\wamps\\apache2\\htdocs\\LaravelProject\\tlccchoir\\vendor\\laravel\\framework\\src\\Illuminate\\Routing\\Pipeline.php(53): Illuminate\\Pipeline\\Pipeline->Illuminate\\Pipeline\\{closure}(Object(Illuminate\\Http\\Request))
#14 F:\\Bitnamis\\wamps\\apache2\\htdocs\\LaravelProject\\tlccchoir\\vendor\\laravel\\framework\\src\\Illuminate\\Foundation\\Http\\Middleware\\VerifyCsrfToken.php(75): Illuminate\\Routing\\Pipeline->Illuminate\\Routing\\{closure}(Object(Illuminate\\Http\\Request))
#15 F:\\Bitnamis\\wamps\\apache2\\htdocs\\LaravelProject\\tlccchoir\\vendor\\laravel\\framework\\src\\Illuminate\\Pipeline\\Pipeline.php(151): Illuminate\\Foundation\\Http\\Middleware\\VerifyCsrfToken->handle(Object(Illuminate\\Http\\Request), Object(Closure))
#16 F:\\Bitnamis\\wamps\\apache2\\htdocs\\LaravelProject\\tlccchoir\\vendor\\laravel\\framework\\src\\Illuminate\\Routing\\Pipeline.php(53): Illuminate\\Pipeline\\Pipeline->Illuminate\\Pipeline\\{closure}(Object(Illuminate\\Http\\Request))
#17 F:\\Bitnamis\\wamps\\apache2\\htdocs\\LaravelProject\\tlccchoir\\vendor\\laravel\\framework\\src\\Illuminate\\View\\Middleware\\ShareErrorsFromSession.php(49): Illuminate\\Routing\\Pipeline->Illuminate\\Routing\\{closure}(Object(Illuminate\\Http\\Request))
#18 F:\\Bitnamis\\wamps\\apache2\\htdocs\\LaravelProject\\tlccchoir\\vendor\\laravel\\framework\\src\\Illuminate\\Pipeline\\Pipeline.php(151): Illuminate\\View\\Middleware\\ShareErrorsFromSession->handle(Object(Illuminate\\Http\\Request), Object(Closure))
#19 F:\\Bitnamis\\wamps\\apache2\\htdocs\\LaravelProject\\tlccchoir\\vendor\\laravel\\framework\\src\\Illuminate\\Routing\\Pipeline.php(53): Illuminate\\Pipeline\\Pipeline->Illuminate\\Pipeline\\{closure}(Object(Illuminate\\Http\\Request))
#20 F:\\Bitnamis\\wamps\\apache2\\htdocs\\LaravelProject\\tlccchoir\\vendor\\laravel\\framework\\src\\Illuminate\\Session\\Middleware\\StartSession.php(63): Illuminate\\Routing\\Pipeline->Illuminate\\Routing\\{closure}(Object(Illuminate\\Http\\Request))
#21 F:\\Bitnamis\\wamps\\apache2\\htdocs\\LaravelProject\\tlccchoir\\vendor\\laravel\\framework\\src\\Illuminate\\Pipeline\\Pipeline.php(151): Illuminate\\Session\\Middleware\\StartSession->handle(Object(Illuminate\\Http\\Request), Object(Closure))
#22 F:\\Bitnamis\\wamps\\apache2\\htdocs\\LaravelProject\\tlccchoir\\vendor\\laravel\\framework\\src\\Illuminate\\Routing\\Pipeline.php(53): Illuminate\\Pipeline\\Pipeline->Illuminate\\Pipeline\\{closure}(Object(Illuminate\\Http\\Request))
#23 F:\\Bitnamis\\wamps\\apache2\\htdocs\\LaravelProject\\tlccchoir\\vendor\\laravel\\framework\\src\\Illuminate\\Cookie\\Middleware\\AddQueuedCookiesToResponse.php(37): Illuminate\\Routing\\Pipeline->Illuminate\\Routing\\{closure}(Object(Illuminate\\Http\\Request))
#24 F:\\Bitnamis\\wamps\\apache2\\htdocs\\LaravelProject\\tlccchoir\\vendor\\laravel\\framework\\src\\Illuminate\\Pipeline\\Pipeline.php(151): Illuminate\\Cookie\\Middleware\\AddQueuedCookiesToResponse->handle(Object(Illuminate\\Http\\Request), Object(Closure))
#25 F:\\Bitnamis\\wamps\\apache2\\htdocs\\LaravelProject\\tlccchoir\\vendor\\laravel\\framework\\src\\Illuminate\\Routing\\Pipeline.php(53): Illuminate\\Pipeline\\Pipeline->Illuminate\\Pipeline\\{closure}(Object(Illuminate\\Http\\Request))
#26 F:\\Bitnamis\\wamps\\apache2\\htdocs\\LaravelProject\\tlccchoir\\vendor\\laravel\\framework\\src\\Illuminate\\Cookie\\Middleware\\EncryptCookies.php(66): Illuminate\\Routing\\Pipeline->Illuminate\\Routing\\{closure}(Object(Illuminate\\Http\\Request))
#27 F:\\Bitnamis\\wamps\\apache2\\htdocs\\LaravelProject\\tlccchoir\\vendor\\laravel\\framework\\src\\Illuminate\\Pipeline\\Pipeline.php(151): Illuminate\\Cookie\\Middleware\\EncryptCookies->handle(Object(Illuminate\\Http\\Request), Object(Closure))
#28 F:\\Bitnamis\\wamps\\apache2\\htdocs\\LaravelProject\\tlccchoir\\vendor\\laravel\\framework\\src\\Illuminate\\Routing\\Pipeline.php(53): Illuminate\\Pipeline\\Pipeline->Illuminate\\Pipeline\\{closure}(Object(Illuminate\\Http\\Request))
#29 F:\\Bitnamis\\wamps\\apache2\\htdocs\\LaravelProject\\tlccchoir\\vendor\\laravel\\framework\\src\\Illuminate\\Pipeline\\Pipeline.php(104): Illuminate\\Routing\\Pipeline->Illuminate\\Routing\\{closure}(Object(Illuminate\\Http\\Request))
#30 F:\\Bitnamis\\wamps\\apache2\\htdocs\\LaravelProject\\tlccchoir\\vendor\\laravel\\framework\\src\\Illuminate\\Routing\\Router.php(684): Illuminate\\Pipeline\\Pipeline->then(Object(Closure))
#31 F:\\Bitnamis\\wamps\\apache2\\htdocs\\LaravelProject\\tlccchoir\\vendor\\laravel\\framework\\src\\Illuminate\\Routing\\Router.php(659): Illuminate\\Routing\\Router->runRouteWithinStack(Object(Illuminate\\Routing\\Route), Object(Illuminate\\Http\\Request))
#32 F:\\Bitnamis\\wamps\\apache2\\htdocs\\LaravelProject\\tlccchoir\\vendor\\laravel\\framework\\src\\Illuminate\\Routing\\Router.php(625): Illuminate\\Routing\\Router->runRoute(Object(Illuminate\\Http\\Request), Object(Illuminate\\Routing\\Route))
#33 F:\\Bitnamis\\wamps\\apache2\\htdocs\\LaravelProject\\tlccchoir\\vendor\\laravel\\framework\\src\\Illuminate\\Routing\\Router.php(614): Illuminate\\Routing\\Router->dispatchToRoute(Object(Illuminate\\Http\\Request))
#34 F:\\Bitnamis\\wamps\\apache2\\htdocs\\LaravelProject\\tlccchoir\\vendor\\laravel\\framework\\src\\Illuminate\\Foundation\\Http\\Kernel.php(176): Illuminate\\Routing\\Router->dispatch(Object(Illuminate\\Http\\Request))
#35 F:\\Bitnamis\\wamps\\apache2\\htdocs\\LaravelProject\\tlccchoir\\vendor\\laravel\\framework\\src\\Illuminate\\Routing\\Pipeline.php(30): Illuminate\\Foundation\\Http\\Kernel->Illuminate\\Foundation\\Http\\{closure}(Object(Illuminate\\Http\\Request))
#36 F:\\Bitnamis\\wamps\\apache2\\htdocs\\LaravelProject\\tlccchoir\\vendor\\fideloper\\proxy\\src\\TrustProxies.php(57): Illuminate\\Routing\\Pipeline->Illuminate\\Routing\\{closure}(Object(Illuminate\\Http\\Request))
#37 F:\\Bitnamis\\wamps\\apache2\\htdocs\\LaravelProject\\tlccchoir\\vendor\\laravel\\framework\\src\\Illuminate\\Pipeline\\Pipeline.php(151): Fideloper\\Proxy\\TrustProxies->handle(Object(Illuminate\\Http\\Request), Object(Closure))
#38 F:\\Bitnamis\\wamps\\apache2\\htdocs\\LaravelProject\\tlccchoir\\vendor\\laravel\\framework\\src\\Illuminate\\Routing\\Pipeline.php(53): Illuminate\\Pipeline\\Pipeline->Illuminate\\Pipeline\\{closure}(Object(Illuminate\\Http\\Request))
#39 F:\\Bitnamis\\wamps\\apache2\\htdocs\\LaravelProject\\tlccchoir\\vendor\\laravel\\framework\\src\\Illuminate\\Foundation\\Http\\Middleware\\TransformsRequest.php(31): Illuminate\\Routing\\Pipeline->Illuminate\\Routing\\{closure}(Object(Illuminate\\Http\\Request))
#40 F:\\Bitnamis\\wamps\\apache2\\htdocs\\LaravelProject\\tlccchoir\\vendor\\laravel\\framework\\src\\Illuminate\\Pipeline\\Pipeline.php(151): Illuminate\\Foundation\\Http\\Middleware\\TransformsRequest->handle(Object(Illuminate\\Http\\Request), Object(Closure))
#41 F:\\Bitnamis\\wamps\\apache2\\htdocs\\LaravelProject\\tlccchoir\\vendor\\laravel\\framework\\src\\Illuminate\\Routing\\Pipeline.php(53): Illuminate\\Pipeline\\Pipeline->Illuminate\\Pipeline\\{closure}(Object(Illuminate\\Http\\Request))
#42 F:\\Bitnamis\\wamps\\apache2\\htdocs\\LaravelProject\\tlccchoir\\vendor\\laravel\\framework\\src\\Illuminate\\Foundation\\Http\\Middleware\\TransformsRequest.php(31): Illuminate\\Routing\\Pipeline->Illuminate\\Routing\\{closure}(Object(Illuminate\\Http\\Request))
#43 F:\\Bitnamis\\wamps\\apache2\\htdocs\\LaravelProject\\tlccchoir\\vendor\\laravel\\framework\\src\\Illuminate\\Pipeline\\Pipeline.php(151): Illuminate\\Foundation\\Http\\Middleware\\TransformsRequest->handle(Object(Illuminate\\Http\\Request), Object(Closure))
#44 F:\\Bitnamis\\wamps\\apache2\\htdocs\\LaravelProject\\tlccchoir\\vendor\\laravel\\framework\\src\\Illuminate\\Routing\\Pipeline.php(53): Illuminate\\Pipeline\\Pipeline->Illuminate\\Pipeline\\{closure}(Object(Illuminate\\Http\\Request))
#45 F:\\Bitnamis\\wamps\\apache2\\htdocs\\LaravelProject\\tlccchoir\\vendor\\laravel\\framework\\src\\Illuminate\\Foundation\\Http\\Middleware\\ValidatePostSize.php(27): Illuminate\\Routing\\Pipeline->Illuminate\\Routing\\{closure}(Object(Illuminate\\Http\\Request))
#46 F:\\Bitnamis\\wamps\\apache2\\htdocs\\LaravelProject\\tlccchoir\\vendor\\laravel\\framework\\src\\Illuminate\\Pipeline\\Pipeline.php(151): Illuminate\\Foundation\\Http\\Middleware\\ValidatePostSize->handle(Object(Illuminate\\Http\\Request), Object(Closure))
#47 F:\\Bitnamis\\wamps\\apache2\\htdocs\\LaravelProject\\tlccchoir\\vendor\\laravel\\framework\\src\\Illuminate\\Routing\\Pipeline.php(53): Illuminate\\Pipeline\\Pipeline->Illuminate\\Pipeline\\{closure}(Object(Illuminate\\Http\\Request))
#48 F:\\Bitnamis\\wamps\\apache2\\htdocs\\LaravelProject\\tlccchoir\\vendor\\laravel\\framework\\src\\Illuminate\\Foundation\\Http\\Middleware\\CheckForMaintenanceMode.php(62): Illuminate\\Routing\\Pipeline->Illuminate\\Routing\\{closure}(Object(Illuminate\\Http\\Request))
#49 F:\\Bitnamis\\wamps\\apache2\\htdocs\\LaravelProject\\tlccchoir\\vendor\\laravel\\framework\\src\\Illuminate\\Pipeline\\Pipeline.php(151): Illuminate\\Foundation\\Http\\Middleware\\CheckForMaintenanceMode->handle(Object(Illuminate\\Http\\Request), Object(Closure))
#50 F:\\Bitnamis\\wamps\\apache2\\htdocs\\LaravelProject\\tlccchoir\\vendor\\laravel\\framework\\src\\Illuminate\\Routing\\Pipeline.php(53): Illuminate\\Pipeline\\Pipeline->Illuminate\\Pipeline\\{closure}(Object(Illuminate\\Http\\Request))
#51 F:\\Bitnamis\\wamps\\apache2\\htdocs\\LaravelProject\\tlccchoir\\vendor\\laravel\\framework\\src\\Illuminate\\Pipeline\\Pipeline.php(104): Illuminate\\Routing\\Pipeline->Illuminate\\Routing\\{closure}(Object(Illuminate\\Http\\Request))
#52 F:\\Bitnamis\\wamps\\apache2\\htdocs\\LaravelProject\\tlccchoir\\vendor\\laravel\\framework\\src\\Illuminate\\Foundation\\Http\\Kernel.php(151): Illuminate\\Pipeline\\Pipeline->then(Object(Closure))
#53 F:\\Bitnamis\\wamps\\apache2\\htdocs\\LaravelProject\\tlccchoir\\vendor\\laravel\\framework\\src\\Illuminate\\Foundation\\Http\\Kernel.php(116): Illuminate\\Foundation\\Http\\Kernel->sendRequestThroughRouter(Object(Illuminate\\Http\\Request))
#54 F:\\Bitnamis\\wamps\\apache2\\htdocs\\LaravelProject\\tlccchoir\\public\\index.php(55): Illuminate\\Foundation\\Http\\Kernel->handle(Object(Illuminate\\Http\\Request))
#55 F:\\Bitnamis\\wamps\\apache2\\htdocs\\LaravelProject\\tlccchoir\\server.php(21): require_once('F:\\\\Bitnamis\\\\wam...')
#56 {main}
"} 
[2019-06-18 13:41:25] local.ERROR: array_merge(): Argument #1 is not an array {"exception":"[object] (ErrorException(code: 0): array_merge(): Argument #1 is not an array at F:\\Bitnamis\\wamps\\apache2\\htdocs\\LaravelProject\\tlccchoir\\vendor\\jrm2k6\\cloudder\\src\\JD\\Cloudder\\CloudinaryWrapper.php:167)
[stacktrace]
#0 [internal function]: Illuminate\\Foundation\\Bootstrap\\HandleExceptions->handleError(2, 'array_merge(): ...', 'F:\\\\Bitnamis\\\\wam...', 167, Array)
#1 F:\\Bitnamis\\wamps\\apache2\\htdocs\\LaravelProject\\tlccchoir\\vendor\\jrm2k6\\cloudder\\src\\JD\\Cloudder\\CloudinaryWrapper.php(167): array_merge(NULL, Array)
#2 F:\\Bitnamis\\wamps\\apache2\\htdocs\\LaravelProject\\tlccchoir\\vendor\\laravel\\framework\\src\\Illuminate\\Support\\Facades\\Facade.php(237): JD\\Cloudder\\CloudinaryWrapper->uploadVideo('F:\\\\Bitnamis\\\\wam...', NULL, NULL)
#3 F:\\Bitnamis\\wamps\\apache2\\htdocs\\LaravelProject\\tlccchoir\\app\\Http\\Controllers\\MusicController.php(52): Illuminate\\Support\\Facades\\Facade::__callStatic('uploadVideo', Array)
#4 [internal function]: App\\Http\\Controllers\\MusicController->store(Object(Illuminate\\Http\\Request))
#5 F:\\Bitnamis\\wamps\\apache2\\htdocs\\LaravelProject\\tlccchoir\\vendor\\laravel\\framework\\src\\Illuminate\\Routing\\Controller.php(54): call_user_func_array(Array, Array)
#6 F:\\Bitnamis\\wamps\\apache2\\htdocs\\LaravelProject\\tlccchoir\\vendor\\laravel\\framework\\src\\Illuminate\\Routing\\ControllerDispatcher.php(45): Illuminate\\Routing\\Controller->callAction('store', Array)
#7 F:\\Bitnamis\\wamps\\apache2\\htdocs\\LaravelProject\\tlccchoir\\vendor\\laravel\\framework\\src\\Illuminate\\Routing\\Route.php(219): Illuminate\\Routing\\ControllerDispatcher->dispatch(Object(Illuminate\\Routing\\Route), Object(App\\Http\\Controllers\\MusicController), 'store')
#8 F:\\Bitnamis\\wamps\\apache2\\htdocs\\LaravelProject\\tlccchoir\\vendor\\laravel\\framework\\src\\Illuminate\\Routing\\Route.php(176): Illuminate\\Routing\\Route->runController()
#9 F:\\Bitnamis\\wamps\\apache2\\htdocs\\LaravelProject\\tlccchoir\\vendor\\laravel\\framework\\src\\Illuminate\\Routing\\Router.php(682): Illuminate\\Routing\\Route->run()
#10 F:\\Bitnamis\\wamps\\apache2\\htdocs\\LaravelProject\\tlccchoir\\vendor\\laravel\\framework\\src\\Illuminate\\Routing\\Pipeline.php(30): Illuminate\\Routing\\Router->Illuminate\\Routing\\{closure}(Object(Illuminate\\Http\\Request))
#11 F:\\Bitnamis\\wamps\\apache2\\htdocs\\LaravelProject\\tlccchoir\\vendor\\laravel\\framework\\src\\Illuminate\\Routing\\Middleware\\SubstituteBindings.php(41): Illuminate\\Routing\\Pipeline->Illuminate\\Routing\\{closure}(Object(Illuminate\\Http\\Request))
#12 F:\\Bitnamis\\wamps\\apache2\\htdocs\\LaravelProject\\tlccchoir\\vendor\\laravel\\framework\\src\\Illuminate\\Pipeline\\Pipeline.php(151): Illuminate\\Routing\\Middleware\\SubstituteBindings->handle(Object(Illuminate\\Http\\Request), Object(Closure))
#13 F:\\Bitnamis\\wamps\\apache2\\htdocs\\LaravelProject\\tlccchoir\\vendor\\laravel\\framework\\src\\Illuminate\\Routing\\Pipeline.php(53): Illuminate\\Pipeline\\Pipeline->Illuminate\\Pipeline\\{closure}(Object(Illuminate\\Http\\Request))
#14 F:\\Bitnamis\\wamps\\apache2\\htdocs\\LaravelProject\\tlccchoir\\vendor\\laravel\\framework\\src\\Illuminate\\Foundation\\Http\\Middleware\\VerifyCsrfToken.php(75): Illuminate\\Routing\\Pipeline->Illuminate\\Routing\\{closure}(Object(Illuminate\\Http\\Request))
#15 F:\\Bitnamis\\wamps\\apache2\\htdocs\\LaravelProject\\tlccchoir\\vendor\\laravel\\framework\\src\\Illuminate\\Pipeline\\Pipeline.php(151): Illuminate\\Foundation\\Http\\Middleware\\VerifyCsrfToken->handle(Object(Illuminate\\Http\\Request), Object(Closure))
#16 F:\\Bitnamis\\wamps\\apache2\\htdocs\\LaravelProject\\tlccchoir\\vendor\\laravel\\framework\\src\\Illuminate\\Routing\\Pipeline.php(53): Illuminate\\Pipeline\\Pipeline->Illuminate\\Pipeline\\{closure}(Object(Illuminate\\Http\\Request))
#17 F:\\Bitnamis\\wamps\\apache2\\htdocs\\LaravelProject\\tlccchoir\\vendor\\laravel\\framework\\src\\Illuminate\\View\\Middleware\\ShareErrorsFromSession.php(49): Illuminate\\Routing\\Pipeline->Illuminate\\Routing\\{closure}(Object(Illuminate\\Http\\Request))
#18 F:\\Bitnamis\\wamps\\apache2\\htdocs\\LaravelProject\\tlccchoir\\vendor\\laravel\\framework\\src\\Illuminate\\Pipeline\\Pipeline.php(151): Illuminate\\View\\Middleware\\ShareErrorsFromSession->handle(Object(Illuminate\\Http\\Request), Object(Closure))
#19 F:\\Bitnamis\\wamps\\apache2\\htdocs\\LaravelProject\\tlccchoir\\vendor\\laravel\\framework\\src\\Illuminate\\Routing\\Pipeline.php(53): Illuminate\\Pipeline\\Pipeline->Illuminate\\Pipeline\\{closure}(Object(Illuminate\\Http\\Request))
#20 F:\\Bitnamis\\wamps\\apache2\\htdocs\\LaravelProject\\tlccchoir\\vendor\\laravel\\framework\\src\\Illuminate\\Session\\Middleware\\StartSession.php(63): Illuminate\\Routing\\Pipeline->Illuminate\\Routing\\{closure}(Object(Illuminate\\Http\\Request))
#21 F:\\Bitnamis\\wamps\\apache2\\htdocs\\LaravelProject\\tlccchoir\\vendor\\laravel\\framework\\src\\Illuminate\\Pipeline\\Pipeline.php(151): Illuminate\\Session\\Middleware\\StartSession->handle(Object(Illuminate\\Http\\Request), Object(Closure))
#22 F:\\Bitnamis\\wamps\\apache2\\htdocs\\LaravelProject\\tlccchoir\\vendor\\laravel\\framework\\src\\Illuminate\\Routing\\Pipeline.php(53): Illuminate\\Pipeline\\Pipeline->Illuminate\\Pipeline\\{closure}(Object(Illuminate\\Http\\Request))
#23 F:\\Bitnamis\\wamps\\apache2\\htdocs\\LaravelProject\\tlccchoir\\vendor\\laravel\\framework\\src\\Illuminate\\Cookie\\Middleware\\AddQueuedCookiesToResponse.php(37): Illuminate\\Routing\\Pipeline->Illuminate\\Routing\\{closure}(Object(Illuminate\\Http\\Request))
#24 F:\\Bitnamis\\wamps\\apache2\\htdocs\\LaravelProject\\tlccchoir\\vendor\\laravel\\framework\\src\\Illuminate\\Pipeline\\Pipeline.php(151): Illuminate\\Cookie\\Middleware\\AddQueuedCookiesToResponse->handle(Object(Illuminate\\Http\\Request), Object(Closure))
#25 F:\\Bitnamis\\wamps\\apache2\\htdocs\\LaravelProject\\tlccchoir\\vendor\\laravel\\framework\\src\\Illuminate\\Routing\\Pipeline.php(53): Illuminate\\Pipeline\\Pipeline->Illuminate\\Pipeline\\{closure}(Object(Illuminate\\Http\\Request))
#26 F:\\Bitnamis\\wamps\\apache2\\htdocs\\LaravelProject\\tlccchoir\\vendor\\laravel\\framework\\src\\Illuminate\\Cookie\\Middleware\\EncryptCookies.php(66): Illuminate\\Routing\\Pipeline->Illuminate\\Routing\\{closure}(Object(Illuminate\\Http\\Request))
#27 F:\\Bitnamis\\wamps\\apache2\\htdocs\\LaravelProject\\tlccchoir\\vendor\\laravel\\framework\\src\\Illuminate\\Pipeline\\Pipeline.php(151): Illuminate\\Cookie\\Middleware\\EncryptCookies->handle(Object(Illuminate\\Http\\Request), Object(Closure))
#28 F:\\Bitnamis\\wamps\\apache2\\htdocs\\LaravelProject\\tlccchoir\\vendor\\laravel\\framework\\src\\Illuminate\\Routing\\Pipeline.php(53): Illuminate\\Pipeline\\Pipeline->Illuminate\\Pipeline\\{closure}(Object(Illuminate\\Http\\Request))
#29 F:\\Bitnamis\\wamps\\apache2\\htdocs\\LaravelProject\\tlccchoir\\vendor\\laravel\\framework\\src\\Illuminate\\Pipeline\\Pipeline.php(104): Illuminate\\Routing\\Pipeline->Illuminate\\Routing\\{closure}(Object(Illuminate\\Http\\Request))
#30 F:\\Bitnamis\\wamps\\apache2\\htdocs\\LaravelProject\\tlccchoir\\vendor\\laravel\\framework\\src\\Illuminate\\Routing\\Router.php(684): Illuminate\\Pipeline\\Pipeline->then(Object(Closure))
#31 F:\\Bitnamis\\wamps\\apache2\\htdocs\\LaravelProject\\tlccchoir\\vendor\\laravel\\framework\\src\\Illuminate\\Routing\\Router.php(659): Illuminate\\Routing\\Router->runRouteWithinStack(Object(Illuminate\\Routing\\Route), Object(Illuminate\\Http\\Request))
#32 F:\\Bitnamis\\wamps\\apache2\\htdocs\\LaravelProject\\tlccchoir\\vendor\\laravel\\framework\\src\\Illuminate\\Routing\\Router.php(625): Illuminate\\Routing\\Router->runRoute(Object(Illuminate\\Http\\Request), Object(Illuminate\\Routing\\Route))
#33 F:\\Bitnamis\\wamps\\apache2\\htdocs\\LaravelProject\\tlccchoir\\vendor\\laravel\\framework\\src\\Illuminate\\Routing\\Router.php(614): Illuminate\\Routing\\Router->dispatchToRoute(Object(Illuminate\\Http\\Request))
#34 F:\\Bitnamis\\wamps\\apache2\\htdocs\\LaravelProject\\tlccchoir\\vendor\\laravel\\framework\\src\\Illuminate\\Foundation\\Http\\Kernel.php(176): Illuminate\\Routing\\Router->dispatch(Object(Illuminate\\Http\\Request))
#35 F:\\Bitnamis\\wamps\\apache2\\htdocs\\LaravelProject\\tlccchoir\\vendor\\laravel\\framework\\src\\Illuminate\\Routing\\Pipeline.php(30): Illuminate\\Foundation\\Http\\Kernel->Illuminate\\Foundation\\Http\\{closure}(Object(Illuminate\\Http\\Request))
#36 F:\\Bitnamis\\wamps\\apache2\\htdocs\\LaravelProject\\tlccchoir\\vendor\\fideloper\\proxy\\src\\TrustProxies.php(57): Illuminate\\Routing\\Pipeline->Illuminate\\Routing\\{closure}(Object(Illuminate\\Http\\Request))
#37 F:\\Bitnamis\\wamps\\apache2\\htdocs\\LaravelProject\\tlccchoir\\vendor\\laravel\\framework\\src\\Illuminate\\Pipeline\\Pipeline.php(151): Fideloper\\Proxy\\TrustProxies->handle(Object(Illuminate\\Http\\Request), Object(Closure))
#38 F:\\Bitnamis\\wamps\\apache2\\htdocs\\LaravelProject\\tlccchoir\\vendor\\laravel\\framework\\src\\Illuminate\\Routing\\Pipeline.php(53): Illuminate\\Pipeline\\Pipeline->Illuminate\\Pipeline\\{closure}(Object(Illuminate\\Http\\Request))
#39 F:\\Bitnamis\\wamps\\apache2\\htdocs\\LaravelProject\\tlccchoir\\vendor\\laravel\\framework\\src\\Illuminate\\Foundation\\Http\\Middleware\\TransformsRequest.php(31): Illuminate\\Routing\\Pipeline->Illuminate\\Routing\\{closure}(Object(Illuminate\\Http\\Request))
#40 F:\\Bitnamis\\wamps\\apache2\\htdocs\\LaravelProject\\tlccchoir\\vendor\\laravel\\framework\\src\\Illuminate\\Pipeline\\Pipeline.php(151): Illuminate\\Foundation\\Http\\Middleware\\TransformsRequest->handle(Object(Illuminate\\Http\\Request), Object(Closure))
#41 F:\\Bitnamis\\wamps\\apache2\\htdocs\\LaravelProject\\tlccchoir\\vendor\\laravel\\framework\\src\\Illuminate\\Routing\\Pipeline.php(53): Illuminate\\Pipeline\\Pipeline->Illuminate\\Pipeline\\{closure}(Object(Illuminate\\Http\\Request))
#42 F:\\Bitnamis\\wamps\\apache2\\htdocs\\LaravelProject\\tlccchoir\\vendor\\laravel\\framework\\src\\Illuminate\\Foundation\\Http\\Middleware\\TransformsRequest.php(31): Illuminate\\Routing\\Pipeline->Illuminate\\Routing\\{closure}(Object(Illuminate\\Http\\Request))
#43 F:\\Bitnamis\\wamps\\apache2\\htdocs\\LaravelProject\\tlccchoir\\vendor\\laravel\\framework\\src\\Illuminate\\Pipeline\\Pipeline.php(151): Illuminate\\Foundation\\Http\\Middleware\\TransformsRequest->handle(Object(Illuminate\\Http\\Request), Object(Closure))
#44 F:\\Bitnamis\\wamps\\apache2\\htdocs\\LaravelProject\\tlccchoir\\vendor\\laravel\\framework\\src\\Illuminate\\Routing\\Pipeline.php(53): Illuminate\\Pipeline\\Pipeline->Illuminate\\Pipeline\\{closure}(Object(Illuminate\\Http\\Request))
#45 F:\\Bitnamis\\wamps\\apache2\\htdocs\\LaravelProject\\tlccchoir\\vendor\\laravel\\framework\\src\\Illuminate\\Foundation\\Http\\Middleware\\ValidatePostSize.php(27): Illuminate\\Routing\\Pipeline->Illuminate\\Routing\\{closure}(Object(Illuminate\\Http\\Request))
#46 F:\\Bitnamis\\wamps\\apache2\\htdocs\\LaravelProject\\tlccchoir\\vendor\\laravel\\framework\\src\\Illuminate\\Pipeline\\Pipeline.php(151): Illuminate\\Foundation\\Http\\Middleware\\ValidatePostSize->handle(Object(Illuminate\\Http\\Request), Object(Closure))
#47 F:\\Bitnamis\\wamps\\apache2\\htdocs\\LaravelProject\\tlccchoir\\vendor\\laravel\\framework\\src\\Illuminate\\Routing\\Pipeline.php(53): Illuminate\\Pipeline\\Pipeline->Illuminate\\Pipeline\\{closure}(Object(Illuminate\\Http\\Request))
#48 F:\\Bitnamis\\wamps\\apache2\\htdocs\\LaravelProject\\tlccchoir\\vendor\\laravel\\framework\\src\\Illuminate\\Foundation\\Http\\Middleware\\CheckForMaintenanceMode.php(62): Illuminate\\Routing\\Pipeline->Illuminate\\Routing\\{closure}(Object(Illuminate\\Http\\Request))
#49 F:\\Bitnamis\\wamps\\apache2\\htdocs\\LaravelProject\\tlccchoir\\vendor\\laravel\\framework\\src\\Illuminate\\Pipeline\\Pipeline.php(151): Illuminate\\Foundation\\Http\\Middleware\\CheckForMaintenanceMode->handle(Object(Illuminate\\Http\\Request), Object(Closure))
#50 F:\\Bitnamis\\wamps\\apache2\\htdocs\\LaravelProject\\tlccchoir\\vendor\\laravel\\framework\\src\\Illuminate\\Routing\\Pipeline.php(53): Illuminate\\Pipeline\\Pipeline->Illuminate\\Pipeline\\{closure}(Object(Illuminate\\Http\\Request))
#51 F:\\Bitnamis\\wamps\\apache2\\htdocs\\LaravelProject\\tlccchoir\\vendor\\laravel\\framework\\src\\Illuminate\\Pipeline\\Pipeline.php(104): Illuminate\\Routing\\Pipeline->Illuminate\\Routing\\{closure}(Object(Illuminate\\Http\\Request))
#52 F:\\Bitnamis\\wamps\\apache2\\htdocs\\LaravelProject\\tlccchoir\\vendor\\laravel\\framework\\src\\Illuminate\\Foundation\\Http\\Kernel.php(151): Illuminate\\Pipeline\\Pipeline->then(Object(Closure))
#53 F:\\Bitnamis\\wamps\\apache2\\htdocs\\LaravelProject\\tlccchoir\\vendor\\laravel\\framework\\src\\Illuminate\\Foundation\\Http\\Kernel.php(116): Illuminate\\Foundation\\Http\\Kernel->sendRequestThroughRouter(Object(Illuminate\\Http\\Request))
#54 F:\\Bitnamis\\wamps\\apache2\\htdocs\\LaravelProject\\tlccchoir\\public\\index.php(55): Illuminate\\Foundation\\Http\\Kernel->handle(Object(Illuminate\\Http\\Request))
#55 F:\\Bitnamis\\wamps\\apache2\\htdocs\\LaravelProject\\tlccchoir\\server.php(21): require_once('F:\\\\Bitnamis\\\\wam...')
#56 {main}
"} 
[2019-06-18 13:45:53] local.ERROR: Error in sending request to server - Operation timed out after 60000 milliseconds with 0 bytes received, errno - 28 {"exception":"[object] (Cloudinary\\Error(code: 0): Error in sending request to server - Operation timed out after 60000 milliseconds with 0 bytes received, errno - 28 at F:\\Bitnamis\\wamps\\apache2\\htdocs\\LaravelProject\\tlccchoir\\vendor\\cloudinary\\cloudinary_php\\src\\Uploader.php:495)
[stacktrace]
#0 F:\\Bitnamis\\wamps\\apache2\\htdocs\\LaravelProject\\tlccchoir\\vendor\\cloudinary\\cloudinary_php\\src\\Uploader.php(373): Cloudinary\\Uploader::call_api('upload', Array, Array, 'F:\\\\Bitnamis\\\\wam...')
#1 F:\\Bitnamis\\wamps\\apache2\\htdocs\\LaravelProject\\tlccchoir\\vendor\\cloudinary\\cloudinary_php\\src\\Uploader.php(98): Cloudinary\\Uploader::call_cacheable_api('upload', Array, Array, 'F:\\\\Bitnamis\\\\wam...')
#2 F:\\Bitnamis\\wamps\\apache2\\htdocs\\LaravelProject\\tlccchoir\\vendor\\jrm2k6\\cloudder\\src\\JD\\Cloudder\\CloudinaryWrapper.php(122): Cloudinary\\Uploader::upload('F:\\\\Bitnamis\\\\wam...', Array)
#3 F:\\Bitnamis\\wamps\\apache2\\htdocs\\LaravelProject\\tlccchoir\\vendor\\jrm2k6\\cloudder\\src\\JD\\Cloudder\\CloudinaryWrapper.php(168): JD\\Cloudder\\CloudinaryWrapper->upload('F:\\\\Bitnamis\\\\wam...', NULL, Array, Array)
#4 F:\\Bitnamis\\wamps\\apache2\\htdocs\\LaravelProject\\tlccchoir\\vendor\\laravel\\framework\\src\\Illuminate\\Support\\Facades\\Facade.php(237): JD\\Cloudder\\CloudinaryWrapper->uploadVideo('F:\\\\Bitnamis\\\\wam...', NULL)
#5 F:\\Bitnamis\\wamps\\apache2\\htdocs\\LaravelProject\\tlccchoir\\app\\Http\\Controllers\\MusicController.php(62): Illuminate\\Support\\Facades\\Facade::__callStatic('uploadVideo', Array)
#6 [internal function]: App\\Http\\Controllers\\MusicController->store(Object(Illuminate\\Http\\Request))
#7 F:\\Bitnamis\\wamps\\apache2\\htdocs\\LaravelProject\\tlccchoir\\vendor\\laravel\\framework\\src\\Illuminate\\Routing\\Controller.php(54): call_user_func_array(Array, Array)
#8 F:\\Bitnamis\\wamps\\apache2\\htdocs\\LaravelProject\\tlccchoir\\vendor\\laravel\\framework\\src\\Illuminate\\Routing\\ControllerDispatcher.php(45): Illuminate\\Routing\\Controller->callAction('store', Array)
#9 F:\\Bitnamis\\wamps\\apache2\\htdocs\\LaravelProject\\tlccchoir\\vendor\\laravel\\framework\\src\\Illuminate\\Routing\\Route.php(219): Illuminate\\Routing\\ControllerDispatcher->dispatch(Object(Illuminate\\Routing\\Route), Object(App\\Http\\Controllers\\MusicController), 'store')
#10 F:\\Bitnamis\\wamps\\apache2\\htdocs\\LaravelProject\\tlccchoir\\vendor\\laravel\\framework\\src\\Illuminate\\Routing\\Route.php(176): Illuminate\\Routing\\Route->runController()
#11 F:\\Bitnamis\\wamps\\apache2\\htdocs\\LaravelProject\\tlccchoir\\vendor\\laravel\\framework\\src\\Illuminate\\Routing\\Router.php(682): Illuminate\\Routing\\Route->run()
#12 F:\\Bitnamis\\wamps\\apache2\\htdocs\\LaravelProject\\tlccchoir\\vendor\\laravel\\framework\\src\\Illuminate\\Routing\\Pipeline.php(30): Illuminate\\Routing\\Router->Illuminate\\Routing\\{closure}(Object(Illuminate\\Http\\Request))
#13 F:\\Bitnamis\\wamps\\apache2\\htdocs\\LaravelProject\\tlccchoir\\vendor\\laravel\\framework\\src\\Illuminate\\Routing\\Middleware\\SubstituteBindings.php(41): Illuminate\\Routing\\Pipeline->Illuminate\\Routing\\{closure}(Object(Illuminate\\Http\\Request))
#14 F:\\Bitnamis\\wamps\\apache2\\htdocs\\LaravelProject\\tlccchoir\\vendor\\laravel\\framework\\src\\Illuminate\\Pipeline\\Pipeline.php(151): Illuminate\\Routing\\Middleware\\SubstituteBindings->handle(Object(Illuminate\\Http\\Request), Object(Closure))
#15 F:\\Bitnamis\\wamps\\apache2\\htdocs\\LaravelProject\\tlccchoir\\vendor\\laravel\\framework\\src\\Illuminate\\Routing\\Pipeline.php(53): Illuminate\\Pipeline\\Pipeline->Illuminate\\Pipeline\\{closure}(Object(Illuminate\\Http\\Request))
#16 F:\\Bitnamis\\wamps\\apache2\\htdocs\\LaravelProject\\tlccchoir\\vendor\\laravel\\framework\\src\\Illuminate\\Foundation\\Http\\Middleware\\VerifyCsrfToken.php(75): Illuminate\\Routing\\Pipeline->Illuminate\\Routing\\{closure}(Object(Illuminate\\Http\\Request))
#17 F:\\Bitnamis\\wamps\\apache2\\htdocs\\LaravelProject\\tlccchoir\\vendor\\laravel\\framework\\src\\Illuminate\\Pipeline\\Pipeline.php(151): Illuminate\\Foundation\\Http\\Middleware\\VerifyCsrfToken->handle(Object(Illuminate\\Http\\Request), Object(Closure))
#18 F:\\Bitnamis\\wamps\\apache2\\htdocs\\LaravelProject\\tlccchoir\\vendor\\laravel\\framework\\src\\Illuminate\\Routing\\Pipeline.php(53): Illuminate\\Pipeline\\Pipeline->Illuminate\\Pipeline\\{closure}(Object(Illuminate\\Http\\Request))
#19 F:\\Bitnamis\\wamps\\apache2\\htdocs\\LaravelProject\\tlccchoir\\vendor\\laravel\\framework\\src\\Illuminate\\View\\Middleware\\ShareErrorsFromSession.php(49): Illuminate\\Routing\\Pipeline->Illuminate\\Routing\\{closure}(Object(Illuminate\\Http\\Request))
#20 F:\\Bitnamis\\wamps\\apache2\\htdocs\\LaravelProject\\tlccchoir\\vendor\\laravel\\framework\\src\\Illuminate\\Pipeline\\Pipeline.php(151): Illuminate\\View\\Middleware\\ShareErrorsFromSession->handle(Object(Illuminate\\Http\\Request), Object(Closure))
#21 F:\\Bitnamis\\wamps\\apache2\\htdocs\\LaravelProject\\tlccchoir\\vendor\\laravel\\framework\\src\\Illuminate\\Routing\\Pipeline.php(53): Illuminate\\Pipeline\\Pipeline->Illuminate\\Pipeline\\{closure}(Object(Illuminate\\Http\\Request))
#22 F:\\Bitnamis\\wamps\\apache2\\htdocs\\LaravelProject\\tlccchoir\\vendor\\laravel\\framework\\src\\Illuminate\\Session\\Middleware\\StartSession.php(63): Illuminate\\Routing\\Pipeline->Illuminate\\Routing\\{closure}(Object(Illuminate\\Http\\Request))
#23 F:\\Bitnamis\\wamps\\apache2\\htdocs\\LaravelProject\\tlccchoir\\vendor\\laravel\\framework\\src\\Illuminate\\Pipeline\\Pipeline.php(151): Illuminate\\Session\\Middleware\\StartSession->handle(Object(Illuminate\\Http\\Request), Object(Closure))
#24 F:\\Bitnamis\\wamps\\apache2\\htdocs\\LaravelProject\\tlccchoir\\vendor\\laravel\\framework\\src\\Illuminate\\Routing\\Pipeline.php(53): Illuminate\\Pipeline\\Pipeline->Illuminate\\Pipeline\\{closure}(Object(Illuminate\\Http\\Request))
#25 F:\\Bitnamis\\wamps\\apache2\\htdocs\\LaravelProject\\tlccchoir\\vendor\\laravel\\framework\\src\\Illuminate\\Cookie\\Middleware\\AddQueuedCookiesToResponse.php(37): Illuminate\\Routing\\Pipeline->Illuminate\\Routing\\{closure}(Object(Illuminate\\Http\\Request))
#26 F:\\Bitnamis\\wamps\\apache2\\htdocs\\LaravelProject\\tlccchoir\\vendor\\laravel\\framework\\src\\Illuminate\\Pipeline\\Pipeline.php(151): Illuminate\\Cookie\\Middleware\\AddQueuedCookiesToResponse->handle(Object(Illuminate\\Http\\Request), Object(Closure))
#27 F:\\Bitnamis\\wamps\\apache2\\htdocs\\LaravelProject\\tlccchoir\\vendor\\laravel\\framework\\src\\Illuminate\\Routing\\Pipeline.php(53): Illuminate\\Pipeline\\Pipeline->Illuminate\\Pipeline\\{closure}(Object(Illuminate\\Http\\Request))
#28 F:\\Bitnamis\\wamps\\apache2\\htdocs\\LaravelProject\\tlccchoir\\vendor\\laravel\\framework\\src\\Illuminate\\Cookie\\Middleware\\EncryptCookies.php(66): Illuminate\\Routing\\Pipeline->Illuminate\\Routing\\{closure}(Object(Illuminate\\Http\\Request))
#29 F:\\Bitnamis\\wamps\\apache2\\htdocs\\LaravelProject\\tlccchoir\\vendor\\laravel\\framework\\src\\Illuminate\\Pipeline\\Pipeline.php(151): Illuminate\\Cookie\\Middleware\\EncryptCookies->handle(Object(Illuminate\\Http\\Request), Object(Closure))
#30 F:\\Bitnamis\\wamps\\apache2\\htdocs\\LaravelProject\\tlccchoir\\vendor\\laravel\\framework\\src\\Illuminate\\Routing\\Pipeline.php(53): Illuminate\\Pipeline\\Pipeline->Illuminate\\Pipeline\\{closure}(Object(Illuminate\\Http\\Request))
#31 F:\\Bitnamis\\wamps\\apache2\\htdocs\\LaravelProject\\tlccchoir\\vendor\\laravel\\framework\\src\\Illuminate\\Pipeline\\Pipeline.php(104): Illuminate\\Routing\\Pipeline->Illuminate\\Routing\\{closure}(Object(Illuminate\\Http\\Request))
#32 F:\\Bitnamis\\wamps\\apache2\\htdocs\\LaravelProject\\tlccchoir\\vendor\\laravel\\framework\\src\\Illuminate\\Routing\\Router.php(684): Illuminate\\Pipeline\\Pipeline->then(Object(Closure))
#33 F:\\Bitnamis\\wamps\\apache2\\htdocs\\LaravelProject\\tlccchoir\\vendor\\laravel\\framework\\src\\Illuminate\\Routing\\Router.php(659): Illuminate\\Routing\\Router->runRouteWithinStack(Object(Illuminate\\Routing\\Route), Object(Illuminate\\Http\\Request))
#34 F:\\Bitnamis\\wamps\\apache2\\htdocs\\LaravelProject\\tlccchoir\\vendor\\laravel\\framework\\src\\Illuminate\\Routing\\Router.php(625): Illuminate\\Routing\\Router->runRoute(Object(Illuminate\\Http\\Request), Object(Illuminate\\Routing\\Route))
#35 F:\\Bitnamis\\wamps\\apache2\\htdocs\\LaravelProject\\tlccchoir\\vendor\\laravel\\framework\\src\\Illuminate\\Routing\\Router.php(614): Illuminate\\Routing\\Router->dispatchToRoute(Object(Illuminate\\Http\\Request))
#36 F:\\Bitnamis\\wamps\\apache2\\htdocs\\LaravelProject\\tlccchoir\\vendor\\laravel\\framework\\src\\Illuminate\\Foundation\\Http\\Kernel.php(176): Illuminate\\Routing\\Router->dispatch(Object(Illuminate\\Http\\Request))
#37 F:\\Bitnamis\\wamps\\apache2\\htdocs\\LaravelProject\\tlccchoir\\vendor\\laravel\\framework\\src\\Illuminate\\Routing\\Pipeline.php(30): Illuminate\\Foundation\\Http\\Kernel->Illuminate\\Foundation\\Http\\{closure}(Object(Illuminate\\Http\\Request))
#38 F:\\Bitnamis\\wamps\\apache2\\htdocs\\LaravelProject\\tlccchoir\\vendor\\fideloper\\proxy\\src\\TrustProxies.php(57): Illuminate\\Routing\\Pipeline->Illuminate\\Routing\\{closure}(Object(Illuminate\\Http\\Request))
#39 F:\\Bitnamis\\wamps\\apache2\\htdocs\\LaravelProject\\tlccchoir\\vendor\\laravel\\framework\\src\\Illuminate\\Pipeline\\Pipeline.php(151): Fideloper\\Proxy\\TrustProxies->handle(Object(Illuminate\\Http\\Request), Object(Closure))
#40 F:\\Bitnamis\\wamps\\apache2\\htdocs\\LaravelProject\\tlccchoir\\vendor\\laravel\\framework\\src\\Illuminate\\Routing\\Pipeline.php(53): Illuminate\\Pipeline\\Pipeline->Illuminate\\Pipeline\\{closure}(Object(Illuminate\\Http\\Request))
#41 F:\\Bitnamis\\wamps\\apache2\\htdocs\\LaravelProject\\tlccchoir\\vendor\\laravel\\framework\\src\\Illuminate\\Foundation\\Http\\Middleware\\TransformsRequest.php(31): Illuminate\\Routing\\Pipeline->Illuminate\\Routing\\{closure}(Object(Illuminate\\Http\\Request))
#42 F:\\Bitnamis\\wamps\\apache2\\htdocs\\LaravelProject\\tlccchoir\\vendor\\laravel\\framework\\src\\Illuminate\\Pipeline\\Pipeline.php(151): Illuminate\\Foundation\\Http\\Middleware\\TransformsRequest->handle(Object(Illuminate\\Http\\Request), Object(Closure))
#43 F:\\Bitnamis\\wamps\\apache2\\htdocs\\LaravelProject\\tlccchoir\\vendor\\laravel\\framework\\src\\Illuminate\\Routing\\Pipeline.php(53): Illuminate\\Pipeline\\Pipeline->Illuminate\\Pipeline\\{closure}(Object(Illuminate\\Http\\Request))
#44 F:\\Bitnamis\\wamps\\apache2\\htdocs\\LaravelProject\\tlccchoir\\vendor\\laravel\\framework\\src\\Illuminate\\Foundation\\Http\\Middleware\\TransformsRequest.php(31): Illuminate\\Routing\\Pipeline->Illuminate\\Routing\\{closure}(Object(Illuminate\\Http\\Request))
#45 F:\\Bitnamis\\wamps\\apache2\\htdocs\\LaravelProject\\tlccchoir\\vendor\\laravel\\framework\\src\\Illuminate\\Pipeline\\Pipeline.php(151): Illuminate\\Foundation\\Http\\Middleware\\TransformsRequest->handle(Object(Illuminate\\Http\\Request), Object(Closure))
#46 F:\\Bitnamis\\wamps\\apache2\\htdocs\\LaravelProject\\tlccchoir\\vendor\\laravel\\framework\\src\\Illuminate\\Routing\\Pipeline.php(53): Illuminate\\Pipeline\\Pipeline->Illuminate\\Pipeline\\{closure}(Object(Illuminate\\Http\\Request))
#47 F:\\Bitnamis\\wamps\\apache2\\htdocs\\LaravelProject\\tlccchoir\\vendor\\laravel\\framework\\src\\Illuminate\\Foundation\\Http\\Middleware\\ValidatePostSize.php(27): Illuminate\\Routing\\Pipeline->Illuminate\\Routing\\{closure}(Object(Illuminate\\Http\\Request))
#48 F:\\Bitnamis\\wamps\\apache2\\htdocs\\LaravelProject\\tlccchoir\\vendor\\laravel\\framework\\src\\Illuminate\\Pipeline\\Pipeline.php(151): Illuminate\\Foundation\\Http\\Middleware\\ValidatePostSize->handle(Object(Illuminate\\Http\\Request), Object(Closure))
#49 F:\\Bitnamis\\wamps\\apache2\\htdocs\\LaravelProject\\tlccchoir\\vendor\\laravel\\framework\\src\\Illuminate\\Routing\\Pipeline.php(53): Illuminate\\Pipeline\\Pipeline->Illuminate\\Pipeline\\{closure}(Object(Illuminate\\Http\\Request))
#50 F:\\Bitnamis\\wamps\\apache2\\htdocs\\LaravelProject\\tlccchoir\\vendor\\laravel\\framework\\src\\Illuminate\\Foundation\\Http\\Middleware\\CheckForMaintenanceMode.php(62): Illuminate\\Routing\\Pipeline->Illuminate\\Routing\\{closure}(Object(Illuminate\\Http\\Request))
#51 F:\\Bitnamis\\wamps\\apache2\\htdocs\\LaravelProject\\tlccchoir\\vendor\\laravel\\framework\\src\\Illuminate\\Pipeline\\Pipeline.php(151): Illuminate\\Foundation\\Http\\Middleware\\CheckForMaintenanceMode->handle(Object(Illuminate\\Http\\Request), Object(Closure))
#52 F:\\Bitnamis\\wamps\\apache2\\htdocs\\LaravelProject\\tlccchoir\\vendor\\laravel\\framework\\src\\Illuminate\\Routing\\Pipeline.php(53): Illuminate\\Pipeline\\Pipeline->Illuminate\\Pipeline\\{closure}(Object(Illuminate\\Http\\Request))
#53 F:\\Bitnamis\\wamps\\apache2\\htdocs\\LaravelProject\\tlccchoir\\vendor\\laravel\\framework\\src\\Illuminate\\Pipeline\\Pipeline.php(104): Illuminate\\Routing\\Pipeline->Illuminate\\Routing\\{closure}(Object(Illuminate\\Http\\Request))
#54 F:\\Bitnamis\\wamps\\apache2\\htdocs\\LaravelProject\\tlccchoir\\vendor\\laravel\\framework\\src\\Illuminate\\Foundation\\Http\\Kernel.php(151): Illuminate\\Pipeline\\Pipeline->then(Object(Closure))
#55 F:\\Bitnamis\\wamps\\apache2\\htdocs\\LaravelProject\\tlccchoir\\vendor\\laravel\\framework\\src\\Illuminate\\Foundation\\Http\\Kernel.php(116): Illuminate\\Foundation\\Http\\Kernel->sendRequestThroughRouter(Object(Illuminate\\Http\\Request))
#56 F:\\Bitnamis\\wamps\\apache2\\htdocs\\LaravelProject\\tlccchoir\\public\\index.php(55): Illuminate\\Foundation\\Http\\Kernel->handle(Object(Illuminate\\Http\\Request))
#57 F:\\Bitnamis\\wamps\\apache2\\htdocs\\LaravelProject\\tlccchoir\\server.php(21): require_once('F:\\\\Bitnamis\\\\wam...')
#58 {main}
"} 
