[2019-01-23 03:55:04] local.ERROR: Class App\Http\Controllers\AuthController does not exist {"exception":"[object] (ReflectionException(code: -1): Class App\\Http\\Controllers\\AuthController does not exist at C:\\Bitnami\\wampp\\apache2\\htdocs\\laravelprojects\\tlccchoir\\vendor\\laravel\\framework\\src\\Illuminate\\Container\\Container.php:779)
[stacktrace]
#0 C:\\Bitnami\\wampp\\apache2\\htdocs\\laravelprojects\\tlccchoir\\vendor\\laravel\\framework\\src\\Illuminate\\Container\\Container.php(779): ReflectionClass->__construct('App\\\\Http\\\\Contro...')
#1 C:\\Bitnami\\wampp\\apache2\\htdocs\\laravelprojects\\tlccchoir\\vendor\\laravel\\framework\\src\\Illuminate\\Container\\Container.php(658): Illuminate\\Container\\Container->build('App\\\\Http\\\\Contro...')
#2 C:\\Bitnami\\wampp\\apache2\\htdocs\\laravelprojects\\tlccchoir\\vendor\\laravel\\framework\\src\\Illuminate\\Container\\Container.php(609): Illuminate\\Container\\Container->resolve('App\\\\Http\\\\Contro...', Array)
#3 C:\\Bitnami\\wampp\\apache2\\htdocs\\laravelprojects\\tlccchoir\\vendor\\laravel\\framework\\src\\Illuminate\\Foundation\\Application.php(735): Illuminate\\Container\\Container->make('App\\\\Http\\\\Contro...', Array)
#4 C:\\Bitnami\\wampp\\apache2\\htdocs\\laravelprojects\\tlccchoir\\vendor\\laravel\\framework\\src\\Illuminate\\Routing\\Route.php(233): Illuminate\\Foundation\\Application->make('App\\\\Http\\\\Contro...')
#5 C:\\Bitnami\\wampp\\apache2\\htdocs\\laravelprojects\\tlccchoir\\vendor\\laravel\\framework\\src\\Illuminate\\Routing\\Route.php(833): Illuminate\\Routing\\Route->getController()
#6 C:\\Bitnami\\wampp\\apache2\\htdocs\\laravelprojects\\tlccchoir\\vendor\\laravel\\framework\\src\\Illuminate\\Routing\\Route.php(794): Illuminate\\Routing\\Route->controllerMiddleware()
#7 C:\\Bitnami\\wampp\\apache2\\htdocs\\laravelprojects\\tlccchoir\\vendor\\laravel\\framework\\src\\Illuminate\\Foundation\\Console\\RouteListCommand.php(151): Illuminate\\Routing\\Route->gatherMiddleware()
#8 C:\\Bitnami\\wampp\\apache2\\htdocs\\laravelprojects\\tlccchoir\\vendor\\laravel\\framework\\src\\Illuminate\\Foundation\\Console\\RouteListCommand.php(114): Illuminate\\Foundation\\Console\\RouteListCommand->getMiddleware(Object(Illuminate\\Routing\\Route))
#9 C:\\Bitnami\\wampp\\apache2\\htdocs\\laravelprojects\\tlccchoir\\vendor\\laravel\\framework\\src\\Illuminate\\Foundation\\Console\\RouteListCommand.php(86): Illuminate\\Foundation\\Console\\RouteListCommand->getRouteInformation(Object(Illuminate\\Routing\\Route))
#10 [internal function]: Illuminate\\Foundation\\Console\\RouteListCommand->Illuminate\\Foundation\\Console\\{closure}(Object(Illuminate\\Routing\\Route), 94)
#11 C:\\Bitnami\\wampp\\apache2\\htdocs\\laravelprojects\\tlccchoir\\vendor\\laravel\\framework\\src\\Illuminate\\Support\\Collection.php(1033): array_map(Object(Closure), Array, Array)
#12 C:\\Bitnami\\wampp\\apache2\\htdocs\\laravelprojects\\tlccchoir\\vendor\\laravel\\framework\\src\\Illuminate\\Foundation\\Console\\RouteListCommand.php(87): Illuminate\\Support\\Collection->map(Object(Closure))
#13 C:\\Bitnami\\wampp\\apache2\\htdocs\\laravelprojects\\tlccchoir\\vendor\\laravel\\framework\\src\\Illuminate\\Foundation\\Console\\RouteListCommand.php(75): Illuminate\\Foundation\\Console\\RouteListCommand->getRoutes()
#14 [internal function]: Illuminate\\Foundation\\Console\\RouteListCommand->handle()
#15 C:\\Bitnami\\wampp\\apache2\\htdocs\\laravelprojects\\tlccchoir\\vendor\\laravel\\framework\\src\\Illuminate\\Container\\BoundMethod.php(29): call_user_func_array(Array, Array)
#16 C:\\Bitnami\\wampp\\apache2\\htdocs\\laravelprojects\\tlccchoir\\vendor\\laravel\\framework\\src\\Illuminate\\Container\\BoundMethod.php(87): Illuminate\\Container\\BoundMethod::Illuminate\\Container\\{closure}()
#17 C:\\Bitnami\\wampp\\apache2\\htdocs\\laravelprojects\\tlccchoir\\vendor\\laravel\\framework\\src\\Illuminate\\Container\\BoundMethod.php(31): Illuminate\\Container\\BoundMethod::callBoundMethod(Object(Illuminate\\Foundation\\Application), Array, Object(Closure))
#18 C:\\Bitnami\\wampp\\apache2\\htdocs\\laravelprojects\\tlccchoir\\vendor\\laravel\\framework\\src\\Illuminate\\Container\\Container.php(572): Illuminate\\Container\\BoundMethod::call(Object(Illuminate\\Foundation\\Application), Array, Array, NULL)
#19 C:\\Bitnami\\wampp\\apache2\\htdocs\\laravelprojects\\tlccchoir\\vendor\\laravel\\framework\\src\\Illuminate\\Console\\Command.php(183): Illuminate\\Container\\Container->call(Array)
#20 C:\\Bitnami\\wampp\\apache2\\htdocs\\laravelprojects\\tlccchoir\\vendor\\symfony\\console\\Command\\Command.php(255): Illuminate\\Console\\Command->execute(Object(Symfony\\Component\\Console\\Input\\ArgvInput), Object(Illuminate\\Console\\OutputStyle))
#21 C:\\Bitnami\\wampp\\apache2\\htdocs\\laravelprojects\\tlccchoir\\vendor\\laravel\\framework\\src\\Illuminate\\Console\\Command.php(170): Symfony\\Component\\Console\\Command\\Command->run(Object(Symfony\\Component\\Console\\Input\\ArgvInput), Object(Illuminate\\Console\\OutputStyle))
#22 C:\\Bitnami\\wampp\\apache2\\htdocs\\laravelprojects\\tlccchoir\\vendor\\symfony\\console\\Application.php(901): Illuminate\\Console\\Command->run(Object(Symfony\\Component\\Console\\Input\\ArgvInput), Object(Symfony\\Component\\Console\\Output\\ConsoleOutput))
#23 C:\\Bitnami\\wampp\\apache2\\htdocs\\laravelprojects\\tlccchoir\\vendor\\symfony\\console\\Application.php(262): Symfony\\Component\\Console\\Application->doRunCommand(Object(Illuminate\\Foundation\\Console\\RouteListCommand), Object(Symfony\\Component\\Console\\Input\\ArgvInput), Object(Symfony\\Component\\Console\\Output\\ConsoleOutput))
#24 C:\\Bitnami\\wampp\\apache2\\htdocs\\laravelprojects\\tlccchoir\\vendor\\symfony\\console\\Application.php(145): Symfony\\Component\\Console\\Application->doRun(Object(Symfony\\Component\\Console\\Input\\ArgvInput), Object(Symfony\\Component\\Console\\Output\\ConsoleOutput))
#25 C:\\Bitnami\\wampp\\apache2\\htdocs\\laravelprojects\\tlccchoir\\vendor\\laravel\\framework\\src\\Illuminate\\Console\\Application.php(89): Symfony\\Component\\Console\\Application->run(Object(Symfony\\Component\\Console\\Input\\ArgvInput), Object(Symfony\\Component\\Console\\Output\\ConsoleOutput))
#26 C:\\Bitnami\\wampp\\apache2\\htdocs\\laravelprojects\\tlccchoir\\vendor\\laravel\\framework\\src\\Illuminate\\Foundation\\Console\\Kernel.php(122): Illuminate\\Console\\Application->run(Object(Symfony\\Component\\Console\\Input\\ArgvInput), Object(Symfony\\Component\\Console\\Output\\ConsoleOutput))
#27 C:\\Bitnami\\wampp\\apache2\\htdocs\\laravelprojects\\tlccchoir\\artisan(37): Illuminate\\Foundation\\Console\\Kernel->handle(Object(Symfony\\Component\\Console\\Input\\ArgvInput), Object(Symfony\\Component\\Console\\Output\\ConsoleOutput))
#28 {main}
"} 
[2019-01-23 03:56:00] local.ERROR: Class App\Http\Controllers\PostsController does not exist {"exception":"[object] (ReflectionException(code: -1): Class App\\Http\\Controllers\\PostsController does not exist at C:\\Bitnami\\wampp\\apache2\\htdocs\\laravelprojects\\tlccchoir\\vendor\\laravel\\framework\\src\\Illuminate\\Container\\Container.php:779)
[stacktrace]
#0 C:\\Bitnami\\wampp\\apache2\\htdocs\\laravelprojects\\tlccchoir\\vendor\\laravel\\framework\\src\\Illuminate\\Container\\Container.php(779): ReflectionClass->__construct('App\\\\Http\\\\Contro...')
#1 C:\\Bitnami\\wampp\\apache2\\htdocs\\laravelprojects\\tlccchoir\\vendor\\laravel\\framework\\src\\Illuminate\\Container\\Container.php(658): Illuminate\\Container\\Container->build('App\\\\Http\\\\Contro...')
#2 C:\\Bitnami\\wampp\\apache2\\htdocs\\laravelprojects\\tlccchoir\\vendor\\laravel\\framework\\src\\Illuminate\\Container\\Container.php(609): Illuminate\\Container\\Container->resolve('App\\\\Http\\\\Contro...', Array)
#3 C:\\Bitnami\\wampp\\apache2\\htdocs\\laravelprojects\\tlccchoir\\vendor\\laravel\\framework\\src\\Illuminate\\Foundation\\Application.php(735): Illuminate\\Container\\Container->make('App\\\\Http\\\\Contro...', Array)
#4 C:\\Bitnami\\wampp\\apache2\\htdocs\\laravelprojects\\tlccchoir\\vendor\\laravel\\framework\\src\\Illuminate\\Routing\\Route.php(233): Illuminate\\Foundation\\Application->make('App\\\\Http\\\\Contro...')
#5 C:\\Bitnami\\wampp\\apache2\\htdocs\\laravelprojects\\tlccchoir\\vendor\\laravel\\framework\\src\\Illuminate\\Routing\\Route.php(833): Illuminate\\Routing\\Route->getController()
#6 C:\\Bitnami\\wampp\\apache2\\htdocs\\laravelprojects\\tlccchoir\\vendor\\laravel\\framework\\src\\Illuminate\\Routing\\Route.php(794): Illuminate\\Routing\\Route->controllerMiddleware()
#7 C:\\Bitnami\\wampp\\apache2\\htdocs\\laravelprojects\\tlccchoir\\vendor\\laravel\\framework\\src\\Illuminate\\Foundation\\Console\\RouteListCommand.php(151): Illuminate\\Routing\\Route->gatherMiddleware()
#8 C:\\Bitnami\\wampp\\apache2\\htdocs\\laravelprojects\\tlccchoir\\vendor\\laravel\\framework\\src\\Illuminate\\Foundation\\Console\\RouteListCommand.php(114): Illuminate\\Foundation\\Console\\RouteListCommand->getMiddleware(Object(Illuminate\\Routing\\Route))
#9 C:\\Bitnami\\wampp\\apache2\\htdocs\\laravelprojects\\tlccchoir\\vendor\\laravel\\framework\\src\\Illuminate\\Foundation\\Console\\RouteListCommand.php(86): Illuminate\\Foundation\\Console\\RouteListCommand->getRouteInformation(Object(Illuminate\\Routing\\Route))
#10 [internal function]: Illuminate\\Foundation\\Console\\RouteListCommand->Illuminate\\Foundation\\Console\\{closure}(Object(Illuminate\\Routing\\Route), 95)
#11 C:\\Bitnami\\wampp\\apache2\\htdocs\\laravelprojects\\tlccchoir\\vendor\\laravel\\framework\\src\\Illuminate\\Support\\Collection.php(1033): array_map(Object(Closure), Array, Array)
#12 C:\\Bitnami\\wampp\\apache2\\htdocs\\laravelprojects\\tlccchoir\\vendor\\laravel\\framework\\src\\Illuminate\\Foundation\\Console\\RouteListCommand.php(87): Illuminate\\Support\\Collection->map(Object(Closure))
#13 C:\\Bitnami\\wampp\\apache2\\htdocs\\laravelprojects\\tlccchoir\\vendor\\laravel\\framework\\src\\Illuminate\\Foundation\\Console\\RouteListCommand.php(75): Illuminate\\Foundation\\Console\\RouteListCommand->getRoutes()
#14 [internal function]: Illuminate\\Foundation\\Console\\RouteListCommand->handle()
#15 C:\\Bitnami\\wampp\\apache2\\htdocs\\laravelprojects\\tlccchoir\\vendor\\laravel\\framework\\src\\Illuminate\\Container\\BoundMethod.php(29): call_user_func_array(Array, Array)
#16 C:\\Bitnami\\wampp\\apache2\\htdocs\\laravelprojects\\tlccchoir\\vendor\\laravel\\framework\\src\\Illuminate\\Container\\BoundMethod.php(87): Illuminate\\Container\\BoundMethod::Illuminate\\Container\\{closure}()
#17 C:\\Bitnami\\wampp\\apache2\\htdocs\\laravelprojects\\tlccchoir\\vendor\\laravel\\framework\\src\\Illuminate\\Container\\BoundMethod.php(31): Illuminate\\Container\\BoundMethod::callBoundMethod(Object(Illuminate\\Foundation\\Application), Array, Object(Closure))
#18 C:\\Bitnami\\wampp\\apache2\\htdocs\\laravelprojects\\tlccchoir\\vendor\\laravel\\framework\\src\\Illuminate\\Container\\Container.php(572): Illuminate\\Container\\BoundMethod::call(Object(Illuminate\\Foundation\\Application), Array, Array, NULL)
#19 C:\\Bitnami\\wampp\\apache2\\htdocs\\laravelprojects\\tlccchoir\\vendor\\laravel\\framework\\src\\Illuminate\\Console\\Command.php(183): Illuminate\\Container\\Container->call(Array)
#20 C:\\Bitnami\\wampp\\apache2\\htdocs\\laravelprojects\\tlccchoir\\vendor\\symfony\\console\\Command\\Command.php(255): Illuminate\\Console\\Command->execute(Object(Symfony\\Component\\Console\\Input\\ArgvInput), Object(Illuminate\\Console\\OutputStyle))
#21 C:\\Bitnami\\wampp\\apache2\\htdocs\\laravelprojects\\tlccchoir\\vendor\\laravel\\framework\\src\\Illuminate\\Console\\Command.php(170): Symfony\\Component\\Console\\Command\\Command->run(Object(Symfony\\Component\\Console\\Input\\ArgvInput), Object(Illuminate\\Console\\OutputStyle))
#22 C:\\Bitnami\\wampp\\apache2\\htdocs\\laravelprojects\\tlccchoir\\vendor\\symfony\\console\\Application.php(901): Illuminate\\Console\\Command->run(Object(Symfony\\Component\\Console\\Input\\ArgvInput), Object(Symfony\\Component\\Console\\Output\\ConsoleOutput))
#23 C:\\Bitnami\\wampp\\apache2\\htdocs\\laravelprojects\\tlccchoir\\vendor\\symfony\\console\\Application.php(262): Symfony\\Component\\Console\\Application->doRunCommand(Object(Illuminate\\Foundation\\Console\\RouteListCommand), Object(Symfony\\Component\\Console\\Input\\ArgvInput), Object(Symfony\\Component\\Console\\Output\\ConsoleOutput))
#24 C:\\Bitnami\\wampp\\apache2\\htdocs\\laravelprojects\\tlccchoir\\vendor\\symfony\\console\\Application.php(145): Symfony\\Component\\Console\\Application->doRun(Object(Symfony\\Component\\Console\\Input\\ArgvInput), Object(Symfony\\Component\\Console\\Output\\ConsoleOutput))
#25 C:\\Bitnami\\wampp\\apache2\\htdocs\\laravelprojects\\tlccchoir\\vendor\\laravel\\framework\\src\\Illuminate\\Console\\Application.php(89): Symfony\\Component\\Console\\Application->run(Object(Symfony\\Component\\Console\\Input\\ArgvInput), Object(Symfony\\Component\\Console\\Output\\ConsoleOutput))
#26 C:\\Bitnami\\wampp\\apache2\\htdocs\\laravelprojects\\tlccchoir\\vendor\\laravel\\framework\\src\\Illuminate\\Foundation\\Console\\Kernel.php(122): Illuminate\\Console\\Application->run(Object(Symfony\\Component\\Console\\Input\\ArgvInput), Object(Symfony\\Component\\Console\\Output\\ConsoleOutput))
#27 C:\\Bitnami\\wampp\\apache2\\htdocs\\laravelprojects\\tlccchoir\\artisan(37): Illuminate\\Foundation\\Console\\Kernel->handle(Object(Symfony\\Component\\Console\\Input\\ArgvInput), Object(Symfony\\Component\\Console\\Output\\ConsoleOutput))
#28 {main}
"} 
[2019-01-23 05:49:08] local.ERROR: Class 'willvincent\Feeds\FeedsServiceProvider' not found {"exception":"[object] (Symfony\\Component\\Debug\\Exception\\FatalThrowableError(code: 0): Class 'willvincent\\Feeds\\FeedsServiceProvider' not found at C:\\Bitnami\\wampp\\apache2\\htdocs\\laravelprojects\\tlccchoir\\vendor\\laravel\\framework\\src\\Illuminate\\Foundation\\ProviderRepository.php:208)
[stacktrace]
#0 C:\\Bitnami\\wampp\\apache2\\htdocs\\laravelprojects\\tlccchoir\\vendor\\laravel\\framework\\src\\Illuminate\\Foundation\\ProviderRepository.php(144): Illuminate\\Foundation\\ProviderRepository->createProvider('willvincent\\\\Fee...')
#1 C:\\Bitnami\\wampp\\apache2\\htdocs\\laravelprojects\\tlccchoir\\vendor\\laravel\\framework\\src\\Illuminate\\Foundation\\ProviderRepository.php(61): Illuminate\\Foundation\\ProviderRepository->compileManifest(Array)
#2 C:\\Bitnami\\wampp\\apache2\\htdocs\\laravelprojects\\tlccchoir\\vendor\\laravel\\framework\\src\\Illuminate\\Foundation\\Application.php(550): Illuminate\\Foundation\\ProviderRepository->load(Array)
#3 C:\\Bitnami\\wampp\\apache2\\htdocs\\laravelprojects\\tlccchoir\\vendor\\laravel\\framework\\src\\Illuminate\\Foundation\\Bootstrap\\RegisterProviders.php(17): Illuminate\\Foundation\\Application->registerConfiguredProviders()
#4 C:\\Bitnami\\wampp\\apache2\\htdocs\\laravelprojects\\tlccchoir\\vendor\\laravel\\framework\\src\\Illuminate\\Foundation\\Application.php(204): Illuminate\\Foundation\\Bootstrap\\RegisterProviders->bootstrap(Object(Illuminate\\Foundation\\Application))
#5 C:\\Bitnami\\wampp\\apache2\\htdocs\\laravelprojects\\tlccchoir\\vendor\\laravel\\framework\\src\\Illuminate\\Foundation\\Console\\Kernel.php(297): Illuminate\\Foundation\\Application->bootstrapWith(Array)
#6 C:\\Bitnami\\wampp\\apache2\\htdocs\\laravelprojects\\tlccchoir\\vendor\\laravel\\framework\\src\\Illuminate\\Foundation\\Console\\Kernel.php(120): Illuminate\\Foundation\\Console\\Kernel->bootstrap()
#7 C:\\Bitnami\\wampp\\apache2\\htdocs\\laravelprojects\\tlccchoir\\artisan(37): Illuminate\\Foundation\\Console\\Kernel->handle(Object(Symfony\\Component\\Console\\Input\\ArgvInput), Object(Symfony\\Component\\Console\\Output\\ConsoleOutput))
#8 {main}
"} 
[2019-01-23 07:31:22] local.ERROR: Class 'willvincent\Feeds\FeedsServiceProvider' not found {"exception":"[object] (Symfony\\Component\\Debug\\Exception\\FatalThrowableError(code: 0): Class 'willvincent\\Feeds\\FeedsServiceProvider' not found at C:\\Bitnami\\wampp\\apache2\\htdocs\\laravelprojects\\tlccchoir\\vendor\\laravel\\framework\\src\\Illuminate\\Foundation\\ProviderRepository.php:208)
[stacktrace]
#0 C:\\Bitnami\\wampp\\apache2\\htdocs\\laravelprojects\\tlccchoir\\vendor\\laravel\\framework\\src\\Illuminate\\Foundation\\ProviderRepository.php(144): Illuminate\\Foundation\\ProviderRepository->createProvider('willvincent\\\\Fee...')
#1 C:\\Bitnami\\wampp\\apache2\\htdocs\\laravelprojects\\tlccchoir\\vendor\\laravel\\framework\\src\\Illuminate\\Foundation\\ProviderRepository.php(61): Illuminate\\Foundation\\ProviderRepository->compileManifest(Array)
#2 C:\\Bitnami\\wampp\\apache2\\htdocs\\laravelprojects\\tlccchoir\\vendor\\laravel\\framework\\src\\Illuminate\\Foundation\\Application.php(550): Illuminate\\Foundation\\ProviderRepository->load(Array)
#3 C:\\Bitnami\\wampp\\apache2\\htdocs\\laravelprojects\\tlccchoir\\vendor\\laravel\\framework\\src\\Illuminate\\Foundation\\Bootstrap\\RegisterProviders.php(17): Illuminate\\Foundation\\Application->registerConfiguredProviders()
#4 C:\\Bitnami\\wampp\\apache2\\htdocs\\laravelprojects\\tlccchoir\\vendor\\laravel\\framework\\src\\Illuminate\\Foundation\\Application.php(204): Illuminate\\Foundation\\Bootstrap\\RegisterProviders->bootstrap(Object(Illuminate\\Foundation\\Application))
#5 C:\\Bitnami\\wampp\\apache2\\htdocs\\laravelprojects\\tlccchoir\\vendor\\laravel\\framework\\src\\Illuminate\\Foundation\\Console\\Kernel.php(297): Illuminate\\Foundation\\Application->bootstrapWith(Array)
#6 C:\\Bitnami\\wampp\\apache2\\htdocs\\laravelprojects\\tlccchoir\\vendor\\laravel\\framework\\src\\Illuminate\\Foundation\\Console\\Kernel.php(120): Illuminate\\Foundation\\Console\\Kernel->bootstrap()
#7 C:\\Bitnami\\wampp\\apache2\\htdocs\\laravelprojects\\tlccchoir\\artisan(37): Illuminate\\Foundation\\Console\\Kernel->handle(Object(Symfony\\Component\\Console\\Input\\ArgvInput), Object(Symfony\\Component\\Console\\Output\\ConsoleOutput))
#8 {main}
"} 
[2019-01-23 12:21:16] local.ERROR: Method Illuminate\Routing\Route::names does not exist. {"exception":"[object] (BadMethodCallException(code: 0): Method Illuminate\\Routing\\Route::names does not exist. at C:\\Bitnami\\wampp\\apache2\\htdocs\\laravelprojects\\tlccchoir\\vendor\\laravel\\framework\\src\\Illuminate\\Support\\Traits\\Macroable.php:100)
[stacktrace]
#0 C:\\Bitnami\\wampp\\apache2\\htdocs\\laravelprojects\\tlccchoir\outes\\web.php(137): Illuminate\\Routing\\Route->__call('names', Array)
#1 C:\\Bitnami\\wampp\\apache2\\htdocs\\laravelprojects\\tlccchoir\\vendor\\laravel\\framework\\src\\Illuminate\\Routing\\Router.php(417): require('C:\\\\Bitnami\\\\wamp...')
#2 C:\\Bitnami\\wampp\\apache2\\htdocs\\laravelprojects\\tlccchoir\\vendor\\laravel\\framework\\src\\Illuminate\\Routing\\Router.php(373): Illuminate\\Routing\\Router->loadRoutes('C:\\\\Bitnami\\\\wamp...')
#3 C:\\Bitnami\\wampp\\apache2\\htdocs\\laravelprojects\\tlccchoir\\vendor\\laravel\\framework\\src\\Illuminate\\Routing\\RouteRegistrar.php(121): Illuminate\\Routing\\Router->group(Array, 'C:\\\\Bitnami\\\\wamp...')
#4 C:\\Bitnami\\wampp\\apache2\\htdocs\\laravelprojects\\tlccchoir\\app\\Providers\\RouteServiceProvider.php(56): Illuminate\\Routing\\RouteRegistrar->group('C:\\\\Bitnami\\\\wamp...')
#5 C:\\Bitnami\\wampp\\apache2\\htdocs\\laravelprojects\\tlccchoir\\app\\Providers\\RouteServiceProvider.php(40): App\\Providers\\RouteServiceProvider->mapWebRoutes()
#6 [internal function]: App\\Providers\\RouteServiceProvider->map()
#7 C:\\Bitnami\\wampp\\apache2\\htdocs\\laravelprojects\\tlccchoir\\vendor\\laravel\\framework\\src\\Illuminate\\Container\\BoundMethod.php(29): call_user_func_array(Array, Array)
#8 C:\\Bitnami\\wampp\\apache2\\htdocs\\laravelprojects\\tlccchoir\\vendor\\laravel\\framework\\src\\Illuminate\\Container\\BoundMethod.php(87): Illuminate\\Container\\BoundMethod::Illuminate\\Container\\{closure}()
#9 C:\\Bitnami\\wampp\\apache2\\htdocs\\laravelprojects\\tlccchoir\\vendor\\laravel\\framework\\src\\Illuminate\\Container\\BoundMethod.php(31): Illuminate\\Container\\BoundMethod::callBoundMethod(Object(Illuminate\\Foundation\\Application), Array, Object(Closure))
#10 C:\\Bitnami\\wampp\\apache2\\htdocs\\laravelprojects\\tlccchoir\\vendor\\laravel\\framework\\src\\Illuminate\\Container\\Container.php(572): Illuminate\\Container\\BoundMethod::call(Object(Illuminate\\Foundation\\Application), Array, Array, NULL)
#11 C:\\Bitnami\\wampp\\apache2\\htdocs\\laravelprojects\\tlccchoir\\vendor\\laravel\\framework\\src\\Illuminate\\Foundation\\Support\\Providers\\RouteServiceProvider.php(77): Illuminate\\Container\\Container->call(Array)
#12 C:\\Bitnami\\wampp\\apache2\\htdocs\\laravelprojects\\tlccchoir\\vendor\\laravel\\framework\\src\\Illuminate\\Foundation\\Support\\Providers\\RouteServiceProvider.php(36): Illuminate\\Foundation\\Support\\Providers\\RouteServiceProvider->loadRoutes()
#13 C:\\Bitnami\\wampp\\apache2\\htdocs\\laravelprojects\\tlccchoir\\app\\Providers\\RouteServiceProvider.php(28): Illuminate\\Foundation\\Support\\Providers\\RouteServiceProvider->boot()
#14 [internal function]: App\\Providers\\RouteServiceProvider->boot()
#15 C:\\Bitnami\\wampp\\apache2\\htdocs\\laravelprojects\\tlccchoir\\vendor\\laravel\\framework\\src\\Illuminate\\Container\\BoundMethod.php(29): call_user_func_array(Array, Array)
#16 C:\\Bitnami\\wampp\\apache2\\htdocs\\laravelprojects\\tlccchoir\\vendor\\laravel\\framework\\src\\Illuminate\\Container\\BoundMethod.php(87): Illuminate\\Container\\BoundMethod::Illuminate\\Container\\{closure}()
#17 C:\\Bitnami\\wampp\\apache2\\htdocs\\laravelprojects\\tlccchoir\\vendor\\laravel\\framework\\src\\Illuminate\\Container\\BoundMethod.php(31): Illuminate\\Container\\BoundMethod::callBoundMethod(Object(Illuminate\\Foundation\\Application), Array, Object(Closure))
#18 C:\\Bitnami\\wampp\\apache2\\htdocs\\laravelprojects\\tlccchoir\\vendor\\laravel\\framework\\src\\Illuminate\\Container\\Container.php(572): Illuminate\\Container\\BoundMethod::call(Object(Illuminate\\Foundation\\Application), Array, Array, NULL)
#19 C:\\Bitnami\\wampp\\apache2\\htdocs\\laravelprojects\\tlccchoir\\vendor\\laravel\\framework\\src\\Illuminate\\Foundation\\Application.php(795): Illuminate\\Container\\Container->call(Array)
#20 C:\\Bitnami\\wampp\\apache2\\htdocs\\laravelprojects\\tlccchoir\\vendor\\laravel\\framework\\src\\Illuminate\\Foundation\\Application.php(778): Illuminate\\Foundation\\Application->bootProvider(Object(App\\Providers\\RouteServiceProvider))
#21 [internal function]: Illuminate\\Foundation\\Application->Illuminate\\Foundation\\{closure}(Object(App\\Providers\\RouteServiceProvider), 28)
#22 C:\\Bitnami\\wampp\\apache2\\htdocs\\laravelprojects\\tlccchoir\\vendor\\laravel\\framework\\src\\Illuminate\\Foundation\\Application.php(779): array_walk(Array, Object(Closure))
#23 C:\\Bitnami\\wampp\\apache2\\htdocs\\laravelprojects\\tlccchoir\\vendor\\laravel\\framework\\src\\Illuminate\\Foundation\\Bootstrap\\BootProviders.php(17): Illuminate\\Foundation\\Application->boot()
#24 C:\\Bitnami\\wampp\\apache2\\htdocs\\laravelprojects\\tlccchoir\\vendor\\laravel\\framework\\src\\Illuminate\\Foundation\\Application.php(204): Illuminate\\Foundation\\Bootstrap\\BootProviders->bootstrap(Object(Illuminate\\Foundation\\Application))
#25 C:\\Bitnami\\wampp\\apache2\\htdocs\\laravelprojects\\tlccchoir\\vendor\\laravel\\framework\\src\\Illuminate\\Foundation\\Console\\Kernel.php(297): Illuminate\\Foundation\\Application->bootstrapWith(Array)
#26 C:\\Bitnami\\wampp\\apache2\\htdocs\\laravelprojects\\tlccchoir\\vendor\\laravel\\framework\\src\\Illuminate\\Foundation\\Console\\Kernel.php(120): Illuminate\\Foundation\\Console\\Kernel->bootstrap()
#27 C:\\Bitnami\\wampp\\apache2\\htdocs\\laravelprojects\\tlccchoir\\artisan(37): Illuminate\\Foundation\\Console\\Kernel->handle(Object(Symfony\\Component\\Console\\Input\\ArgvInput), Object(Symfony\\Component\\Console\\Output\\ConsoleOutput))
#28 {main}
"} 
[2019-01-23 15:04:02] local.ERROR: Method Illuminate\Routing\Route::names does not exist. {"exception":"[object] (BadMethodCallException(code: 0): Method Illuminate\\Routing\\Route::names does not exist. at C:\\Bitnami\\wampp\\apache2\\htdocs\\laravelprojects\\tlccchoir\\vendor\\laravel\\framework\\src\\Illuminate\\Support\\Traits\\Macroable.php:100)
[stacktrace]
#0 C:\\Bitnami\\wampp\\apache2\\htdocs\\laravelprojects\\tlccchoir\outes\\web.php(137): Illuminate\\Routing\\Route->__call('names', Array)
#1 C:\\Bitnami\\wampp\\apache2\\htdocs\\laravelprojects\\tlccchoir\\vendor\\laravel\\framework\\src\\Illuminate\\Routing\\Router.php(417): require('C:\\\\Bitnami\\\\wamp...')
#2 C:\\Bitnami\\wampp\\apache2\\htdocs\\laravelprojects\\tlccchoir\\vendor\\laravel\\framework\\src\\Illuminate\\Routing\\Router.php(373): Illuminate\\Routing\\Router->loadRoutes('C:\\\\Bitnami\\\\wamp...')
#3 C:\\Bitnami\\wampp\\apache2\\htdocs\\laravelprojects\\tlccchoir\\vendor\\laravel\\framework\\src\\Illuminate\\Routing\\RouteRegistrar.php(121): Illuminate\\Routing\\Router->group(Array, 'C:\\\\Bitnami\\\\wamp...')
#4 C:\\Bitnami\\wampp\\apache2\\htdocs\\laravelprojects\\tlccchoir\\app\\Providers\\RouteServiceProvider.php(56): Illuminate\\Routing\\RouteRegistrar->group('C:\\\\Bitnami\\\\wamp...')
#5 C:\\Bitnami\\wampp\\apache2\\htdocs\\laravelprojects\\tlccchoir\\app\\Providers\\RouteServiceProvider.php(40): App\\Providers\\RouteServiceProvider->mapWebRoutes()
#6 [internal function]: App\\Providers\\RouteServiceProvider->map()
#7 C:\\Bitnami\\wampp\\apache2\\htdocs\\laravelprojects\\tlccchoir\\vendor\\laravel\\framework\\src\\Illuminate\\Container\\BoundMethod.php(29): call_user_func_array(Array, Array)
#8 C:\\Bitnami\\wampp\\apache2\\htdocs\\laravelprojects\\tlccchoir\\vendor\\laravel\\framework\\src\\Illuminate\\Container\\BoundMethod.php(87): Illuminate\\Container\\BoundMethod::Illuminate\\Container\\{closure}()
#9 C:\\Bitnami\\wampp\\apache2\\htdocs\\laravelprojects\\tlccchoir\\vendor\\laravel\\framework\\src\\Illuminate\\Container\\BoundMethod.php(31): Illuminate\\Container\\BoundMethod::callBoundMethod(Object(Illuminate\\Foundation\\Application), Array, Object(Closure))
#10 C:\\Bitnami\\wampp\\apache2\\htdocs\\laravelprojects\\tlccchoir\\vendor\\laravel\\framework\\src\\Illuminate\\Container\\Container.php(572): Illuminate\\Container\\BoundMethod::call(Object(Illuminate\\Foundation\\Application), Array, Array, NULL)
#11 C:\\Bitnami\\wampp\\apache2\\htdocs\\laravelprojects\\tlccchoir\\vendor\\laravel\\framework\\src\\Illuminate\\Foundation\\Support\\Providers\\RouteServiceProvider.php(77): Illuminate\\Container\\Container->call(Array)
#12 C:\\Bitnami\\wampp\\apache2\\htdocs\\laravelprojects\\tlccchoir\\vendor\\laravel\\framework\\src\\Illuminate\\Foundation\\Support\\Providers\\RouteServiceProvider.php(36): Illuminate\\Foundation\\Support\\Providers\\RouteServiceProvider->loadRoutes()
#13 C:\\Bitnami\\wampp\\apache2\\htdocs\\laravelprojects\\tlccchoir\\app\\Providers\\RouteServiceProvider.php(28): Illuminate\\Foundation\\Support\\Providers\\RouteServiceProvider->boot()
#14 [internal function]: App\\Providers\\RouteServiceProvider->boot()
#15 C:\\Bitnami\\wampp\\apache2\\htdocs\\laravelprojects\\tlccchoir\\vendor\\laravel\\framework\\src\\Illuminate\\Container\\BoundMethod.php(29): call_user_func_array(Array, Array)
#16 C:\\Bitnami\\wampp\\apache2\\htdocs\\laravelprojects\\tlccchoir\\vendor\\laravel\\framework\\src\\Illuminate\\Container\\BoundMethod.php(87): Illuminate\\Container\\BoundMethod::Illuminate\\Container\\{closure}()
#17 C:\\Bitnami\\wampp\\apache2\\htdocs\\laravelprojects\\tlccchoir\\vendor\\laravel\\framework\\src\\Illuminate\\Container\\BoundMethod.php(31): Illuminate\\Container\\BoundMethod::callBoundMethod(Object(Illuminate\\Foundation\\Application), Array, Object(Closure))
#18 C:\\Bitnami\\wampp\\apache2\\htdocs\\laravelprojects\\tlccchoir\\vendor\\laravel\\framework\\src\\Illuminate\\Container\\Container.php(572): Illuminate\\Container\\BoundMethod::call(Object(Illuminate\\Foundation\\Application), Array, Array, NULL)
#19 C:\\Bitnami\\wampp\\apache2\\htdocs\\laravelprojects\\tlccchoir\\vendor\\laravel\\framework\\src\\Illuminate\\Foundation\\Application.php(795): Illuminate\\Container\\Container->call(Array)
#20 C:\\Bitnami\\wampp\\apache2\\htdocs\\laravelprojects\\tlccchoir\\vendor\\laravel\\framework\\src\\Illuminate\\Foundation\\Application.php(778): Illuminate\\Foundation\\Application->bootProvider(Object(App\\Providers\\RouteServiceProvider))
#21 [internal function]: Illuminate\\Foundation\\Application->Illuminate\\Foundation\\{closure}(Object(App\\Providers\\RouteServiceProvider), 28)
#22 C:\\Bitnami\\wampp\\apache2\\htdocs\\laravelprojects\\tlccchoir\\vendor\\laravel\\framework\\src\\Illuminate\\Foundation\\Application.php(779): array_walk(Array, Object(Closure))
#23 C:\\Bitnami\\wampp\\apache2\\htdocs\\laravelprojects\\tlccchoir\\vendor\\laravel\\framework\\src\\Illuminate\\Foundation\\Bootstrap\\BootProviders.php(17): Illuminate\\Foundation\\Application->boot()
#24 C:\\Bitnami\\wampp\\apache2\\htdocs\\laravelprojects\\tlccchoir\\vendor\\laravel\\framework\\src\\Illuminate\\Foundation\\Application.php(204): Illuminate\\Foundation\\Bootstrap\\BootProviders->bootstrap(Object(Illuminate\\Foundation\\Application))
#25 C:\\Bitnami\\wampp\\apache2\\htdocs\\laravelprojects\\tlccchoir\\vendor\\laravel\\framework\\src\\Illuminate\\Foundation\\Console\\Kernel.php(297): Illuminate\\Foundation\\Application->bootstrapWith(Array)
#26 C:\\Bitnami\\wampp\\apache2\\htdocs\\laravelprojects\\tlccchoir\\vendor\\laravel\\framework\\src\\Illuminate\\Foundation\\Console\\Kernel.php(120): Illuminate\\Foundation\\Console\\Kernel->bootstrap()
#27 C:\\Bitnami\\wampp\\apache2\\htdocs\\laravelprojects\\tlccchoir\\artisan(37): Illuminate\\Foundation\\Console\\Kernel->handle(Object(Symfony\\Component\\Console\\Input\\ArgvInput), Object(Symfony\\Component\\Console\\Output\\ConsoleOutput))
#28 {main}
"} 
[2019-01-23 15:33:18] local.ERROR: Method Illuminate\Routing\Route::names does not exist. {"exception":"[object] (BadMethodCallException(code: 0): Method Illuminate\\Routing\\Route::names does not exist. at C:\\Bitnami\\wampp\\apache2\\htdocs\\laravelprojects\\tlccchoir\\vendor\\laravel\\framework\\src\\Illuminate\\Support\\Traits\\Macroable.php:100)
[stacktrace]
#0 C:\\Bitnami\\wampp\\apache2\\htdocs\\laravelprojects\\tlccchoir\outes\\web.php(137): Illuminate\\Routing\\Route->__call('names', Array)
#1 C:\\Bitnami\\wampp\\apache2\\htdocs\\laravelprojects\\tlccchoir\\vendor\\laravel\\framework\\src\\Illuminate\\Routing\\Router.php(417): require('C:\\\\Bitnami\\\\wamp...')
#2 C:\\Bitnami\\wampp\\apache2\\htdocs\\laravelprojects\\tlccchoir\\vendor\\laravel\\framework\\src\\Illuminate\\Routing\\Router.php(373): Illuminate\\Routing\\Router->loadRoutes('C:\\\\Bitnami\\\\wamp...')
#3 C:\\Bitnami\\wampp\\apache2\\htdocs\\laravelprojects\\tlccchoir\\vendor\\laravel\\framework\\src\\Illuminate\\Routing\\RouteRegistrar.php(121): Illuminate\\Routing\\Router->group(Array, 'C:\\\\Bitnami\\\\wamp...')
#4 C:\\Bitnami\\wampp\\apache2\\htdocs\\laravelprojects\\tlccchoir\\app\\Providers\\RouteServiceProvider.php(56): Illuminate\\Routing\\RouteRegistrar->group('C:\\\\Bitnami\\\\wamp...')
#5 C:\\Bitnami\\wampp\\apache2\\htdocs\\laravelprojects\\tlccchoir\\app\\Providers\\RouteServiceProvider.php(40): App\\Providers\\RouteServiceProvider->mapWebRoutes()
#6 [internal function]: App\\Providers\\RouteServiceProvider->map()
#7 C:\\Bitnami\\wampp\\apache2\\htdocs\\laravelprojects\\tlccchoir\\vendor\\laravel\\framework\\src\\Illuminate\\Container\\BoundMethod.php(29): call_user_func_array(Array, Array)
#8 C:\\Bitnami\\wampp\\apache2\\htdocs\\laravelprojects\\tlccchoir\\vendor\\laravel\\framework\\src\\Illuminate\\Container\\BoundMethod.php(87): Illuminate\\Container\\BoundMethod::Illuminate\\Container\\{closure}()
#9 C:\\Bitnami\\wampp\\apache2\\htdocs\\laravelprojects\\tlccchoir\\vendor\\laravel\\framework\\src\\Illuminate\\Container\\BoundMethod.php(31): Illuminate\\Container\\BoundMethod::callBoundMethod(Object(Illuminate\\Foundation\\Application), Array, Object(Closure))
#10 C:\\Bitnami\\wampp\\apache2\\htdocs\\laravelprojects\\tlccchoir\\vendor\\laravel\\framework\\src\\Illuminate\\Container\\Container.php(572): Illuminate\\Container\\BoundMethod::call(Object(Illuminate\\Foundation\\Application), Array, Array, NULL)
#11 C:\\Bitnami\\wampp\\apache2\\htdocs\\laravelprojects\\tlccchoir\\vendor\\laravel\\framework\\src\\Illuminate\\Foundation\\Support\\Providers\\RouteServiceProvider.php(77): Illuminate\\Container\\Container->call(Array)
#12 C:\\Bitnami\\wampp\\apache2\\htdocs\\laravelprojects\\tlccchoir\\vendor\\laravel\\framework\\src\\Illuminate\\Foundation\\Support\\Providers\\RouteServiceProvider.php(36): Illuminate\\Foundation\\Support\\Providers\\RouteServiceProvider->loadRoutes()
#13 C:\\Bitnami\\wampp\\apache2\\htdocs\\laravelprojects\\tlccchoir\\app\\Providers\\RouteServiceProvider.php(28): Illuminate\\Foundation\\Support\\Providers\\RouteServiceProvider->boot()
#14 [internal function]: App\\Providers\\RouteServiceProvider->boot()
#15 C:\\Bitnami\\wampp\\apache2\\htdocs\\laravelprojects\\tlccchoir\\vendor\\laravel\\framework\\src\\Illuminate\\Container\\BoundMethod.php(29): call_user_func_array(Array, Array)
#16 C:\\Bitnami\\wampp\\apache2\\htdocs\\laravelprojects\\tlccchoir\\vendor\\laravel\\framework\\src\\Illuminate\\Container\\BoundMethod.php(87): Illuminate\\Container\\BoundMethod::Illuminate\\Container\\{closure}()
#17 C:\\Bitnami\\wampp\\apache2\\htdocs\\laravelprojects\\tlccchoir\\vendor\\laravel\\framework\\src\\Illuminate\\Container\\BoundMethod.php(31): Illuminate\\Container\\BoundMethod::callBoundMethod(Object(Illuminate\\Foundation\\Application), Array, Object(Closure))
#18 C:\\Bitnami\\wampp\\apache2\\htdocs\\laravelprojects\\tlccchoir\\vendor\\laravel\\framework\\src\\Illuminate\\Container\\Container.php(572): Illuminate\\Container\\BoundMethod::call(Object(Illuminate\\Foundation\\Application), Array, Array, NULL)
#19 C:\\Bitnami\\wampp\\apache2\\htdocs\\laravelprojects\\tlccchoir\\vendor\\laravel\\framework\\src\\Illuminate\\Foundation\\Application.php(795): Illuminate\\Container\\Container->call(Array)
#20 C:\\Bitnami\\wampp\\apache2\\htdocs\\laravelprojects\\tlccchoir\\vendor\\laravel\\framework\\src\\Illuminate\\Foundation\\Application.php(778): Illuminate\\Foundation\\Application->bootProvider(Object(App\\Providers\\RouteServiceProvider))
#21 [internal function]: Illuminate\\Foundation\\Application->Illuminate\\Foundation\\{closure}(Object(App\\Providers\\RouteServiceProvider), 28)
#22 C:\\Bitnami\\wampp\\apache2\\htdocs\\laravelprojects\\tlccchoir\\vendor\\laravel\\framework\\src\\Illuminate\\Foundation\\Application.php(779): array_walk(Array, Object(Closure))
#23 C:\\Bitnami\\wampp\\apache2\\htdocs\\laravelprojects\\tlccchoir\\vendor\\laravel\\framework\\src\\Illuminate\\Foundation\\Bootstrap\\BootProviders.php(17): Illuminate\\Foundation\\Application->boot()
#24 C:\\Bitnami\\wampp\\apache2\\htdocs\\laravelprojects\\tlccchoir\\vendor\\laravel\\framework\\src\\Illuminate\\Foundation\\Application.php(204): Illuminate\\Foundation\\Bootstrap\\BootProviders->bootstrap(Object(Illuminate\\Foundation\\Application))
#25 C:\\Bitnami\\wampp\\apache2\\htdocs\\laravelprojects\\tlccchoir\\vendor\\laravel\\framework\\src\\Illuminate\\Foundation\\Console\\Kernel.php(297): Illuminate\\Foundation\\Application->bootstrapWith(Array)
#26 C:\\Bitnami\\wampp\\apache2\\htdocs\\laravelprojects\\tlccchoir\\vendor\\laravel\\framework\\src\\Illuminate\\Foundation\\Console\\Kernel.php(120): Illuminate\\Foundation\\Console\\Kernel->bootstrap()
#27 C:\\Bitnami\\wampp\\apache2\\htdocs\\laravelprojects\\tlccchoir\\artisan(37): Illuminate\\Foundation\\Console\\Kernel->handle(Object(Symfony\\Component\\Console\\Input\\ArgvInput), Object(Symfony\\Component\\Console\\Output\\ConsoleOutput))
#28 {main}
"} 
[2019-01-23 18:13:10] local.ERROR: Method Illuminate\Routing\Route::names does not exist. {"exception":"[object] (BadMethodCallException(code: 0): Method Illuminate\\Routing\\Route::names does not exist. at C:\\Bitnami\\wampp\\apache2\\htdocs\\laravelprojects\\tlccchoir\\vendor\\laravel\\framework\\src\\Illuminate\\Support\\Traits\\Macroable.php:100)
[stacktrace]
#0 C:\\Bitnami\\wampp\\apache2\\htdocs\\laravelprojects\\tlccchoir\outes\\web.php(137): Illuminate\\Routing\\Route->__call('names', Array)
#1 C:\\Bitnami\\wampp\\apache2\\htdocs\\laravelprojects\\tlccchoir\\vendor\\laravel\\framework\\src\\Illuminate\\Routing\\Router.php(417): require('C:\\\\Bitnami\\\\wamp...')
#2 C:\\Bitnami\\wampp\\apache2\\htdocs\\laravelprojects\\tlccchoir\\vendor\\laravel\\framework\\src\\Illuminate\\Routing\\Router.php(373): Illuminate\\Routing\\Router->loadRoutes('C:\\\\Bitnami\\\\wamp...')
#3 C:\\Bitnami\\wampp\\apache2\\htdocs\\laravelprojects\\tlccchoir\\vendor\\laravel\\framework\\src\\Illuminate\\Routing\\RouteRegistrar.php(121): Illuminate\\Routing\\Router->group(Array, 'C:\\\\Bitnami\\\\wamp...')
#4 C:\\Bitnami\\wampp\\apache2\\htdocs\\laravelprojects\\tlccchoir\\app\\Providers\\RouteServiceProvider.php(56): Illuminate\\Routing\\RouteRegistrar->group('C:\\\\Bitnami\\\\wamp...')
#5 C:\\Bitnami\\wampp\\apache2\\htdocs\\laravelprojects\\tlccchoir\\app\\Providers\\RouteServiceProvider.php(40): App\\Providers\\RouteServiceProvider->mapWebRoutes()
#6 [internal function]: App\\Providers\\RouteServiceProvider->map()
#7 C:\\Bitnami\\wampp\\apache2\\htdocs\\laravelprojects\\tlccchoir\\vendor\\laravel\\framework\\src\\Illuminate\\Container\\BoundMethod.php(29): call_user_func_array(Array, Array)
#8 C:\\Bitnami\\wampp\\apache2\\htdocs\\laravelprojects\\tlccchoir\\vendor\\laravel\\framework\\src\\Illuminate\\Container\\BoundMethod.php(87): Illuminate\\Container\\BoundMethod::Illuminate\\Container\\{closure}()
#9 C:\\Bitnami\\wampp\\apache2\\htdocs\\laravelprojects\\tlccchoir\\vendor\\laravel\\framework\\src\\Illuminate\\Container\\BoundMethod.php(31): Illuminate\\Container\\BoundMethod::callBoundMethod(Object(Illuminate\\Foundation\\Application), Array, Object(Closure))
#10 C:\\Bitnami\\wampp\\apache2\\htdocs\\laravelprojects\\tlccchoir\\vendor\\laravel\\framework\\src\\Illuminate\\Container\\Container.php(572): Illuminate\\Container\\BoundMethod::call(Object(Illuminate\\Foundation\\Application), Array, Array, NULL)
#11 C:\\Bitnami\\wampp\\apache2\\htdocs\\laravelprojects\\tlccchoir\\vendor\\laravel\\framework\\src\\Illuminate\\Foundation\\Support\\Providers\\RouteServiceProvider.php(77): Illuminate\\Container\\Container->call(Array)
#12 C:\\Bitnami\\wampp\\apache2\\htdocs\\laravelprojects\\tlccchoir\\vendor\\laravel\\framework\\src\\Illuminate\\Foundation\\Support\\Providers\\RouteServiceProvider.php(36): Illuminate\\Foundation\\Support\\Providers\\RouteServiceProvider->loadRoutes()
#13 C:\\Bitnami\\wampp\\apache2\\htdocs\\laravelprojects\\tlccchoir\\app\\Providers\\RouteServiceProvider.php(28): Illuminate\\Foundation\\Support\\Providers\\RouteServiceProvider->boot()
#14 [internal function]: App\\Providers\\RouteServiceProvider->boot()
#15 C:\\Bitnami\\wampp\\apache2\\htdocs\\laravelprojects\\tlccchoir\\vendor\\laravel\\framework\\src\\Illuminate\\Container\\BoundMethod.php(29): call_user_func_array(Array, Array)
#16 C:\\Bitnami\\wampp\\apache2\\htdocs\\laravelprojects\\tlccchoir\\vendor\\laravel\\framework\\src\\Illuminate\\Container\\BoundMethod.php(87): Illuminate\\Container\\BoundMethod::Illuminate\\Container\\{closure}()
#17 C:\\Bitnami\\wampp\\apache2\\htdocs\\laravelprojects\\tlccchoir\\vendor\\laravel\\framework\\src\\Illuminate\\Container\\BoundMethod.php(31): Illuminate\\Container\\BoundMethod::callBoundMethod(Object(Illuminate\\Foundation\\Application), Array, Object(Closure))
#18 C:\\Bitnami\\wampp\\apache2\\htdocs\\laravelprojects\\tlccchoir\\vendor\\laravel\\framework\\src\\Illuminate\\Container\\Container.php(572): Illuminate\\Container\\BoundMethod::call(Object(Illuminate\\Foundation\\Application), Array, Array, NULL)
#19 C:\\Bitnami\\wampp\\apache2\\htdocs\\laravelprojects\\tlccchoir\\vendor\\laravel\\framework\\src\\Illuminate\\Foundation\\Application.php(795): Illuminate\\Container\\Container->call(Array)
#20 C:\\Bitnami\\wampp\\apache2\\htdocs\\laravelprojects\\tlccchoir\\vendor\\laravel\\framework\\src\\Illuminate\\Foundation\\Application.php(778): Illuminate\\Foundation\\Application->bootProvider(Object(App\\Providers\\RouteServiceProvider))
#21 [internal function]: Illuminate\\Foundation\\Application->Illuminate\\Foundation\\{closure}(Object(App\\Providers\\RouteServiceProvider), 28)
#22 C:\\Bitnami\\wampp\\apache2\\htdocs\\laravelprojects\\tlccchoir\\vendor\\laravel\\framework\\src\\Illuminate\\Foundation\\Application.php(779): array_walk(Array, Object(Closure))
#23 C:\\Bitnami\\wampp\\apache2\\htdocs\\laravelprojects\\tlccchoir\\vendor\\laravel\\framework\\src\\Illuminate\\Foundation\\Bootstrap\\BootProviders.php(17): Illuminate\\Foundation\\Application->boot()
#24 C:\\Bitnami\\wampp\\apache2\\htdocs\\laravelprojects\\tlccchoir\\vendor\\laravel\\framework\\src\\Illuminate\\Foundation\\Application.php(204): Illuminate\\Foundation\\Bootstrap\\BootProviders->bootstrap(Object(Illuminate\\Foundation\\Application))
#25 C:\\Bitnami\\wampp\\apache2\\htdocs\\laravelprojects\\tlccchoir\\vendor\\laravel\\framework\\src\\Illuminate\\Foundation\\Console\\Kernel.php(297): Illuminate\\Foundation\\Application->bootstrapWith(Array)
#26 C:\\Bitnami\\wampp\\apache2\\htdocs\\laravelprojects\\tlccchoir\\vendor\\laravel\\framework\\src\\Illuminate\\Foundation\\Console\\Kernel.php(120): Illuminate\\Foundation\\Console\\Kernel->bootstrap()
#27 C:\\Bitnami\\wampp\\apache2\\htdocs\\laravelprojects\\tlccchoir\\artisan(37): Illuminate\\Foundation\\Console\\Kernel->handle(Object(Symfony\\Component\\Console\\Input\\ArgvInput), Object(Symfony\\Component\\Console\\Output\\ConsoleOutput))
#28 {main}
"} 
[2019-01-23 18:13:56] local.ERROR: Method Illuminate\Routing\Route::names does not exist. {"exception":"[object] (BadMethodCallException(code: 0): Method Illuminate\\Routing\\Route::names does not exist. at C:\\Bitnami\\wampp\\apache2\\htdocs\\laravelprojects\\tlccchoir\\vendor\\laravel\\framework\\src\\Illuminate\\Support\\Traits\\Macroable.php:100)
[stacktrace]
#0 C:\\Bitnami\\wampp\\apache2\\htdocs\\laravelprojects\\tlccchoir\outes\\web.php(137): Illuminate\\Routing\\Route->__call('names', Array)
#1 C:\\Bitnami\\wampp\\apache2\\htdocs\\laravelprojects\\tlccchoir\\vendor\\laravel\\framework\\src\\Illuminate\\Routing\\Router.php(417): require('C:\\\\Bitnami\\\\wamp...')
#2 C:\\Bitnami\\wampp\\apache2\\htdocs\\laravelprojects\\tlccchoir\\vendor\\laravel\\framework\\src\\Illuminate\\Routing\\Router.php(373): Illuminate\\Routing\\Router->loadRoutes('C:\\\\Bitnami\\\\wamp...')
#3 C:\\Bitnami\\wampp\\apache2\\htdocs\\laravelprojects\\tlccchoir\\vendor\\laravel\\framework\\src\\Illuminate\\Routing\\RouteRegistrar.php(121): Illuminate\\Routing\\Router->group(Array, 'C:\\\\Bitnami\\\\wamp...')
#4 C:\\Bitnami\\wampp\\apache2\\htdocs\\laravelprojects\\tlccchoir\\app\\Providers\\RouteServiceProvider.php(56): Illuminate\\Routing\\RouteRegistrar->group('C:\\\\Bitnami\\\\wamp...')
#5 C:\\Bitnami\\wampp\\apache2\\htdocs\\laravelprojects\\tlccchoir\\app\\Providers\\RouteServiceProvider.php(40): App\\Providers\\RouteServiceProvider->mapWebRoutes()
#6 [internal function]: App\\Providers\\RouteServiceProvider->map()
#7 C:\\Bitnami\\wampp\\apache2\\htdocs\\laravelprojects\\tlccchoir\\vendor\\laravel\\framework\\src\\Illuminate\\Container\\BoundMethod.php(29): call_user_func_array(Array, Array)
#8 C:\\Bitnami\\wampp\\apache2\\htdocs\\laravelprojects\\tlccchoir\\vendor\\laravel\\framework\\src\\Illuminate\\Container\\BoundMethod.php(87): Illuminate\\Container\\BoundMethod::Illuminate\\Container\\{closure}()
#9 C:\\Bitnami\\wampp\\apache2\\htdocs\\laravelprojects\\tlccchoir\\vendor\\laravel\\framework\\src\\Illuminate\\Container\\BoundMethod.php(31): Illuminate\\Container\\BoundMethod::callBoundMethod(Object(Illuminate\\Foundation\\Application), Array, Object(Closure))
#10 C:\\Bitnami\\wampp\\apache2\\htdocs\\laravelprojects\\tlccchoir\\vendor\\laravel\\framework\\src\\Illuminate\\Container\\Container.php(572): Illuminate\\Container\\BoundMethod::call(Object(Illuminate\\Foundation\\Application), Array, Array, NULL)
#11 C:\\Bitnami\\wampp\\apache2\\htdocs\\laravelprojects\\tlccchoir\\vendor\\laravel\\framework\\src\\Illuminate\\Foundation\\Support\\Providers\\RouteServiceProvider.php(77): Illuminate\\Container\\Container->call(Array)
#12 C:\\Bitnami\\wampp\\apache2\\htdocs\\laravelprojects\\tlccchoir\\vendor\\laravel\\framework\\src\\Illuminate\\Foundation\\Support\\Providers\\RouteServiceProvider.php(36): Illuminate\\Foundation\\Support\\Providers\\RouteServiceProvider->loadRoutes()
#13 C:\\Bitnami\\wampp\\apache2\\htdocs\\laravelprojects\\tlccchoir\\app\\Providers\\RouteServiceProvider.php(28): Illuminate\\Foundation\\Support\\Providers\\RouteServiceProvider->boot()
#14 [internal function]: App\\Providers\\RouteServiceProvider->boot()
#15 C:\\Bitnami\\wampp\\apache2\\htdocs\\laravelprojects\\tlccchoir\\vendor\\laravel\\framework\\src\\Illuminate\\Container\\BoundMethod.php(29): call_user_func_array(Array, Array)
#16 C:\\Bitnami\\wampp\\apache2\\htdocs\\laravelprojects\\tlccchoir\\vendor\\laravel\\framework\\src\\Illuminate\\Container\\BoundMethod.php(87): Illuminate\\Container\\BoundMethod::Illuminate\\Container\\{closure}()
#17 C:\\Bitnami\\wampp\\apache2\\htdocs\\laravelprojects\\tlccchoir\\vendor\\laravel\\framework\\src\\Illuminate\\Container\\BoundMethod.php(31): Illuminate\\Container\\BoundMethod::callBoundMethod(Object(Illuminate\\Foundation\\Application), Array, Object(Closure))
#18 C:\\Bitnami\\wampp\\apache2\\htdocs\\laravelprojects\\tlccchoir\\vendor\\laravel\\framework\\src\\Illuminate\\Container\\Container.php(572): Illuminate\\Container\\BoundMethod::call(Object(Illuminate\\Foundation\\Application), Array, Array, NULL)
#19 C:\\Bitnami\\wampp\\apache2\\htdocs\\laravelprojects\\tlccchoir\\vendor\\laravel\\framework\\src\\Illuminate\\Foundation\\Application.php(795): Illuminate\\Container\\Container->call(Array)
#20 C:\\Bitnami\\wampp\\apache2\\htdocs\\laravelprojects\\tlccchoir\\vendor\\laravel\\framework\\src\\Illuminate\\Foundation\\Application.php(778): Illuminate\\Foundation\\Application->bootProvider(Object(App\\Providers\\RouteServiceProvider))
#21 [internal function]: Illuminate\\Foundation\\Application->Illuminate\\Foundation\\{closure}(Object(App\\Providers\\RouteServiceProvider), 28)
#22 C:\\Bitnami\\wampp\\apache2\\htdocs\\laravelprojects\\tlccchoir\\vendor\\laravel\\framework\\src\\Illuminate\\Foundation\\Application.php(779): array_walk(Array, Object(Closure))
#23 C:\\Bitnami\\wampp\\apache2\\htdocs\\laravelprojects\\tlccchoir\\vendor\\laravel\\framework\\src\\Illuminate\\Foundation\\Bootstrap\\BootProviders.php(17): Illuminate\\Foundation\\Application->boot()
#24 C:\\Bitnami\\wampp\\apache2\\htdocs\\laravelprojects\\tlccchoir\\vendor\\laravel\\framework\\src\\Illuminate\\Foundation\\Application.php(204): Illuminate\\Foundation\\Bootstrap\\BootProviders->bootstrap(Object(Illuminate\\Foundation\\Application))
#25 C:\\Bitnami\\wampp\\apache2\\htdocs\\laravelprojects\\tlccchoir\\vendor\\laravel\\framework\\src\\Illuminate\\Foundation\\Console\\Kernel.php(297): Illuminate\\Foundation\\Application->bootstrapWith(Array)
#26 C:\\Bitnami\\wampp\\apache2\\htdocs\\laravelprojects\\tlccchoir\\vendor\\laravel\\framework\\src\\Illuminate\\Foundation\\Console\\Kernel.php(120): Illuminate\\Foundation\\Console\\Kernel->bootstrap()
#27 C:\\Bitnami\\wampp\\apache2\\htdocs\\laravelprojects\\tlccchoir\\artisan(37): Illuminate\\Foundation\\Console\\Kernel->handle(Object(Symfony\\Component\\Console\\Input\\ArgvInput), Object(Symfony\\Component\\Console\\Output\\ConsoleOutput))
#28 {main}
"} 
